[2026-04-23 19:26:16] INFO - Logging initialized for 'CNNTransformer' by 'onyxia' on host 'vscode-pytorch-gpu-146534-0' with ID 'live-zebra'
[2026-04-23 19:26:16] INFO - Config: 
{
  "mode": "test",
  "results_tag": "",
  "debug": false,
  "model_name": "CNNTransformer",
  "model": {
    "lookback": 1440,
    "dropout": 0.5,
    "filter_numbers": [
      1,
      8
    ],
    "filter_size": 2,
    "attention_heads": 2,
    "hidden_units_factor": 1,
    "normalization_conv": true,
    "use_transformer": true,
    "use_convolution": true
  },
  "preprocess_func": "preprocess_cumsum",
  "use_residual_weights": false,
  "cap_proportion": 0.01,
  "factor_models": {
    "IPCA": [],
    "PCA": [],
    "FamaFrench": [],
    "Crypto": [
      5
    ]
  },
  "perturbation": {},
  "num_epochs": 100,
  "optimizer_name": "Adam",
  "optimizer_opts": {
    "lr": 0.001
  },
  "batch_size": 1440,
  "retrain_freq": 1440,
  "rolling_retrain": true,
  "force_retrain": true,
  "length_training": 3000,
  "early_stopping": true,
  "objective": "sharpe",
  "market_frictions": false,
  "trans_cost": 0,
  "hold_cost": 0
}
[2026-04-23 19:26:16] INFO - Testing residuals/crypto_pca_4h/Crypto_PCAresiduals_5_factors_2022_initialOOSYear_1440_rollingWindow_0.01_Cap.npy
[2026-04-23 19:26:16] INFO - Loading residuals
[2026-04-23 19:26:16] INFO - Residuals loaded
[2026-04-23 19:26:16] INFO - STARTING: Crypto5__CNNTransformer__sharpe__0trans_cost__0hold_cost__1440lookback__3000length_training__live-zebra
[2026-04-23 19:26:16] INFO - Running on devices ['cpu']
[2026-04-23 19:26:16] INFO - test(): assets_to_trade.shape (94,)
[2026-04-23 19:26:16] INFO - AT SUBPERIOD 0/25
[2026-04-23 19:26:16] ERROR - Uncaught exception
Traceback (most recent call last):
  File "/home/onyxia/work/ML-in-finance-Deep-Learning-Statistical-Arbitrage/run_train_test.py", line 234, in run
    rets,sharpe,ret,std,turnover,short_proportion = test(residuals,
                                                    ~~~~^^^^^^^^^^^
                                                         daily_dates,
                                                         ^^^^^^^^^^^^
    ...<22 lines>...
                                                         objective = config['objective'],
                                                         ^^^^^^^^^^^^^^^^^^^^^^^^^^^^^^^^
                                                         )
                                                         ^
  File "/home/onyxia/work/ML-in-finance-Deep-Learning-Statistical-Arbitrage/train_test.py", line 463, in test
    model_t = model(logdir=output_path, **config['model'])
  File "/home/onyxia/work/ML-in-finance-Deep-Learning-Statistical-Arbitrage/models/CNNTransformer.py", line 54, in __init__
    raise Exception(f"`hidden_units` conflicts with `hidden_units_factor`; provide one or the other, but not both.")
Exception: `hidden_units` conflicts with `hidden_units_factor`; provide one or the other, but not both.
