[2026-04-24 15:43:06] INFO - Logging initialized for 'CNNTransformer' by 'taniaadmane' on host 'Air-de-Tania' with ID 'live-midge'
[2026-04-24 15:43:06] INFO - Config: 
{
  "mode": "test",
  "results_tag": "",
  "debug": false,
  "model_name": "CNNTransformer",
  "model": {
    "lookback": 48,
    "dropout": 0.5,
    "filter_numbers": [
      4,
      16
    ],
    "filter_size": 3,
    "attention_heads": 8,
    "hidden_units_factor": 2,
    "normalization_conv": true,
    "use_transformer": true,
    "use_convolution": true
  },
  "preprocess_func": "preprocess_cumsum",
  "use_residual_weights": false,
  "cap_proportion": 0.01,
  "factor_models": {
    "IPCA": [],
    "PCA": [],
    "FamaFrench": [],
    "Crypto": [
      5
    ]
  },
  "perturbation": {},
  "num_epochs": 150,
  "optimizer_name": "Adam",
  "optimizer_opts": {
    "lr": 0.001
  },
  "batch_size": 256,
  "retrain_freq": 256,
  "rolling_retrain": true,
  "force_retrain": true,
  "length_training": 2000,
  "early_stopping": true,
  "objective": "sharpe",
  "market_frictions": false,
  "trans_cost": 0,
  "hold_cost": 0
}
[2026-04-24 15:43:06] INFO - Testing residuals/crypto_pca_4h/Crypto_PCAresiduals_5_factors_2022_initialOOSYear_360_rollingWindow_0.01_Cap.npy
[2026-04-24 15:43:06] INFO - Loading residuals
[2026-04-24 15:43:06] INFO - Residuals loaded
[2026-04-24 15:43:06] INFO - STARTING: Crypto5__CNNTransformer__sharpe__0trans_cost__0hold_cost__48lookback__2000length_training__live-midge
[2026-04-24 15:43:06] INFO - Running on devices ['mps']
[2026-04-24 15:43:06] INFO - test(): assets_to_trade.shape (94,)
[2026-04-24 15:43:06] INFO - AT SUBPERIOD 0/30
[2026-04-24 15:43:06] INFO - train(): data_train.shape (2000, 70)
[2026-04-24 15:43:06] INFO - train(): assets_to_trade.shape (70,)
[2026-04-24 15:43:06] INFO - train(): T 2000 N 58
[2026-04-24 15:43:06] INFO - train(): windows.shape (1952, 58, 48) idxs_selected.shape torch.Size([1952, 58])
[2026-04-24 15:43:07] INFO - epoch 0 batch 0 weights.shape torch.Size([256, 58])
[2026-04-24 15:43:07] ERROR - Uncaught exception
Traceback (most recent call last):
  File "/Users/taniaadmane/Desktop/S2 ENSAE/Ml for finance/ML-in-finance-Deep-Learning-Statistical-Arbitrage/run_train_test.py", line 234, in run
    rets,sharpe,ret,std,turnover,short_proportion = test(residuals,
  File "/Users/taniaadmane/Desktop/S2 ENSAE/Ml for finance/ML-in-finance-Deep-Learning-Statistical-Arbitrage/train_test.py", line 485, in test
    rets_t,turns_t,shorts_t,weights_t,a2t = train(model_t,
  File "/Users/taniaadmane/Desktop/S2 ENSAE/Ml for finance/ML-in-finance-Deep-Learning-Statistical-Arbitrage/train_test.py", line 100, in train
    weights[idxs_batch_i] = model(torch.tensor(input_data_batch_i, device=device))
  File "/Users/taniaadmane/miniconda3/envs/ml/lib/python3.10/site-packages/torch/nn/modules/module.py", line 1779, in _wrapped_call_impl
    return self._call_impl(*args, **kwargs)
  File "/Users/taniaadmane/miniconda3/envs/ml/lib/python3.10/site-packages/torch/nn/modules/module.py", line 1790, in _call_impl
    return forward_call(*args, **kwargs)
  File "/Users/taniaadmane/Desktop/S2 ENSAE/Ml for finance/ML-in-finance-Deep-Learning-Statistical-Arbitrage/models/CNNTransformer.py", line 79, in forward
    x = self.convBlocks[i](x) #(N,C,T), C is the number of channels/features
  File "/Users/taniaadmane/miniconda3/envs/ml/lib/python3.10/site-packages/torch/nn/modules/module.py", line 1779, in _wrapped_call_impl
    return self._call_impl(*args, **kwargs)
  File "/Users/taniaadmane/miniconda3/envs/ml/lib/python3.10/site-packages/torch/nn/modules/module.py", line 1790, in _call_impl
    return forward_call(*args, **kwargs)
  File "/Users/taniaadmane/Desktop/S2 ENSAE/Ml for finance/ML-in-finance-Deep-Learning-Statistical-Arbitrage/models/CNNTransformer.py", line 26, in forward
    out = self.conv1(out)
  File "/Users/taniaadmane/miniconda3/envs/ml/lib/python3.10/site-packages/torch/nn/modules/module.py", line 1779, in _wrapped_call_impl
    return self._call_impl(*args, **kwargs)
  File "/Users/taniaadmane/miniconda3/envs/ml/lib/python3.10/site-packages/torch/nn/modules/module.py", line 1790, in _call_impl
    return forward_call(*args, **kwargs)
  File "/Users/taniaadmane/miniconda3/envs/ml/lib/python3.10/site-packages/torch/nn/modules/conv.py", line 375, in forward
    return self._conv_forward(input, self.weight, self.bias)
  File "/Users/taniaadmane/miniconda3/envs/ml/lib/python3.10/site-packages/torch/nn/modules/conv.py", line 370, in _conv_forward
    return F.conv1d(
RuntimeError: Given groups=1, weight of size [16, 4, 3], expected input[10227, 1, 50] to have 4 channels, but got 1 channels instead
