[2026-04-24 15:44:57] INFO - Logging initialized for 'CNNTransformer' by 'taniaadmane' on host 'Air-de-Tania' with ID 'sure-skunk'
[2026-04-24 15:44:57] INFO - Config: 
{
  "mode": "test",
  "results_tag": "",
  "debug": false,
  "model_name": "CNNTransformer",
  "model": {
    "lookback": 48,
    "dropout": 0.5,
    "filter_numbers": [
      1,
      8
    ],
    "filter_size": 3,
    "attention_heads": 8,
    "hidden_units_factor": 2,
    "normalization_conv": true,
    "use_transformer": true,
    "use_convolution": true
  },
  "preprocess_func": "preprocess_cumsum",
  "use_residual_weights": false,
  "cap_proportion": 0.01,
  "factor_models": {
    "IPCA": [],
    "PCA": [],
    "FamaFrench": [],
    "Crypto": [
      5
    ]
  },
  "perturbation": {},
  "num_epochs": 150,
  "optimizer_name": "Adam",
  "optimizer_opts": {
    "lr": 0.001
  },
  "batch_size": 256,
  "retrain_freq": 256,
  "rolling_retrain": true,
  "force_retrain": true,
  "length_training": 2000,
  "early_stopping": true,
  "objective": "sharpe",
  "market_frictions": false,
  "trans_cost": 0,
  "hold_cost": 0
}
[2026-04-24 15:44:57] INFO - Testing residuals/crypto_pca_4h/Crypto_PCAresiduals_5_factors_2022_initialOOSYear_360_rollingWindow_0.01_Cap.npy
[2026-04-24 15:44:57] INFO - Loading residuals
[2026-04-24 15:44:57] INFO - Residuals loaded
[2026-04-24 15:44:57] INFO - STARTING: Crypto5__CNNTransformer__sharpe__0trans_cost__0hold_cost__48lookback__2000length_training__sure-skunk
[2026-04-24 15:44:57] INFO - Running on devices ['mps']
[2026-04-24 15:44:57] INFO - test(): assets_to_trade.shape (94,)
[2026-04-24 15:44:57] INFO - AT SUBPERIOD 0/30
[2026-04-24 15:44:57] INFO - train(): data_train.shape (2000, 70)
[2026-04-24 15:44:57] INFO - train(): assets_to_trade.shape (70,)
[2026-04-24 15:44:57] INFO - train(): T 2000 N 58
[2026-04-24 15:44:57] INFO - train(): windows.shape (1952, 58, 48) idxs_selected.shape torch.Size([1952, 58])
[2026-04-24 15:44:57] INFO - epoch 0 batch 0 weights.shape torch.Size([256, 58])
[2026-04-24 15:45:17] INFO - Epoch: 0/150, train Sharpe: 0.35, ret: 0.0873, std: 0.2488, turnover: 0.668, short proportion: 0.674 
        time per epoch: 19.17s, dev loss 0.12, dev Sharpe: 1.93, ret: 0.2648, std: 0.1369, turnover: 0.238, short proportion: 0.640

