[2026-04-23 19:23:12] INFO - Logging initialized for 'CNNTransformer' by 'onyxia' on host 'vscode-pytorch-gpu-146534-0' with ID 'nice-insect'
[2026-04-23 19:23:12] INFO - Config: 
{
  "mode": "test",
  "results_tag": "",
  "debug": false,
  "model_name": "CNNTransformer",
  "model": {
    "lookback": 1440,
    "dropout": 0.5,
    "filter_numbers": [
      1,
      8
    ],
    "filter_size": 2,
    "attention_heads": 2,
    "hidden_units_factor": 1,
    "normalization_conv": true,
    "use_transformer": true,
    "use_convolution": true
  },
  "preprocess_func": "preprocess_cumsum",
  "use_residual_weights": false,
  "cap_proportion": 0.01,
  "factor_models": {
    "IPCA": [],
    "PCA": [],
    "FamaFrench": [],
    "Crypto": [
      5
    ]
  },
  "perturbation": {},
  "num_epochs": 100,
  "optimizer_name": "Adam",
  "optimizer_opts": {
    "lr": 0.001
  },
  "batch_size": 1440,
  "retrain_freq": 1440,
  "rolling_retrain": true,
  "force_retrain": true,
  "length_training": 3000,
  "early_stopping": true,
  "objective": "sharpe",
  "market_frictions": false,
  "trans_cost": 0,
  "hold_cost": 0
}
[2026-04-23 19:23:12] INFO - Testing residuals/crypto_pca_4h/Crypto_PCAresiduals_5_factors_2022_initialOOSYear_1440_rollingWindow_0.01_Cap.npy
[2026-04-23 19:23:12] INFO - Loading residuals
[2026-04-23 19:23:12] ERROR - Uncaught exception
Traceback (most recent call last):
  File "/home/onyxia/work/ML-in-finance-Deep-Learning-Statistical-Arbitrage/run_train_test.py", line 158, in run
    residuals = np.load(filepath).astype(np.float32)
                ~~~~~~~^^^^^^^^^^
  File "/opt/python/lib/python3.13/site-packages/numpy/lib/_npyio_impl.py", line 454, in load
    fid = stack.enter_context(open(os.fspath(file), "rb"))
                              ~~~~^^^^^^^^^^^^^^^^^^^^^^^
FileNotFoundError: [Errno 2] No such file or directory: 'residuals/crypto_pca_4h/Crypto_PCAresiduals_5_factors_2022_initialOOSYear_1440_rollingWindow_0.01_Cap.npy'
