[2026-04-23 22:02:50] INFO - Logging initialized for 'CNNTransformer' by 'taniaadmane' on host 'Air-de-Tania' with ID 'tops-tick'
[2026-04-23 22:02:50] INFO - Config: 
{
  "mode": "test",
  "results_tag": "",
  "debug": false,
  "model_name": "CNNTransformer",
  "model": {
    "lookback": 84,
    "dropout": 0.4,
    "filter_numbers": [
      1,
      8
    ],
    "filter_size": 2,
    "attention_heads": 4,
    "hidden_units_factor": 2,
    "normalization_conv": true,
    "use_transformer": true,
    "use_convolution": true
  },
  "preprocess_func": "preprocess_cumsum",
  "use_residual_weights": false,
  "cap_proportion": 0.01,
  "factor_models": {
    "IPCA": [],
    "PCA": [],
    "FamaFrench": [],
    "Crypto": [
      5
    ]
  },
  "perturbation": {},
  "num_epochs": 100,
  "optimizer_name": "Adam",
  "optimizer_opts": {
    "lr": 0.001
  },
  "batch_size": 360,
  "retrain_freq": 360,
  "rolling_retrain": true,
  "force_retrain": true,
  "length_training": 3000,
  "early_stopping": true,
  "objective": "sharpe",
  "market_frictions": false,
  "trans_cost": 0,
  "hold_cost": 0
}
[2026-04-23 22:02:50] INFO - Testing residuals/crypto_pca_4h/Crypto_PCAresiduals_5_factors_2022_initialOOSYear_360_rollingWindow_0.01_Cap.npy
[2026-04-23 22:02:50] INFO - Loading residuals
[2026-04-23 22:02:50] ERROR - Uncaught exception
Traceback (most recent call last):
  File "/Users/taniaadmane/Desktop/S2 ENSAE/Ml for finance/ML-in-finance-Deep-Learning-Statistical-Arbitrage/run_train_test.py", line 158, in run
    residuals = np.load(filepath).astype(np.float32)
  File "/Users/taniaadmane/miniconda3/envs/ml/lib/python3.10/site-packages/numpy/lib/_npyio_impl.py", line 451, in load
    fid = stack.enter_context(open(os.fspath(file), "rb"))
FileNotFoundError: [Errno 2] No such file or directory: 'residuals/crypto_pca_4h/Crypto_PCAresiduals_5_factors_2022_initialOOSYear_360_rollingWindow_0.01_Cap.npy'
