[2026-04-23 16:05:59] INFO - Logging initialized for 'CNNTransformer' by 'onyxia' on host 'vscode-pytorch-gpu-146534-0' with ID 'eager-sole'
[2026-04-23 16:05:59] INFO - Config: 
{
  "mode": "test",
  "results_tag": "",
  "debug": false,
  "model_name": "CNNTransformer",
  "model": {
    "lookback": 84,
    "dropout": 0.4,
    "filter_numbers": [
      1,
      8
    ],
    "filter_size": 2,
    "attention_heads": 4,
    "hidden_units_factor": 2,
    "normalization_conv": true,
    "use_transformer": true,
    "use_convolution": true
  },
  "preprocess_func": "preprocess_cumsum",
  "use_residual_weights": false,
  "cap_proportion": 0.01,
  "factor_models": {
    "IPCA": [],
    "PCA": [],
    "FamaFrench": [],
    "Crypto": [
      5
    ]
  },
  "perturbation": {},
  "num_epochs": 100,
  "optimizer_name": "Adam",
  "optimizer_opts": {
    "lr": 0.001
  },
  "batch_size": 360,
  "retrain_freq": 360,
  "rolling_retrain": true,
  "force_retrain": true,
  "length_training": 3000,
  "early_stopping": true,
  "objective": "sharpe",
  "market_frictions": false,
  "trans_cost": 0,
  "hold_cost": 0
}
[2026-04-23 16:05:59] INFO - Testing residuals/crypto_pca_4h/Crypto_PCAresiduals_5_factors_2022_initialOOSYear_360_rollingWindow_0.01_Cap.npy
[2026-04-23 16:05:59] INFO - Loading residuals
[2026-04-23 16:05:59] INFO - Residuals loaded
[2026-04-23 16:05:59] ERROR - Uncaught exception
Traceback (most recent call last):
  File "/home/onyxia/work/ML-in-finance-Deep-Learning-Statistical-Arbitrage/run_train_test.py", line 180, in run
    model = import_string(f"models.{config['model_name']}.{config['model_name']}")
  File "/home/onyxia/work/ML-in-finance-Deep-Learning-Statistical-Arbitrage/utils.py", line 182, in import_string
    module = import_module(module_path)
  File "/opt/python/lib/python3.13/importlib/__init__.py", line 88, in import_module
    return _bootstrap._gcd_import(name[level:], package, level)
           ~~~~~~~~~~~~~~~~~~~~~~^^^^^^^^^^^^^^^^^^^^^^^^^^^^^^
  File "<frozen importlib._bootstrap>", line 1387, in _gcd_import
  File "<frozen importlib._bootstrap>", line 1360, in _find_and_load
  File "<frozen importlib._bootstrap>", line 1324, in _find_and_load_unlocked
ModuleNotFoundError: No module named 'models.CNNTransformer'
