[2026-04-24 13:29:47] INFO - Logging initialized for 'OUFFN' by 'taniaadmane' on host 'Air-de-Tania' with ID 'prompt-cow'
[2026-04-24 13:29:47] INFO - Config: 
{
  "mode": "test",
  "results_tag": "",
  "debug": false,
  "model_name": "OUFFN",
  "model": {
    "lookback": 80,
    "dropout": 0.3,
    "hidden_units": [
      4,
      6,
      6,
      4
    ]
  },
  "preprocess_func": "preprocess_ou",
  "use_residual_weights": false,
  "cap_proportion": 0.01,
  "factor_models": {
    "IPCA": [],
    "PCA": [],
    "FamaFrench": [],
    "Crypto": [
      3
    ]
  },
  "num_epochs": 100,
  "optimizer_name": "Adam",
  "optimizer_opts": {
    "lr": 5e-05
  },
  "batch_size": 512,
  "retrain_freq": 512,
  "rolling_retrain": true,
  "force_retrain": true,
  "length_training": 2500,
  "early_stopping": true,
  "objective": "sharpe",
  "market_frictions": false,
  "trans_cost": 0,
  "hold_cost": 0
}
[2026-04-24 13:29:47] INFO - Testing residuals/crypto_pca_4h/Crypto_PCAresiduals_3_factors_2022_initialOOSYear_360_rollingWindow_0.01_Cap.npy
[2026-04-24 13:29:47] INFO - Loading residuals
[2026-04-24 13:29:47] INFO - Residuals loaded
[2026-04-24 13:29:47] INFO - STARTING: Crypto3__OUFFN__sharpe__0trans_cost__0hold_cost__80lookback__2500length_training__prompt-cow
[2026-04-24 13:29:47] INFO - Running on devices ['mps']
[2026-04-24 13:29:47] INFO - test(): assets_to_trade.shape (94,)
[2026-04-24 13:29:47] INFO - AT SUBPERIOD 0/14
[2026-04-24 13:29:47] INFO - train(): data_train.shape (2500, 70)
[2026-04-24 13:29:47] INFO - train(): assets_to_trade.shape (70,)
[2026-04-24 13:29:47] INFO - train(): T 2500 N 58
[2026-04-24 13:29:47] INFO - Start OU preprocess
[2026-04-24 13:29:47] INFO - Finish OU preprocess
[2026-04-24 13:29:47] INFO - train(): windows.shape (2420, 58, 4) idxs_selected.shape torch.Size([2420, 58])
[2026-04-24 13:29:47] INFO - epoch 0 batch 0 weights.shape torch.Size([512, 58])
[2026-04-24 13:29:49] INFO - Start OU preprocess
[2026-04-24 13:29:49] INFO - Finish OU preprocess
[2026-04-24 13:29:49] INFO - Epoch: 0/100, train Sharpe: 0.48, ret: 0.0964, std: 0.2005, turnover: 1.322, short proportion: 0.820 
        time per epoch: 1.74s, dev loss 0.04, dev Sharpe: 0.64, ret: 0.1473, std: 0.2303, turnover: 0.045, short proportion: 1.000

[2026-04-24 13:29:50] INFO - Start OU preprocess
[2026-04-24 13:29:50] INFO - Finish OU preprocess
[2026-04-24 13:29:50] INFO - Epoch: 10/100, train Sharpe: 0.29, ret: 0.0575, std: 0.2005, turnover: 1.315, short proportion: 0.819 
        time per epoch: 0.26s, dev loss 0.04, dev Sharpe: 0.64, ret: 0.1473, std: 0.2303, turnover: 0.045, short proportion: 1.000

[2026-04-24 13:29:51] INFO - Start OU preprocess
[2026-04-24 13:29:51] INFO - Finish OU preprocess
[2026-04-24 13:29:51] INFO - Epoch: 20/100, train Sharpe: 0.52, ret: 0.1055, std: 0.2015, turnover: 1.315, short proportion: 0.823 
        time per epoch: 0.20s, dev loss 0.04, dev Sharpe: 0.64, ret: 0.1473, std: 0.2303, turnover: 0.045, short proportion: 1.000

[2026-04-24 13:29:51] INFO - Reducing learning rate
[2026-04-24 13:29:52] INFO - Start OU preprocess
[2026-04-24 13:29:52] INFO - Finish OU preprocess
[2026-04-24 13:29:53] INFO - Epoch: 30/100, train Sharpe: 0.37, ret: 0.0739, std: 0.1973, turnover: 1.313, short proportion: 0.822 
        time per epoch: 0.17s, dev loss 0.04, dev Sharpe: 0.64, ret: 0.1473, std: 0.2303, turnover: 0.045, short proportion: 1.000

[2026-04-24 13:29:53] INFO - Reducing learning rate
[2026-04-24 13:29:54] INFO - Start OU preprocess
[2026-04-24 13:29:54] INFO - Finish OU preprocess
[2026-04-24 13:29:54] INFO - Epoch: 40/100, train Sharpe: 0.54, ret: 0.1063, std: 0.1952, turnover: 1.323, short proportion: 0.818 
        time per epoch: 0.16s, dev loss 0.04, dev Sharpe: 0.64, ret: 0.1473, std: 0.2303, turnover: 0.045, short proportion: 1.000

[2026-04-24 13:29:54] INFO - Reducing learning rate
[2026-04-24 13:29:55] INFO - Start OU preprocess
[2026-04-24 13:29:55] INFO - Finish OU preprocess
[2026-04-24 13:29:55] INFO - Epoch: 50/100, train Sharpe: 0.64, ret: 0.1271, std: 0.1979, turnover: 1.319, short proportion: 0.819 
        time per epoch: 0.16s, dev loss 0.04, dev Sharpe: 0.64, ret: 0.1473, std: 0.2303, turnover: 0.045, short proportion: 1.000

[2026-04-24 13:29:55] INFO - Reducing learning rate
[2026-04-24 13:29:56] INFO - Start OU preprocess
[2026-04-24 13:29:56] INFO - Finish OU preprocess
[2026-04-24 13:29:57] INFO - Epoch: 60/100, train Sharpe: 0.47, ret: 0.0926, std: 0.1950, turnover: 1.315, short proportion: 0.819 
        time per epoch: 0.15s, dev loss 0.04, dev Sharpe: 0.64, ret: 0.1473, std: 0.2303, turnover: 0.045, short proportion: 1.000

[2026-04-24 13:29:58] INFO - Start OU preprocess
[2026-04-24 13:29:58] INFO - Finish OU preprocess
[2026-04-24 13:29:58] INFO - Epoch: 70/100, train Sharpe: 0.48, ret: 0.0952, std: 0.1973, turnover: 1.323, short proportion: 0.821 
        time per epoch: 0.15s, dev loss 0.04, dev Sharpe: 0.64, ret: 0.1473, std: 0.2303, turnover: 0.045, short proportion: 1.000

[2026-04-24 13:29:59] INFO - Start OU preprocess
[2026-04-24 13:29:59] INFO - Finish OU preprocess
[2026-04-24 13:29:59] INFO - Epoch: 80/100, train Sharpe: 0.42, ret: 0.0842, std: 0.2016, turnover: 1.317, short proportion: 0.819 
        time per epoch: 0.15s, dev loss 0.04, dev Sharpe: 0.64, ret: 0.1473, std: 0.2303, turnover: 0.045, short proportion: 1.000

[2026-04-24 13:30:01] INFO - Start OU preprocess
[2026-04-24 13:30:01] INFO - Finish OU preprocess
[2026-04-24 13:30:01] INFO - Epoch: 90/100, train Sharpe: 0.47, ret: 0.0928, std: 0.1968, turnover: 1.320, short proportion: 0.820 
        time per epoch: 0.15s, dev loss 0.04, dev Sharpe: 0.64, ret: 0.1473, std: 0.2303, turnover: 0.045, short proportion: 1.000

[2026-04-24 13:30:02] INFO - Training done - Model: Crypto3__OUFFN__sharpe__0trans_cost__0hold_cost__80lookback__2500length_training__prompt-cow__subperiod0, seed: 0
[2026-04-24 13:30:02] INFO - AT SUBPERIOD 1/14
[2026-04-24 13:30:02] INFO - train(): data_train.shape (2500, 70)
[2026-04-24 13:30:02] INFO - train(): assets_to_trade.shape (70,)
[2026-04-24 13:30:02] INFO - train(): T 2500 N 57
[2026-04-24 13:30:02] INFO - Start OU preprocess
[2026-04-24 13:30:02] INFO - Finish OU preprocess
[2026-04-24 13:30:02] INFO - train(): windows.shape (2420, 57, 4) idxs_selected.shape torch.Size([2420, 57])
[2026-04-24 13:30:02] INFO - epoch 0 batch 0 weights.shape torch.Size([512, 57])
[2026-04-24 13:30:02] INFO - Start OU preprocess
[2026-04-24 13:30:02] INFO - Finish OU preprocess
[2026-04-24 13:30:03] INFO - Epoch: 0/100, train Sharpe: 0.54, ret: 0.0978, std: 0.1827, turnover: 1.321, short proportion: 0.820 
        time per epoch: 0.51s, dev loss 0.02, dev Sharpe: 0.37, ret: 0.0694, std: 0.1888, turnover: 0.038, short proportion: 1.000

[2026-04-24 13:30:04] INFO - Start OU preprocess
[2026-04-24 13:30:04] INFO - Finish OU preprocess
[2026-04-24 13:30:04] INFO - Epoch: 10/100, train Sharpe: 0.51, ret: 0.0983, std: 0.1931, turnover: 1.309, short proportion: 0.829 
        time per epoch: 0.16s, dev loss 0.02, dev Sharpe: 0.37, ret: 0.0694, std: 0.1888, turnover: 0.038, short proportion: 1.000

[2026-04-24 13:30:05] INFO - Start OU preprocess
[2026-04-24 13:30:05] INFO - Finish OU preprocess
[2026-04-24 13:30:05] INFO - Epoch: 20/100, train Sharpe: 0.32, ret: 0.0620, std: 0.1913, turnover: 1.315, short proportion: 0.830 
        time per epoch: 0.15s, dev loss 0.02, dev Sharpe: 0.37, ret: 0.0694, std: 0.1888, turnover: 0.038, short proportion: 1.000

[2026-04-24 13:30:06] INFO - Start OU preprocess
[2026-04-24 13:30:06] INFO - Finish OU preprocess
[2026-04-24 13:30:06] INFO - Epoch: 30/100, train Sharpe: 0.51, ret: 0.0982, std: 0.1938, turnover: 1.303, short proportion: 0.837 
        time per epoch: 0.14s, dev loss 0.02, dev Sharpe: 0.37, ret: 0.0694, std: 0.1888, turnover: 0.038, short proportion: 1.000

[2026-04-24 13:30:07] INFO - Start OU preprocess
[2026-04-24 13:30:07] INFO - Finish OU preprocess
[2026-04-24 13:30:08] INFO - Epoch: 40/100, train Sharpe: 0.35, ret: 0.0669, std: 0.1927, turnover: 1.306, short proportion: 0.836 
        time per epoch: 0.14s, dev loss 0.02, dev Sharpe: 0.37, ret: 0.0694, std: 0.1888, turnover: 0.038, short proportion: 1.000

[2026-04-24 13:30:08] INFO - Reducing learning rate
[2026-04-24 13:30:09] INFO - Start OU preprocess
[2026-04-24 13:30:09] INFO - Finish OU preprocess
[2026-04-24 13:30:09] INFO - Epoch: 50/100, train Sharpe: 0.39, ret: 0.0758, std: 0.1960, turnover: 1.305, short proportion: 0.841 
        time per epoch: 0.14s, dev loss 0.02, dev Sharpe: 0.37, ret: 0.0694, std: 0.1888, turnover: 0.038, short proportion: 1.000

[2026-04-24 13:30:10] INFO - Start OU preprocess
[2026-04-24 13:30:10] INFO - Finish OU preprocess
[2026-04-24 13:30:11] INFO - Epoch: 60/100, train Sharpe: 0.49, ret: 0.0949, std: 0.1948, turnover: 1.304, short proportion: 0.846 
        time per epoch: 0.14s, dev loss 0.02, dev Sharpe: 0.37, ret: 0.0694, std: 0.1888, turnover: 0.038, short proportion: 1.000

[2026-04-24 13:30:12] INFO - Start OU preprocess
[2026-04-24 13:30:12] INFO - Finish OU preprocess
[2026-04-24 13:30:12] INFO - Epoch: 70/100, train Sharpe: 0.56, ret: 0.1097, std: 0.1970, turnover: 1.305, short proportion: 0.848 
        time per epoch: 0.14s, dev loss 0.02, dev Sharpe: 0.37, ret: 0.0694, std: 0.1888, turnover: 0.038, short proportion: 1.000

[2026-04-24 13:30:12] INFO - Reducing learning rate
[2026-04-24 13:30:13] INFO - Start OU preprocess
[2026-04-24 13:30:13] INFO - Finish OU preprocess
[2026-04-24 13:30:14] INFO - Epoch: 80/100, train Sharpe: 0.45, ret: 0.0862, std: 0.1926, turnover: 1.299, short proportion: 0.848 
        time per epoch: 0.14s, dev loss 0.02, dev Sharpe: 0.37, ret: 0.0694, std: 0.1888, turnover: 0.038, short proportion: 1.000

[2026-04-24 13:30:14] INFO - Start OU preprocess
[2026-04-24 13:30:14] INFO - Finish OU preprocess
[2026-04-24 13:30:15] INFO - Epoch: 90/100, train Sharpe: 0.70, ret: 0.1359, std: 0.1944, turnover: 1.296, short proportion: 0.850 
        time per epoch: 0.14s, dev loss 0.02, dev Sharpe: 0.37, ret: 0.0694, std: 0.1888, turnover: 0.038, short proportion: 1.000

[2026-04-24 13:30:16] INFO - Training done - Model: Crypto3__OUFFN__sharpe__0trans_cost__0hold_cost__80lookback__2500length_training__prompt-cow__subperiod1, seed: 0
[2026-04-24 13:30:16] INFO - AT SUBPERIOD 2/14
[2026-04-24 13:30:16] INFO - train(): data_train.shape (2500, 70)
[2026-04-24 13:30:16] INFO - train(): assets_to_trade.shape (70,)
[2026-04-24 13:30:16] INFO - train(): T 2500 N 56
[2026-04-24 13:30:16] INFO - Start OU preprocess
[2026-04-24 13:30:16] INFO - Finish OU preprocess
[2026-04-24 13:30:16] INFO - train(): windows.shape (2420, 56, 4) idxs_selected.shape torch.Size([2420, 56])
[2026-04-24 13:30:16] INFO - epoch 0 batch 0 weights.shape torch.Size([512, 56])
[2026-04-24 13:30:16] INFO - Start OU preprocess
[2026-04-24 13:30:16] INFO - Finish OU preprocess
[2026-04-24 13:30:16] INFO - Epoch: 0/100, train Sharpe: 0.03, ret: 0.0043, std: 0.1528, turnover: 1.311, short proportion: 0.820 
        time per epoch: 0.62s, dev loss -0.01, dev Sharpe: -0.15, ret: -0.0233, std: 0.1535, turnover: 0.066, short proportion: 1.000

[2026-04-24 13:30:17] INFO - Start OU preprocess
[2026-04-24 13:30:17] INFO - Finish OU preprocess
[2026-04-24 13:30:18] INFO - Epoch: 10/100, train Sharpe: 0.05, ret: 0.0072, std: 0.1523, turnover: 1.318, short proportion: 0.823 
        time per epoch: 0.17s, dev loss -0.01, dev Sharpe: -0.15, ret: -0.0233, std: 0.1535, turnover: 0.066, short proportion: 1.000

[2026-04-24 13:30:18] INFO - Reducing learning rate
[2026-04-24 13:30:19] INFO - Start OU preprocess
[2026-04-24 13:30:19] INFO - Finish OU preprocess
[2026-04-24 13:30:19] INFO - Epoch: 20/100, train Sharpe: 0.07, ret: 0.0112, std: 0.1502, turnover: 1.314, short proportion: 0.817 
        time per epoch: 0.15s, dev loss -0.01, dev Sharpe: -0.15, ret: -0.0233, std: 0.1535, turnover: 0.066, short proportion: 1.000

[2026-04-24 13:30:20] INFO - Start OU preprocess
[2026-04-24 13:30:20] INFO - Finish OU preprocess
[2026-04-24 13:30:20] INFO - Epoch: 30/100, train Sharpe: 0.19, ret: 0.0281, std: 0.1493, turnover: 1.316, short proportion: 0.815 
        time per epoch: 0.14s, dev loss -0.01, dev Sharpe: -0.15, ret: -0.0233, std: 0.1535, turnover: 0.066, short proportion: 1.000

[2026-04-24 13:30:22] INFO - Start OU preprocess
[2026-04-24 13:30:22] INFO - Finish OU preprocess
[2026-04-24 13:30:22] INFO - Epoch: 40/100, train Sharpe: -0.07, ret: -0.0101, std: 0.1494, turnover: 1.322, short proportion: 0.813 
        time per epoch: 0.15s, dev loss -0.01, dev Sharpe: -0.15, ret: -0.0233, std: 0.1535, turnover: 0.066, short proportion: 1.000

[2026-04-24 13:30:23] INFO - Start OU preprocess
[2026-04-24 13:30:23] INFO - Finish OU preprocess
[2026-04-24 13:30:23] INFO - Epoch: 50/100, train Sharpe: -0.05, ret: -0.0071, std: 0.1465, turnover: 1.322, short proportion: 0.813 
        time per epoch: 0.14s, dev loss -0.01, dev Sharpe: -0.15, ret: -0.0233, std: 0.1535, turnover: 0.066, short proportion: 1.000

[2026-04-24 13:30:24] INFO - Start OU preprocess
[2026-04-24 13:30:24] INFO - Finish OU preprocess
[2026-04-24 13:30:24] INFO - Epoch: 60/100, train Sharpe: 0.15, ret: 0.0224, std: 0.1521, turnover: 1.315, short proportion: 0.816 
        time per epoch: 0.14s, dev loss -0.01, dev Sharpe: -0.15, ret: -0.0233, std: 0.1535, turnover: 0.066, short proportion: 1.000

[2026-04-24 13:30:24] INFO - Reducing learning rate
[2026-04-24 13:30:25] INFO - Start OU preprocess
[2026-04-24 13:30:25] INFO - Finish OU preprocess
[2026-04-24 13:30:26] INFO - Epoch: 70/100, train Sharpe: 0.19, ret: 0.0288, std: 0.1525, turnover: 1.322, short proportion: 0.813 
        time per epoch: 0.14s, dev loss -0.01, dev Sharpe: -0.15, ret: -0.0233, std: 0.1535, turnover: 0.066, short proportion: 1.000

[2026-04-24 13:30:27] INFO - Start OU preprocess
[2026-04-24 13:30:27] INFO - Finish OU preprocess
[2026-04-24 13:30:27] INFO - Epoch: 80/100, train Sharpe: -0.01, ret: -0.0013, std: 0.1494, turnover: 1.315, short proportion: 0.812 
        time per epoch: 0.14s, dev loss -0.01, dev Sharpe: -0.15, ret: -0.0233, std: 0.1535, turnover: 0.066, short proportion: 1.000

[2026-04-24 13:30:27] INFO - Reducing learning rate
[2026-04-24 13:30:28] INFO - Start OU preprocess
[2026-04-24 13:30:28] INFO - Finish OU preprocess
[2026-04-24 13:30:28] INFO - Epoch: 90/100, train Sharpe: 0.25, ret: 0.0373, std: 0.1496, turnover: 1.321, short proportion: 0.813 
        time per epoch: 0.13s, dev loss -0.01, dev Sharpe: -0.15, ret: -0.0233, std: 0.1535, turnover: 0.066, short proportion: 1.000

[2026-04-24 13:30:29] INFO - Training done - Model: Crypto3__OUFFN__sharpe__0trans_cost__0hold_cost__80lookback__2500length_training__prompt-cow__subperiod2, seed: 0
[2026-04-24 13:30:29] INFO - AT SUBPERIOD 3/14
[2026-04-24 13:30:29] INFO - train(): data_train.shape (2500, 70)
[2026-04-24 13:30:29] INFO - train(): assets_to_trade.shape (70,)
[2026-04-24 13:30:29] INFO - train(): T 2500 N 57
[2026-04-24 13:30:29] INFO - Start OU preprocess
[2026-04-24 13:30:29] INFO - Finish OU preprocess
[2026-04-24 13:30:29] INFO - train(): windows.shape (2420, 57, 4) idxs_selected.shape torch.Size([2420, 57])
[2026-04-24 13:30:29] INFO - epoch 0 batch 0 weights.shape torch.Size([512, 57])
[2026-04-24 13:30:29] INFO - Start OU preprocess
[2026-04-24 13:30:29] INFO - Finish OU preprocess
[2026-04-24 13:30:30] INFO - Epoch: 0/100, train Sharpe: 0.20, ret: 0.0279, std: 0.1387, turnover: 1.314, short proportion: 0.821 
        time per epoch: 0.46s, dev loss -0.04, dev Sharpe: -0.57, ret: -0.1290, std: 0.2277, turnover: 0.035, short proportion: 1.000

[2026-04-24 13:30:31] INFO - Start OU preprocess
[2026-04-24 13:30:31] INFO - Finish OU preprocess
[2026-04-24 13:30:31] INFO - Epoch: 10/100, train Sharpe: 0.01, ret: 0.0013, std: 0.1434, turnover: 1.317, short proportion: 0.821 
        time per epoch: 0.15s, dev loss -0.04, dev Sharpe: -0.57, ret: -0.1290, std: 0.2277, turnover: 0.035, short proportion: 1.000

[2026-04-24 13:30:32] INFO - Start OU preprocess
[2026-04-24 13:30:32] INFO - Finish OU preprocess
[2026-04-24 13:30:32] INFO - Epoch: 20/100, train Sharpe: 0.02, ret: 0.0032, std: 0.1439, turnover: 1.311, short proportion: 0.824 
        time per epoch: 0.13s, dev loss -0.04, dev Sharpe: -0.57, ret: -0.1290, std: 0.2277, turnover: 0.035, short proportion: 1.000

[2026-04-24 13:30:32] INFO - Reducing learning rate
[2026-04-24 13:30:33] INFO - Start OU preprocess
[2026-04-24 13:30:33] INFO - Finish OU preprocess
[2026-04-24 13:30:33] INFO - Epoch: 30/100, train Sharpe: 0.18, ret: 0.0244, std: 0.1391, turnover: 1.313, short proportion: 0.820 
        time per epoch: 0.13s, dev loss -0.04, dev Sharpe: -0.57, ret: -0.1290, std: 0.2277, turnover: 0.035, short proportion: 1.000

[2026-04-24 13:30:34] INFO - Start OU preprocess
[2026-04-24 13:30:34] INFO - Finish OU preprocess
[2026-04-24 13:30:34] INFO - Epoch: 40/100, train Sharpe: 0.24, ret: 0.0340, std: 0.1399, turnover: 1.313, short proportion: 0.821 
        time per epoch: 0.13s, dev loss -0.04, dev Sharpe: -0.57, ret: -0.1290, std: 0.2277, turnover: 0.035, short proportion: 1.000

[2026-04-24 13:30:34] INFO - Reducing learning rate
[2026-04-24 13:30:35] INFO - Start OU preprocess
[2026-04-24 13:30:35] INFO - Finish OU preprocess
[2026-04-24 13:30:36] INFO - Epoch: 50/100, train Sharpe: 0.12, ret: 0.0162, std: 0.1400, turnover: 1.321, short proportion: 0.817 
        time per epoch: 0.13s, dev loss -0.04, dev Sharpe: -0.57, ret: -0.1290, std: 0.2277, turnover: 0.035, short proportion: 1.000

[2026-04-24 13:30:37] INFO - Start OU preprocess
[2026-04-24 13:30:37] INFO - Finish OU preprocess
[2026-04-24 13:30:37] INFO - Epoch: 60/100, train Sharpe: 0.24, ret: 0.0320, std: 0.1346, turnover: 1.316, short proportion: 0.818 
        time per epoch: 0.13s, dev loss -0.04, dev Sharpe: -0.57, ret: -0.1290, std: 0.2277, turnover: 0.035, short proportion: 1.000

[2026-04-24 13:30:38] INFO - Start OU preprocess
[2026-04-24 13:30:38] INFO - Finish OU preprocess
[2026-04-24 13:30:38] INFO - Epoch: 70/100, train Sharpe: 0.02, ret: 0.0025, std: 0.1422, turnover: 1.318, short proportion: 0.817 
        time per epoch: 0.13s, dev loss -0.04, dev Sharpe: -0.57, ret: -0.1290, std: 0.2277, turnover: 0.035, short proportion: 1.000

[2026-04-24 13:30:39] INFO - Start OU preprocess
[2026-04-24 13:30:39] INFO - Finish OU preprocess
[2026-04-24 13:30:39] INFO - Epoch: 80/100, train Sharpe: 0.24, ret: 0.0343, std: 0.1412, turnover: 1.319, short proportion: 0.816 
        time per epoch: 0.13s, dev loss -0.04, dev Sharpe: -0.57, ret: -0.1290, std: 0.2277, turnover: 0.035, short proportion: 1.000

[2026-04-24 13:30:40] INFO - Start OU preprocess
[2026-04-24 13:30:40] INFO - Finish OU preprocess
[2026-04-24 13:30:41] INFO - Epoch: 90/100, train Sharpe: 0.19, ret: 0.0273, std: 0.1403, turnover: 1.316, short proportion: 0.817 
        time per epoch: 0.13s, dev loss -0.04, dev Sharpe: -0.57, ret: -0.1290, std: 0.2277, turnover: 0.035, short proportion: 1.000

[2026-04-24 13:30:41] INFO - Training done - Model: Crypto3__OUFFN__sharpe__0trans_cost__0hold_cost__80lookback__2500length_training__prompt-cow__subperiod3, seed: 0
[2026-04-24 13:30:41] INFO - AT SUBPERIOD 4/14
[2026-04-24 13:30:41] INFO - train(): data_train.shape (2500, 70)
[2026-04-24 13:30:41] INFO - train(): assets_to_trade.shape (70,)
[2026-04-24 13:30:41] INFO - train(): T 2500 N 57
[2026-04-24 13:30:41] INFO - Start OU preprocess
[2026-04-24 13:30:42] INFO - Finish OU preprocess
[2026-04-24 13:30:42] INFO - train(): windows.shape (2420, 57, 4) idxs_selected.shape torch.Size([2420, 57])
[2026-04-24 13:30:42] INFO - epoch 0 batch 0 weights.shape torch.Size([512, 57])
[2026-04-24 13:30:42] INFO - Start OU preprocess
[2026-04-24 13:30:42] INFO - Finish OU preprocess
[2026-04-24 13:30:42] INFO - Epoch: 0/100, train Sharpe: -0.13, ret: -0.0183, std: 0.1389, turnover: 1.317, short proportion: 0.820 
        time per epoch: 0.45s, dev loss -0.02, dev Sharpe: -0.34, ret: -0.0987, std: 0.2905, turnover: 0.057, short proportion: 1.000

[2026-04-24 13:30:43] INFO - Start OU preprocess
[2026-04-24 13:30:43] INFO - Finish OU preprocess
[2026-04-24 13:30:43] INFO - Epoch: 10/100, train Sharpe: -0.14, ret: -0.0190, std: 0.1392, turnover: 1.311, short proportion: 0.824 
        time per epoch: 0.15s, dev loss -0.02, dev Sharpe: -0.34, ret: -0.0987, std: 0.2905, turnover: 0.057, short proportion: 1.000

[2026-04-24 13:30:44] INFO - Start OU preprocess
[2026-04-24 13:30:44] INFO - Finish OU preprocess
[2026-04-24 13:30:44] INFO - Epoch: 20/100, train Sharpe: -0.24, ret: -0.0324, std: 0.1341, turnover: 1.316, short proportion: 0.816 
        time per epoch: 0.13s, dev loss -0.02, dev Sharpe: -0.34, ret: -0.0987, std: 0.2905, turnover: 0.057, short proportion: 1.000

[2026-04-24 13:30:45] INFO - Start OU preprocess
[2026-04-24 13:30:45] INFO - Finish OU preprocess
[2026-04-24 13:30:46] INFO - Epoch: 30/100, train Sharpe: -0.20, ret: -0.0273, std: 0.1368, turnover: 1.312, short proportion: 0.814 
        time per epoch: 0.13s, dev loss -0.02, dev Sharpe: -0.34, ret: -0.0987, std: 0.2905, turnover: 0.057, short proportion: 1.000

[2026-04-24 13:30:46] INFO - Start OU preprocess
[2026-04-24 13:30:47] INFO - Finish OU preprocess
[2026-04-24 13:30:47] INFO - Epoch: 40/100, train Sharpe: -0.01, ret: -0.0011, std: 0.1381, turnover: 1.319, short proportion: 0.813 
        time per epoch: 0.13s, dev loss -0.02, dev Sharpe: -0.34, ret: -0.0987, std: 0.2905, turnover: 0.057, short proportion: 1.000

[2026-04-24 13:30:48] INFO - Start OU preprocess
[2026-04-24 13:30:48] INFO - Finish OU preprocess
[2026-04-24 13:30:48] INFO - Epoch: 50/100, train Sharpe: -0.29, ret: -0.0393, std: 0.1359, turnover: 1.320, short proportion: 0.809 
        time per epoch: 0.13s, dev loss -0.02, dev Sharpe: -0.34, ret: -0.0987, std: 0.2905, turnover: 0.057, short proportion: 1.000

[2026-04-24 13:30:49] INFO - Start OU preprocess
[2026-04-24 13:30:49] INFO - Finish OU preprocess
[2026-04-24 13:30:49] INFO - Epoch: 60/100, train Sharpe: -0.21, ret: -0.0287, std: 0.1343, turnover: 1.319, short proportion: 0.810 
        time per epoch: 0.12s, dev loss -0.02, dev Sharpe: -0.34, ret: -0.0987, std: 0.2905, turnover: 0.057, short proportion: 1.000

[2026-04-24 13:30:50] INFO - Start OU preprocess
[2026-04-24 13:30:50] INFO - Finish OU preprocess
[2026-04-24 13:30:50] INFO - Epoch: 70/100, train Sharpe: -0.31, ret: -0.0407, std: 0.1309, turnover: 1.328, short proportion: 0.804 
        time per epoch: 0.12s, dev loss -0.02, dev Sharpe: -0.34, ret: -0.0987, std: 0.2905, turnover: 0.057, short proportion: 1.000

[2026-04-24 13:30:51] INFO - Start OU preprocess
[2026-04-24 13:30:51] INFO - Finish OU preprocess
[2026-04-24 13:30:51] INFO - Epoch: 80/100, train Sharpe: -0.28, ret: -0.0365, std: 0.1311, turnover: 1.325, short proportion: 0.800 
        time per epoch: 0.12s, dev loss -0.02, dev Sharpe: -0.34, ret: -0.0987, std: 0.2905, turnover: 0.057, short proportion: 1.000

[2026-04-24 13:30:52] INFO - Start OU preprocess
[2026-04-24 13:30:52] INFO - Finish OU preprocess
[2026-04-24 13:30:53] INFO - Epoch: 90/100, train Sharpe: -0.27, ret: -0.0362, std: 0.1327, turnover: 1.324, short proportion: 0.803 
        time per epoch: 0.12s, dev loss -0.02, dev Sharpe: -0.34, ret: -0.0987, std: 0.2905, turnover: 0.057, short proportion: 1.000

[2026-04-24 13:30:53] INFO - Training done - Model: Crypto3__OUFFN__sharpe__0trans_cost__0hold_cost__80lookback__2500length_training__prompt-cow__subperiod4, seed: 0
[2026-04-24 13:30:53] INFO - AT SUBPERIOD 5/14
[2026-04-24 13:30:53] INFO - train(): data_train.shape (2500, 70)
[2026-04-24 13:30:53] INFO - train(): assets_to_trade.shape (70,)
[2026-04-24 13:30:53] INFO - train(): T 2500 N 57
[2026-04-24 13:30:53] INFO - Start OU preprocess
[2026-04-24 13:30:53] INFO - Finish OU preprocess
[2026-04-24 13:30:53] INFO - train(): windows.shape (2420, 57, 4) idxs_selected.shape torch.Size([2420, 57])
[2026-04-24 13:30:53] INFO - epoch 0 batch 0 weights.shape torch.Size([512, 57])
[2026-04-24 13:30:54] INFO - Start OU preprocess
[2026-04-24 13:30:54] INFO - Finish OU preprocess
[2026-04-24 13:30:54] INFO - Epoch: 0/100, train Sharpe: -0.20, ret: -0.0294, std: 0.1458, turnover: 1.311, short proportion: 0.821 
        time per epoch: 0.48s, dev loss 0.03, dev Sharpe: 0.49, ret: 0.1087, std: 0.2229, turnover: 0.040, short proportion: 1.000

[2026-04-24 13:30:55] INFO - Start OU preprocess
[2026-04-24 13:30:55] INFO - Finish OU preprocess
[2026-04-24 13:30:55] INFO - Epoch: 10/100, train Sharpe: -0.11, ret: -0.0173, std: 0.1524, turnover: 1.310, short proportion: 0.827 
        time per epoch: 0.15s, dev loss 0.03, dev Sharpe: 0.49, ret: 0.1087, std: 0.2229, turnover: 0.040, short proportion: 1.000

[2026-04-24 13:30:55] INFO - Reducing learning rate
[2026-04-24 13:30:56] INFO - Start OU preprocess
[2026-04-24 13:30:56] INFO - Finish OU preprocess
[2026-04-24 13:30:56] INFO - Epoch: 20/100, train Sharpe: -0.13, ret: -0.0188, std: 0.1471, turnover: 1.308, short proportion: 0.821 
        time per epoch: 0.14s, dev loss 0.03, dev Sharpe: 0.49, ret: 0.1087, std: 0.2229, turnover: 0.040, short proportion: 1.000

[2026-04-24 13:30:56] INFO - Reducing learning rate
[2026-04-24 13:30:57] INFO - Start OU preprocess
[2026-04-24 13:30:57] INFO - Finish OU preprocess
[2026-04-24 13:30:58] INFO - Epoch: 30/100, train Sharpe: -0.17, ret: -0.0249, std: 0.1470, turnover: 1.308, short proportion: 0.823 
        time per epoch: 0.13s, dev loss 0.03, dev Sharpe: 0.49, ret: 0.1087, std: 0.2229, turnover: 0.040, short proportion: 1.000

[2026-04-24 13:30:58] INFO - Reducing learning rate
[2026-04-24 13:30:59] INFO - Start OU preprocess
[2026-04-24 13:30:59] INFO - Finish OU preprocess
[2026-04-24 13:30:59] INFO - Epoch: 40/100, train Sharpe: -0.30, ret: -0.0432, std: 0.1424, turnover: 1.317, short proportion: 0.820 
        time per epoch: 0.13s, dev loss 0.03, dev Sharpe: 0.49, ret: 0.1087, std: 0.2229, turnover: 0.040, short proportion: 1.000

[2026-04-24 13:30:59] INFO - Reducing learning rate
[2026-04-24 13:31:00] INFO - Start OU preprocess
[2026-04-24 13:31:00] INFO - Finish OU preprocess
[2026-04-24 13:31:00] INFO - Epoch: 50/100, train Sharpe: -0.12, ret: -0.0171, std: 0.1473, turnover: 1.310, short proportion: 0.821 
        time per epoch: 0.13s, dev loss 0.03, dev Sharpe: 0.49, ret: 0.1087, std: 0.2229, turnover: 0.040, short proportion: 1.000

[2026-04-24 13:31:00] INFO - Reducing learning rate
[2026-04-24 13:31:01] INFO - Start OU preprocess
[2026-04-24 13:31:01] INFO - Finish OU preprocess
[2026-04-24 13:31:01] INFO - Epoch: 60/100, train Sharpe: -0.09, ret: -0.0137, std: 0.1472, turnover: 1.312, short proportion: 0.822 
        time per epoch: 0.13s, dev loss 0.03, dev Sharpe: 0.49, ret: 0.1087, std: 0.2229, turnover: 0.040, short proportion: 1.000

[2026-04-24 13:31:01] INFO - Early stopping max trials reached
[2026-04-24 13:31:01] INFO - Training done - Model: Crypto3__OUFFN__sharpe__0trans_cost__0hold_cost__80lookback__2500length_training__prompt-cow__subperiod5, seed: 0
[2026-04-24 13:31:01] INFO - AT SUBPERIOD 6/14
[2026-04-24 13:31:01] INFO - train(): data_train.shape (2500, 70)
[2026-04-24 13:31:01] INFO - train(): assets_to_trade.shape (70,)
[2026-04-24 13:31:01] INFO - train(): T 2500 N 56
[2026-04-24 13:31:01] INFO - Start OU preprocess
[2026-04-24 13:31:02] INFO - Finish OU preprocess
[2026-04-24 13:31:02] INFO - train(): windows.shape (2420, 56, 4) idxs_selected.shape torch.Size([2420, 56])
[2026-04-24 13:31:02] INFO - epoch 0 batch 0 weights.shape torch.Size([512, 56])
[2026-04-24 13:31:02] INFO - Start OU preprocess
[2026-04-24 13:31:02] INFO - Finish OU preprocess
[2026-04-24 13:31:02] INFO - Epoch: 0/100, train Sharpe: -0.33, ret: -0.0496, std: 0.1481, turnover: 1.313, short proportion: 0.821 
        time per epoch: 0.46s, dev loss 0.03, dev Sharpe: 0.54, ret: 0.1331, std: 0.2447, turnover: 0.056, short proportion: 1.000

[2026-04-24 13:31:03] INFO - Start OU preprocess
[2026-04-24 13:31:03] INFO - Finish OU preprocess
[2026-04-24 13:31:03] INFO - Epoch: 10/100, train Sharpe: -0.23, ret: -0.0356, std: 0.1540, turnover: 1.311, short proportion: 0.824 
        time per epoch: 0.15s, dev loss 0.03, dev Sharpe: 0.54, ret: 0.1331, std: 0.2447, turnover: 0.056, short proportion: 1.000

[2026-04-24 13:31:04] INFO - Start OU preprocess
[2026-04-24 13:31:04] INFO - Finish OU preprocess
[2026-04-24 13:31:04] INFO - Epoch: 20/100, train Sharpe: -0.03, ret: -0.0048, std: 0.1481, turnover: 1.309, short proportion: 0.824 
        time per epoch: 0.13s, dev loss 0.03, dev Sharpe: 0.54, ret: 0.1331, std: 0.2447, turnover: 0.056, short proportion: 1.000

[2026-04-24 13:31:05] INFO - Start OU preprocess
[2026-04-24 13:31:05] INFO - Finish OU preprocess
[2026-04-24 13:31:06] INFO - Epoch: 30/100, train Sharpe: -0.18, ret: -0.0273, std: 0.1474, turnover: 1.317, short proportion: 0.816 
        time per epoch: 0.13s, dev loss 0.03, dev Sharpe: 0.54, ret: 0.1331, std: 0.2447, turnover: 0.056, short proportion: 1.000

[2026-04-24 13:31:06] INFO - Start OU preprocess
[2026-04-24 13:31:06] INFO - Finish OU preprocess
[2026-04-24 13:31:07] INFO - Epoch: 40/100, train Sharpe: -0.04, ret: -0.0057, std: 0.1495, turnover: 1.317, short proportion: 0.814 
        time per epoch: 0.13s, dev loss 0.03, dev Sharpe: 0.54, ret: 0.1331, std: 0.2447, turnover: 0.056, short proportion: 1.000

[2026-04-24 13:31:08] INFO - Start OU preprocess
[2026-04-24 13:31:08] INFO - Finish OU preprocess
[2026-04-24 13:31:08] INFO - Epoch: 50/100, train Sharpe: -0.12, ret: -0.0171, std: 0.1425, turnover: 1.318, short proportion: 0.810 
        time per epoch: 0.12s, dev loss 0.03, dev Sharpe: 0.54, ret: 0.1331, std: 0.2447, turnover: 0.056, short proportion: 1.000

[2026-04-24 13:31:09] INFO - Start OU preprocess
[2026-04-24 13:31:09] INFO - Finish OU preprocess
[2026-04-24 13:31:09] INFO - Epoch: 60/100, train Sharpe: -0.28, ret: -0.0407, std: 0.1436, turnover: 1.314, short proportion: 0.811 
        time per epoch: 0.12s, dev loss 0.03, dev Sharpe: 0.54, ret: 0.1331, std: 0.2447, turnover: 0.056, short proportion: 1.000

[2026-04-24 13:31:10] INFO - Start OU preprocess
[2026-04-24 13:31:10] INFO - Finish OU preprocess
[2026-04-24 13:31:10] INFO - Epoch: 70/100, train Sharpe: -0.19, ret: -0.0268, std: 0.1409, turnover: 1.321, short proportion: 0.808 
        time per epoch: 0.12s, dev loss 0.03, dev Sharpe: 0.54, ret: 0.1331, std: 0.2447, turnover: 0.056, short proportion: 1.000

[2026-04-24 13:31:11] INFO - Start OU preprocess
[2026-04-24 13:31:11] INFO - Finish OU preprocess
[2026-04-24 13:31:11] INFO - Epoch: 80/100, train Sharpe: -0.19, ret: -0.0270, std: 0.1406, turnover: 1.324, short proportion: 0.805 
        time per epoch: 0.12s, dev loss 0.03, dev Sharpe: 0.54, ret: 0.1331, std: 0.2447, turnover: 0.056, short proportion: 1.000

[2026-04-24 13:31:12] INFO - Start OU preprocess
[2026-04-24 13:31:12] INFO - Finish OU preprocess
[2026-04-24 13:31:13] INFO - Epoch: 90/100, train Sharpe: -0.34, ret: -0.0469, std: 0.1389, turnover: 1.325, short proportion: 0.805 
        time per epoch: 0.12s, dev loss 0.03, dev Sharpe: 0.54, ret: 0.1331, std: 0.2447, turnover: 0.056, short proportion: 1.000

[2026-04-24 13:31:13] INFO - Reducing learning rate
[2026-04-24 13:31:13] INFO - Training done - Model: Crypto3__OUFFN__sharpe__0trans_cost__0hold_cost__80lookback__2500length_training__prompt-cow__subperiod6, seed: 0
[2026-04-24 13:31:13] INFO - AT SUBPERIOD 7/14
[2026-04-24 13:31:13] INFO - train(): data_train.shape (2500, 70)
[2026-04-24 13:31:13] INFO - train(): assets_to_trade.shape (70,)
[2026-04-24 13:31:13] INFO - train(): T 2500 N 57
[2026-04-24 13:31:13] INFO - Start OU preprocess
[2026-04-24 13:31:14] INFO - Finish OU preprocess
[2026-04-24 13:31:14] INFO - train(): windows.shape (2420, 57, 4) idxs_selected.shape torch.Size([2420, 57])
[2026-04-24 13:31:14] INFO - epoch 0 batch 0 weights.shape torch.Size([512, 57])
[2026-04-24 13:31:14] INFO - Start OU preprocess
[2026-04-24 13:31:14] INFO - Finish OU preprocess
[2026-04-24 13:31:14] INFO - Epoch: 0/100, train Sharpe: -0.12, ret: -0.0189, std: 0.1569, turnover: 1.314, short proportion: 0.820 
        time per epoch: 0.46s, dev loss -0.06, dev Sharpe: -0.91, ret: -0.2899, std: 0.3189, turnover: 0.052, short proportion: 1.000

[2026-04-24 13:31:15] INFO - Start OU preprocess
[2026-04-24 13:31:15] INFO - Finish OU preprocess
[2026-04-24 13:31:15] INFO - Epoch: 10/100, train Sharpe: -0.16, ret: -0.0250, std: 0.1569, turnover: 1.318, short proportion: 0.821 
        time per epoch: 0.15s, dev loss -0.06, dev Sharpe: -0.91, ret: -0.2899, std: 0.3189, turnover: 0.052, short proportion: 1.000

[2026-04-24 13:31:15] INFO - Reducing learning rate
[2026-04-24 13:31:16] INFO - Start OU preprocess
[2026-04-24 13:31:16] INFO - Finish OU preprocess
[2026-04-24 13:31:17] INFO - Epoch: 20/100, train Sharpe: -0.05, ret: -0.0076, std: 0.1561, turnover: 1.316, short proportion: 0.819 
        time per epoch: 0.14s, dev loss -0.06, dev Sharpe: -0.91, ret: -0.2899, std: 0.3189, turnover: 0.052, short proportion: 1.000

[2026-04-24 13:31:17] INFO - Reducing learning rate
[2026-04-24 13:31:17] INFO - Start OU preprocess
[2026-04-24 13:31:17] INFO - Finish OU preprocess
[2026-04-24 13:31:18] INFO - Epoch: 30/100, train Sharpe: -0.19, ret: -0.0289, std: 0.1534, turnover: 1.313, short proportion: 0.819 
        time per epoch: 0.13s, dev loss -0.06, dev Sharpe: -0.91, ret: -0.2899, std: 0.3189, turnover: 0.052, short proportion: 1.000

[2026-04-24 13:31:18] INFO - Reducing learning rate
[2026-04-24 13:31:19] INFO - Start OU preprocess
[2026-04-24 13:31:19] INFO - Finish OU preprocess
[2026-04-24 13:31:19] INFO - Epoch: 40/100, train Sharpe: -0.26, ret: -0.0430, std: 0.1641, turnover: 1.318, short proportion: 0.820 
        time per epoch: 0.13s, dev loss -0.06, dev Sharpe: -0.91, ret: -0.2899, std: 0.3189, turnover: 0.052, short proportion: 1.000

[2026-04-24 13:31:19] INFO - Reducing learning rate
[2026-04-24 13:31:20] INFO - Start OU preprocess
[2026-04-24 13:31:20] INFO - Finish OU preprocess
[2026-04-24 13:31:20] INFO - Epoch: 50/100, train Sharpe: 0.11, ret: 0.0162, std: 0.1532, turnover: 1.317, short proportion: 0.820 
        time per epoch: 0.13s, dev loss -0.06, dev Sharpe: -0.91, ret: -0.2899, std: 0.3189, turnover: 0.052, short proportion: 1.000

[2026-04-24 13:31:20] INFO - Reducing learning rate
[2026-04-24 13:31:21] INFO - Start OU preprocess
[2026-04-24 13:31:21] INFO - Finish OU preprocess
[2026-04-24 13:31:21] INFO - Epoch: 60/100, train Sharpe: 0.06, ret: 0.0092, std: 0.1551, turnover: 1.310, short proportion: 0.820 
        time per epoch: 0.13s, dev loss -0.06, dev Sharpe: -0.91, ret: -0.2899, std: 0.3189, turnover: 0.052, short proportion: 1.000

[2026-04-24 13:31:21] INFO - Early stopping max trials reached
[2026-04-24 13:31:21] INFO - Training done - Model: Crypto3__OUFFN__sharpe__0trans_cost__0hold_cost__80lookback__2500length_training__prompt-cow__subperiod7, seed: 0
[2026-04-24 13:31:21] INFO - AT SUBPERIOD 8/14
[2026-04-24 13:31:21] INFO - train(): data_train.shape (2500, 70)
[2026-04-24 13:31:21] INFO - train(): assets_to_trade.shape (70,)
[2026-04-24 13:31:21] INFO - train(): T 2500 N 56
[2026-04-24 13:31:21] INFO - Start OU preprocess
[2026-04-24 13:31:22] INFO - Finish OU preprocess
[2026-04-24 13:31:22] INFO - train(): windows.shape (2420, 56, 4) idxs_selected.shape torch.Size([2420, 56])
[2026-04-24 13:31:22] INFO - epoch 0 batch 0 weights.shape torch.Size([512, 56])
[2026-04-24 13:31:22] INFO - Start OU preprocess
[2026-04-24 13:31:22] INFO - Finish OU preprocess
[2026-04-24 13:31:22] INFO - Epoch: 0/100, train Sharpe: -0.26, ret: -0.0452, std: 0.1747, turnover: 1.314, short proportion: 0.822 
        time per epoch: 0.47s, dev loss 0.08, dev Sharpe: 1.22, ret: 0.3843, std: 0.3151, turnover: 0.036, short proportion: 1.000

[2026-04-24 13:31:23] INFO - Start OU preprocess
[2026-04-24 13:31:23] INFO - Finish OU preprocess
[2026-04-24 13:31:23] INFO - Epoch: 10/100, train Sharpe: -0.08, ret: -0.0144, std: 0.1815, turnover: 1.311, short proportion: 0.824 
        time per epoch: 0.15s, dev loss 0.08, dev Sharpe: 1.22, ret: 0.3843, std: 0.3151, turnover: 0.036, short proportion: 1.000

[2026-04-24 13:31:23] INFO - Reducing learning rate
[2026-04-24 13:31:24] INFO - Start OU preprocess
[2026-04-24 13:31:24] INFO - Finish OU preprocess
[2026-04-24 13:31:25] INFO - Epoch: 20/100, train Sharpe: -0.08, ret: -0.0146, std: 0.1804, turnover: 1.317, short proportion: 0.823 
        time per epoch: 0.14s, dev loss 0.08, dev Sharpe: 1.22, ret: 0.3843, std: 0.3151, turnover: 0.036, short proportion: 1.000

[2026-04-24 13:31:25] INFO - Reducing learning rate
[2026-04-24 13:31:26] INFO - Start OU preprocess
[2026-04-24 13:31:26] INFO - Finish OU preprocess
[2026-04-24 13:31:26] INFO - Epoch: 30/100, train Sharpe: -0.30, ret: -0.0522, std: 0.1767, turnover: 1.307, short proportion: 0.823 
        time per epoch: 0.14s, dev loss 0.08, dev Sharpe: 1.22, ret: 0.3843, std: 0.3151, turnover: 0.036, short proportion: 1.000

[2026-04-24 13:31:27] INFO - Start OU preprocess
[2026-04-24 13:31:27] INFO - Finish OU preprocess
[2026-04-24 13:31:27] INFO - Epoch: 40/100, train Sharpe: -0.20, ret: -0.0361, std: 0.1784, turnover: 1.317, short proportion: 0.821 
        time per epoch: 0.14s, dev loss 0.08, dev Sharpe: 1.22, ret: 0.3843, std: 0.3151, turnover: 0.036, short proportion: 1.000

[2026-04-24 13:31:27] INFO - Reducing learning rate
[2026-04-24 13:31:29] INFO - Start OU preprocess
[2026-04-24 13:31:29] INFO - Finish OU preprocess
[2026-04-24 13:31:29] INFO - Epoch: 50/100, train Sharpe: -0.07, ret: -0.0125, std: 0.1807, turnover: 1.312, short proportion: 0.822 
        time per epoch: 0.14s, dev loss 0.08, dev Sharpe: 1.22, ret: 0.3843, std: 0.3151, turnover: 0.036, short proportion: 1.000

[2026-04-24 13:31:29] INFO - Reducing learning rate
[2026-04-24 13:31:30] INFO - Start OU preprocess
[2026-04-24 13:31:30] INFO - Finish OU preprocess
[2026-04-24 13:31:30] INFO - Epoch: 60/100, train Sharpe: 0.18, ret: 0.0337, std: 0.1831, turnover: 1.311, short proportion: 0.823 
        time per epoch: 0.14s, dev loss 0.08, dev Sharpe: 1.22, ret: 0.3843, std: 0.3151, turnover: 0.036, short proportion: 1.000

[2026-04-24 13:31:30] INFO - Reducing learning rate
[2026-04-24 13:31:31] INFO - Start OU preprocess
[2026-04-24 13:31:31] INFO - Finish OU preprocess
[2026-04-24 13:31:31] INFO - Epoch: 70/100, train Sharpe: -0.11, ret: -0.0194, std: 0.1791, turnover: 1.313, short proportion: 0.823 
        time per epoch: 0.14s, dev loss 0.08, dev Sharpe: 1.22, ret: 0.3843, std: 0.3151, turnover: 0.036, short proportion: 1.000

[2026-04-24 13:31:31] INFO - Early stopping max trials reached
[2026-04-24 13:31:31] INFO - Training done - Model: Crypto3__OUFFN__sharpe__0trans_cost__0hold_cost__80lookback__2500length_training__prompt-cow__subperiod8, seed: 0
[2026-04-24 13:31:31] INFO - AT SUBPERIOD 9/14
[2026-04-24 13:31:31] INFO - train(): data_train.shape (2500, 70)
[2026-04-24 13:31:31] INFO - train(): assets_to_trade.shape (70,)
[2026-04-24 13:31:31] INFO - train(): T 2500 N 57
[2026-04-24 13:31:31] INFO - Start OU preprocess
[2026-04-24 13:31:32] INFO - Finish OU preprocess
[2026-04-24 13:31:32] INFO - train(): windows.shape (2420, 57, 4) idxs_selected.shape torch.Size([2420, 57])
[2026-04-24 13:31:32] INFO - epoch 0 batch 0 weights.shape torch.Size([512, 57])
[2026-04-24 13:31:32] INFO - Start OU preprocess
[2026-04-24 13:31:32] INFO - Finish OU preprocess
[2026-04-24 13:31:32] INFO - Epoch: 0/100, train Sharpe: 0.09, ret: 0.0169, std: 0.1908, turnover: 1.314, short proportion: 0.821 
        time per epoch: 0.45s, dev loss 0.00, dev Sharpe: 0.07, ret: 0.0178, std: 0.2480, turnover: 0.066, short proportion: 1.000

[2026-04-24 13:31:33] INFO - Start OU preprocess
[2026-04-24 13:31:33] INFO - Finish OU preprocess
[2026-04-24 13:31:33] INFO - Epoch: 10/100, train Sharpe: 0.08, ret: 0.0158, std: 0.1939, turnover: 1.311, short proportion: 0.824 
        time per epoch: 0.17s, dev loss 0.00, dev Sharpe: 0.07, ret: 0.0178, std: 0.2480, turnover: 0.066, short proportion: 1.000

[2026-04-24 13:31:34] INFO - Start OU preprocess
[2026-04-24 13:31:34] INFO - Finish OU preprocess
[2026-04-24 13:31:35] INFO - Epoch: 20/100, train Sharpe: 0.20, ret: 0.0385, std: 0.1932, turnover: 1.315, short proportion: 0.826 
        time per epoch: 0.14s, dev loss 0.00, dev Sharpe: 0.07, ret: 0.0178, std: 0.2480, turnover: 0.066, short proportion: 1.000

[2026-04-24 13:31:35] INFO - Reducing learning rate
[2026-04-24 13:31:35] INFO - Start OU preprocess
[2026-04-24 13:31:36] INFO - Finish OU preprocess
[2026-04-24 13:31:36] INFO - Epoch: 30/100, train Sharpe: 0.22, ret: 0.0436, std: 0.1962, turnover: 1.305, short proportion: 0.827 
        time per epoch: 0.14s, dev loss 0.00, dev Sharpe: 0.07, ret: 0.0178, std: 0.2480, turnover: 0.066, short proportion: 1.000

[2026-04-24 13:31:36] INFO - Reducing learning rate
[2026-04-24 13:31:37] INFO - Start OU preprocess
[2026-04-24 13:31:37] INFO - Finish OU preprocess
[2026-04-24 13:31:37] INFO - Epoch: 40/100, train Sharpe: 0.22, ret: 0.0433, std: 0.1982, turnover: 1.315, short proportion: 0.824 
        time per epoch: 0.14s, dev loss 0.00, dev Sharpe: 0.07, ret: 0.0178, std: 0.2480, turnover: 0.066, short proportion: 1.000

[2026-04-24 13:31:37] INFO - Reducing learning rate
[2026-04-24 13:31:38] INFO - Start OU preprocess
[2026-04-24 13:31:38] INFO - Finish OU preprocess
[2026-04-24 13:31:39] INFO - Epoch: 50/100, train Sharpe: 0.31, ret: 0.0608, std: 0.1972, turnover: 1.314, short proportion: 0.823 
        time per epoch: 0.14s, dev loss 0.00, dev Sharpe: 0.07, ret: 0.0178, std: 0.2480, turnover: 0.066, short proportion: 1.000

[2026-04-24 13:31:40] INFO - Start OU preprocess
[2026-04-24 13:31:40] INFO - Finish OU preprocess
[2026-04-24 13:31:40] INFO - Epoch: 60/100, train Sharpe: 0.37, ret: 0.0729, std: 0.1943, turnover: 1.310, short proportion: 0.823 
        time per epoch: 0.14s, dev loss 0.00, dev Sharpe: 0.07, ret: 0.0178, std: 0.2480, turnover: 0.066, short proportion: 1.000

[2026-04-24 13:31:41] INFO - Start OU preprocess
[2026-04-24 13:31:41] INFO - Finish OU preprocess
[2026-04-24 13:31:41] INFO - Epoch: 70/100, train Sharpe: 0.14, ret: 0.0276, std: 0.2000, turnover: 1.314, short proportion: 0.825 
        time per epoch: 0.14s, dev loss 0.00, dev Sharpe: 0.07, ret: 0.0178, std: 0.2480, turnover: 0.066, short proportion: 1.000

[2026-04-24 13:31:41] INFO - Reducing learning rate
[2026-04-24 13:31:42] INFO - Start OU preprocess
[2026-04-24 13:31:42] INFO - Finish OU preprocess
[2026-04-24 13:31:43] INFO - Epoch: 80/100, train Sharpe: 0.10, ret: 0.0199, std: 0.1894, turnover: 1.310, short proportion: 0.823 
        time per epoch: 0.14s, dev loss 0.00, dev Sharpe: 0.07, ret: 0.0178, std: 0.2480, turnover: 0.066, short proportion: 1.000

[2026-04-24 13:31:43] INFO - Reducing learning rate
[2026-04-24 13:31:43] INFO - Start OU preprocess
[2026-04-24 13:31:44] INFO - Finish OU preprocess
[2026-04-24 13:31:44] INFO - Epoch: 90/100, train Sharpe: 0.21, ret: 0.0398, std: 0.1929, turnover: 1.316, short proportion: 0.824 
        time per epoch: 0.13s, dev loss 0.00, dev Sharpe: 0.07, ret: 0.0178, std: 0.2480, turnover: 0.066, short proportion: 1.000

[2026-04-24 13:31:44] INFO - Early stopping max trials reached
[2026-04-24 13:31:44] INFO - Training done - Model: Crypto3__OUFFN__sharpe__0trans_cost__0hold_cost__80lookback__2500length_training__prompt-cow__subperiod9, seed: 0
[2026-04-24 13:31:44] INFO - AT SUBPERIOD 10/14
[2026-04-24 13:31:44] INFO - train(): data_train.shape (2500, 70)
[2026-04-24 13:31:44] INFO - train(): assets_to_trade.shape (70,)
[2026-04-24 13:31:44] INFO - train(): T 2500 N 60
[2026-04-24 13:31:44] INFO - Start OU preprocess
[2026-04-24 13:31:44] INFO - Finish OU preprocess
[2026-04-24 13:31:44] INFO - train(): windows.shape (2420, 60, 4) idxs_selected.shape torch.Size([2420, 60])
[2026-04-24 13:31:44] INFO - epoch 0 batch 0 weights.shape torch.Size([512, 60])
[2026-04-24 13:31:44] INFO - Start OU preprocess
[2026-04-24 13:31:44] INFO - Finish OU preprocess
[2026-04-24 13:31:45] INFO - Epoch: 0/100, train Sharpe: 0.13, ret: 0.0236, std: 0.1834, turnover: 1.319, short proportion: 0.821 
        time per epoch: 0.74s, dev loss -0.03, dev Sharpe: -0.47, ret: -0.1002, std: 0.2126, turnover: 0.040, short proportion: 1.000

[2026-04-24 13:31:46] INFO - Start OU preprocess
[2026-04-24 13:31:46] INFO - Finish OU preprocess
[2026-04-24 13:31:46] INFO - Epoch: 10/100, train Sharpe: 0.16, ret: 0.0310, std: 0.1885, turnover: 1.312, short proportion: 0.826 
        time per epoch: 0.17s, dev loss -0.03, dev Sharpe: -0.47, ret: -0.1002, std: 0.2126, turnover: 0.040, short proportion: 1.000

[2026-04-24 13:31:46] INFO - Reducing learning rate
[2026-04-24 13:31:47] INFO - Start OU preprocess
[2026-04-24 13:31:47] INFO - Finish OU preprocess
[2026-04-24 13:31:47] INFO - Epoch: 20/100, train Sharpe: 0.20, ret: 0.0380, std: 0.1916, turnover: 1.318, short proportion: 0.823 
        time per epoch: 0.15s, dev loss -0.03, dev Sharpe: -0.47, ret: -0.1002, std: 0.2126, turnover: 0.040, short proportion: 1.000

[2026-04-24 13:31:47] INFO - Reducing learning rate
[2026-04-24 13:31:48] INFO - Start OU preprocess
[2026-04-24 13:31:48] INFO - Finish OU preprocess
[2026-04-24 13:31:48] INFO - Epoch: 30/100, train Sharpe: 0.30, ret: 0.0543, std: 0.1808, turnover: 1.313, short proportion: 0.823 
        time per epoch: 0.14s, dev loss -0.03, dev Sharpe: -0.47, ret: -0.1002, std: 0.2126, turnover: 0.040, short proportion: 1.000

[2026-04-24 13:31:49] INFO - Start OU preprocess
[2026-04-24 13:31:49] INFO - Finish OU preprocess
[2026-04-24 13:31:50] INFO - Epoch: 40/100, train Sharpe: 0.24, ret: 0.0453, std: 0.1869, turnover: 1.316, short proportion: 0.822 
        time per epoch: 0.14s, dev loss -0.03, dev Sharpe: -0.47, ret: -0.1002, std: 0.2126, turnover: 0.040, short proportion: 1.000

[2026-04-24 13:31:50] INFO - Reducing learning rate
[2026-04-24 13:31:51] INFO - Start OU preprocess
[2026-04-24 13:31:51] INFO - Finish OU preprocess
[2026-04-24 13:31:51] INFO - Epoch: 50/100, train Sharpe: 0.07, ret: 0.0132, std: 0.1820, turnover: 1.316, short proportion: 0.822 
        time per epoch: 0.14s, dev loss -0.03, dev Sharpe: -0.47, ret: -0.1002, std: 0.2126, turnover: 0.040, short proportion: 1.000

[2026-04-24 13:31:51] INFO - Reducing learning rate
[2026-04-24 13:31:52] INFO - Start OU preprocess
[2026-04-24 13:31:52] INFO - Finish OU preprocess
[2026-04-24 13:31:52] INFO - Epoch: 60/100, train Sharpe: 0.26, ret: 0.0476, std: 0.1827, turnover: 1.310, short proportion: 0.823 
        time per epoch: 0.13s, dev loss -0.03, dev Sharpe: -0.47, ret: -0.1002, std: 0.2126, turnover: 0.040, short proportion: 1.000

[2026-04-24 13:31:52] INFO - Reducing learning rate
[2026-04-24 13:31:53] INFO - Start OU preprocess
[2026-04-24 13:31:53] INFO - Finish OU preprocess
[2026-04-24 13:31:53] INFO - Epoch: 70/100, train Sharpe: 0.26, ret: 0.0483, std: 0.1824, turnover: 1.313, short proportion: 0.823 
        time per epoch: 0.13s, dev loss -0.03, dev Sharpe: -0.47, ret: -0.1002, std: 0.2126, turnover: 0.040, short proportion: 1.000

[2026-04-24 13:31:53] INFO - Early stopping max trials reached
[2026-04-24 13:31:53] INFO - Training done - Model: Crypto3__OUFFN__sharpe__0trans_cost__0hold_cost__80lookback__2500length_training__prompt-cow__subperiod10, seed: 0
[2026-04-24 13:31:53] INFO - AT SUBPERIOD 11/14
[2026-04-24 13:31:53] INFO - train(): data_train.shape (2500, 70)
[2026-04-24 13:31:53] INFO - train(): assets_to_trade.shape (70,)
[2026-04-24 13:31:53] INFO - train(): T 2500 N 57
[2026-04-24 13:31:53] INFO - Start OU preprocess
[2026-04-24 13:31:54] INFO - Finish OU preprocess
[2026-04-24 13:31:54] INFO - train(): windows.shape (2420, 57, 4) idxs_selected.shape torch.Size([2420, 57])
[2026-04-24 13:31:54] INFO - epoch 0 batch 0 weights.shape torch.Size([512, 57])
[2026-04-24 13:31:54] INFO - Start OU preprocess
[2026-04-24 13:31:54] INFO - Finish OU preprocess
[2026-04-24 13:31:54] INFO - Epoch: 0/100, train Sharpe: 0.10, ret: 0.0182, std: 0.1809, turnover: 1.310, short proportion: 0.821 
        time per epoch: 0.46s, dev loss 0.06, dev Sharpe: 1.03, ret: 0.3053, std: 0.2973, turnover: 0.047, short proportion: 1.000

[2026-04-24 13:31:55] INFO - Start OU preprocess
[2026-04-24 13:31:55] INFO - Finish OU preprocess
[2026-04-24 13:31:55] INFO - Epoch: 10/100, train Sharpe: -0.01, ret: -0.0014, std: 0.1830, turnover: 1.312, short proportion: 0.824 
        time per epoch: 0.15s, dev loss 0.06, dev Sharpe: 1.03, ret: 0.3053, std: 0.2973, turnover: 0.047, short proportion: 1.000

[2026-04-24 13:31:55] INFO - Reducing learning rate
[2026-04-24 13:31:56] INFO - Start OU preprocess
[2026-04-24 13:31:56] INFO - Finish OU preprocess
[2026-04-24 13:31:56] INFO - Epoch: 20/100, train Sharpe: 0.09, ret: 0.0155, std: 0.1794, turnover: 1.312, short proportion: 0.821 
        time per epoch: 0.14s, dev loss 0.06, dev Sharpe: 1.03, ret: 0.3053, std: 0.2973, turnover: 0.047, short proportion: 1.000

[2026-04-24 13:31:57] INFO - Start OU preprocess
[2026-04-24 13:31:57] INFO - Finish OU preprocess
[2026-04-24 13:31:58] INFO - Epoch: 30/100, train Sharpe: 0.04, ret: 0.0073, std: 0.1829, turnover: 1.310, short proportion: 0.825 
        time per epoch: 0.13s, dev loss 0.06, dev Sharpe: 1.03, ret: 0.3053, std: 0.2973, turnover: 0.047, short proportion: 1.000

[2026-04-24 13:31:58] INFO - Reducing learning rate
[2026-04-24 13:31:59] INFO - Start OU preprocess
[2026-04-24 13:31:59] INFO - Finish OU preprocess
[2026-04-24 13:31:59] INFO - Epoch: 40/100, train Sharpe: 0.07, ret: 0.0116, std: 0.1750, turnover: 1.316, short proportion: 0.820 
        time per epoch: 0.13s, dev loss 0.06, dev Sharpe: 1.03, ret: 0.3053, std: 0.2973, turnover: 0.047, short proportion: 1.000

[2026-04-24 13:32:00] INFO - Start OU preprocess
[2026-04-24 13:32:00] INFO - Finish OU preprocess
[2026-04-24 13:32:00] INFO - Epoch: 50/100, train Sharpe: -0.01, ret: -0.0012, std: 0.1765, turnover: 1.313, short proportion: 0.820 
        time per epoch: 0.13s, dev loss 0.06, dev Sharpe: 1.03, ret: 0.3053, std: 0.2973, turnover: 0.047, short proportion: 1.000

[2026-04-24 13:32:01] INFO - Start OU preprocess
[2026-04-24 13:32:01] INFO - Finish OU preprocess
[2026-04-24 13:32:02] INFO - Epoch: 60/100, train Sharpe: -0.00, ret: -0.0005, std: 0.1806, turnover: 1.311, short proportion: 0.821 
        time per epoch: 0.13s, dev loss 0.06, dev Sharpe: 1.03, ret: 0.3053, std: 0.2973, turnover: 0.047, short proportion: 1.000

[2026-04-24 13:32:02] INFO - Reducing learning rate
[2026-04-24 13:32:03] INFO - Start OU preprocess
[2026-04-24 13:32:03] INFO - Finish OU preprocess
[2026-04-24 13:32:03] INFO - Epoch: 70/100, train Sharpe: -0.15, ret: -0.0257, std: 0.1740, turnover: 1.318, short proportion: 0.821 
        time per epoch: 0.13s, dev loss 0.06, dev Sharpe: 1.03, ret: 0.3053, std: 0.2973, turnover: 0.047, short proportion: 1.000

[2026-04-24 13:32:04] INFO - Start OU preprocess
[2026-04-24 13:32:04] INFO - Finish OU preprocess
[2026-04-24 13:32:04] INFO - Epoch: 80/100, train Sharpe: 0.20, ret: 0.0358, std: 0.1789, turnover: 1.309, short proportion: 0.819 
        time per epoch: 0.13s, dev loss 0.06, dev Sharpe: 1.03, ret: 0.3053, std: 0.2973, turnover: 0.047, short proportion: 1.000

[2026-04-24 13:32:04] INFO - Reducing learning rate
[2026-04-24 13:32:05] INFO - Start OU preprocess
[2026-04-24 13:32:05] INFO - Finish OU preprocess
[2026-04-24 13:32:05] INFO - Epoch: 90/100, train Sharpe: 0.14, ret: 0.0258, std: 0.1792, turnover: 1.314, short proportion: 0.820 
        time per epoch: 0.13s, dev loss 0.06, dev Sharpe: 1.03, ret: 0.3053, std: 0.2973, turnover: 0.047, short proportion: 1.000

[2026-04-24 13:32:05] INFO - Reducing learning rate
[2026-04-24 13:32:06] INFO - Training done - Model: Crypto3__OUFFN__sharpe__0trans_cost__0hold_cost__80lookback__2500length_training__prompt-cow__subperiod11, seed: 0
[2026-04-24 13:32:06] INFO - AT SUBPERIOD 12/14
[2026-04-24 13:32:06] INFO - train(): data_train.shape (2500, 70)
[2026-04-24 13:32:06] INFO - train(): assets_to_trade.shape (70,)
[2026-04-24 13:32:06] INFO - train(): T 2500 N 58
[2026-04-24 13:32:06] INFO - Start OU preprocess
[2026-04-24 13:32:06] INFO - Finish OU preprocess
[2026-04-24 13:32:06] INFO - train(): windows.shape (2420, 58, 4) idxs_selected.shape torch.Size([2420, 58])
[2026-04-24 13:32:06] INFO - epoch 0 batch 0 weights.shape torch.Size([512, 58])
[2026-04-24 13:32:07] INFO - Start OU preprocess
[2026-04-24 13:32:07] INFO - Finish OU preprocess
[2026-04-24 13:32:07] INFO - Epoch: 0/100, train Sharpe: 0.12, ret: 0.0222, std: 0.1883, turnover: 1.316, short proportion: 0.821 
        time per epoch: 0.47s, dev loss 0.06, dev Sharpe: 1.03, ret: 0.2162, std: 0.2099, turnover: 0.064, short proportion: 1.000

[2026-04-24 13:32:08] INFO - Start OU preprocess
[2026-04-24 13:32:08] INFO - Finish OU preprocess
[2026-04-24 13:32:08] INFO - Epoch: 10/100, train Sharpe: 0.19, ret: 0.0357, std: 0.1916, turnover: 1.311, short proportion: 0.826 
        time per epoch: 0.15s, dev loss 0.06, dev Sharpe: 1.03, ret: 0.2162, std: 0.2099, turnover: 0.064, short proportion: 1.000

[2026-04-24 13:32:08] INFO - Reducing learning rate
[2026-04-24 13:32:09] INFO - Start OU preprocess
[2026-04-24 13:32:09] INFO - Finish OU preprocess
[2026-04-24 13:32:09] INFO - Epoch: 20/100, train Sharpe: 0.27, ret: 0.0500, std: 0.1871, turnover: 1.314, short proportion: 0.823 
        time per epoch: 0.13s, dev loss 0.06, dev Sharpe: 1.03, ret: 0.2162, std: 0.2099, turnover: 0.064, short proportion: 1.000

[2026-04-24 13:32:10] INFO - Start OU preprocess
[2026-04-24 13:32:10] INFO - Finish OU preprocess
[2026-04-24 13:32:11] INFO - Epoch: 30/100, train Sharpe: 0.19, ret: 0.0372, std: 0.1959, turnover: 1.307, short proportion: 0.826 
        time per epoch: 0.13s, dev loss 0.06, dev Sharpe: 1.03, ret: 0.2162, std: 0.2099, turnover: 0.064, short proportion: 1.000

[2026-04-24 13:32:12] INFO - Start OU preprocess
[2026-04-24 13:32:12] INFO - Finish OU preprocess
[2026-04-24 13:32:12] INFO - Epoch: 40/100, train Sharpe: 0.30, ret: 0.0560, std: 0.1890, turnover: 1.313, short proportion: 0.826 
        time per epoch: 0.13s, dev loss 0.06, dev Sharpe: 1.03, ret: 0.2162, std: 0.2099, turnover: 0.064, short proportion: 1.000

[2026-04-24 13:32:13] INFO - Start OU preprocess
[2026-04-24 13:32:13] INFO - Finish OU preprocess
[2026-04-24 13:32:13] INFO - Epoch: 50/100, train Sharpe: 0.11, ret: 0.0208, std: 0.1921, turnover: 1.312, short proportion: 0.828 
        time per epoch: 0.13s, dev loss 0.06, dev Sharpe: 1.03, ret: 0.2162, std: 0.2099, turnover: 0.064, short proportion: 1.000

[2026-04-24 13:32:13] INFO - Reducing learning rate
[2026-04-24 13:32:14] INFO - Start OU preprocess
[2026-04-24 13:32:14] INFO - Finish OU preprocess
[2026-04-24 13:32:14] INFO - Epoch: 60/100, train Sharpe: 0.25, ret: 0.0481, std: 0.1919, turnover: 1.313, short proportion: 0.825 
        time per epoch: 0.13s, dev loss 0.06, dev Sharpe: 1.03, ret: 0.2162, std: 0.2099, turnover: 0.064, short proportion: 1.000

[2026-04-24 13:32:15] INFO - Start OU preprocess
[2026-04-24 13:32:15] INFO - Finish OU preprocess
[2026-04-24 13:32:16] INFO - Epoch: 70/100, train Sharpe: 0.24, ret: 0.0469, std: 0.1954, turnover: 1.316, short proportion: 0.824 
        time per epoch: 0.13s, dev loss 0.06, dev Sharpe: 1.03, ret: 0.2162, std: 0.2099, turnover: 0.064, short proportion: 1.000

[2026-04-24 13:32:17] INFO - Start OU preprocess
[2026-04-24 13:32:17] INFO - Finish OU preprocess
[2026-04-24 13:32:17] INFO - Epoch: 80/100, train Sharpe: 0.15, ret: 0.0291, std: 0.1916, turnover: 1.313, short proportion: 0.824 
        time per epoch: 0.13s, dev loss 0.06, dev Sharpe: 1.03, ret: 0.2162, std: 0.2099, turnover: 0.064, short proportion: 1.000

[2026-04-24 13:32:18] INFO - Start OU preprocess
[2026-04-24 13:32:18] INFO - Finish OU preprocess
[2026-04-24 13:32:18] INFO - Epoch: 90/100, train Sharpe: 0.21, ret: 0.0396, std: 0.1887, turnover: 1.311, short proportion: 0.825 
        time per epoch: 0.13s, dev loss 0.06, dev Sharpe: 1.03, ret: 0.2162, std: 0.2099, turnover: 0.064, short proportion: 1.000

[2026-04-24 13:32:19] INFO - Training done - Model: Crypto3__OUFFN__sharpe__0trans_cost__0hold_cost__80lookback__2500length_training__prompt-cow__subperiod12, seed: 0
[2026-04-24 13:32:19] INFO - AT SUBPERIOD 13/14
[2026-04-24 13:32:19] INFO - train(): data_train.shape (2500, 70)
[2026-04-24 13:32:19] INFO - train(): assets_to_trade.shape (70,)
[2026-04-24 13:32:19] INFO - train(): T 2500 N 57
[2026-04-24 13:32:19] INFO - Start OU preprocess
[2026-04-24 13:32:19] INFO - Finish OU preprocess
[2026-04-24 13:32:19] INFO - train(): windows.shape (2420, 57, 4) idxs_selected.shape torch.Size([2420, 57])
[2026-04-24 13:32:19] INFO - epoch 0 batch 0 weights.shape torch.Size([512, 57])
[2026-04-24 13:32:19] INFO - Start OU preprocess
[2026-04-24 13:32:19] INFO - Finish OU preprocess
[2026-04-24 13:32:20] INFO - Epoch: 0/100, train Sharpe: 0.51, ret: 0.0866, std: 0.1705, turnover: 1.319, short proportion: 0.821 
        time per epoch: 0.48s, dev loss -0.01, dev Sharpe: -0.16, ret: -0.0242, std: 0.1545, turnover: 0.015, short proportion: 1.000

[2026-04-24 13:32:20] INFO - Start OU preprocess
[2026-04-24 13:32:20] INFO - Finish OU preprocess
[2026-04-24 13:32:21] INFO - Epoch: 10/100, train Sharpe: 0.64, ret: 0.1115, std: 0.1741, turnover: 1.305, short proportion: 0.833 
        time per epoch: 0.14s, dev loss -0.01, dev Sharpe: -0.16, ret: -0.0242, std: 0.1545, turnover: 0.015, short proportion: 1.000

[2026-04-24 13:32:21] INFO - Reducing learning rate
[2026-04-24 13:32:22] INFO - Start OU preprocess
[2026-04-24 13:32:22] INFO - Finish OU preprocess
[2026-04-24 13:32:22] INFO - Epoch: 20/100, train Sharpe: 0.58, ret: 0.0975, std: 0.1693, turnover: 1.313, short proportion: 0.823 
        time per epoch: 0.13s, dev loss -0.01, dev Sharpe: -0.16, ret: -0.0242, std: 0.1545, turnover: 0.015, short proportion: 1.000

[2026-04-24 13:32:23] INFO - Start OU preprocess
[2026-04-24 13:32:23] INFO - Finish OU preprocess
[2026-04-24 13:32:23] INFO - Epoch: 30/100, train Sharpe: 0.52, ret: 0.0872, std: 0.1683, turnover: 1.306, short proportion: 0.825 
        time per epoch: 0.12s, dev loss -0.01, dev Sharpe: -0.16, ret: -0.0242, std: 0.1545, turnover: 0.015, short proportion: 1.000

[2026-04-24 13:32:24] INFO - Start OU preprocess
[2026-04-24 13:32:24] INFO - Finish OU preprocess
[2026-04-24 13:32:24] INFO - Epoch: 40/100, train Sharpe: 0.55, ret: 0.0915, std: 0.1675, turnover: 1.318, short proportion: 0.824 
        time per epoch: 0.12s, dev loss -0.01, dev Sharpe: -0.16, ret: -0.0242, std: 0.1545, turnover: 0.015, short proportion: 1.000

[2026-04-24 13:32:25] INFO - Start OU preprocess
[2026-04-24 13:32:25] INFO - Finish OU preprocess
[2026-04-24 13:32:25] INFO - Epoch: 50/100, train Sharpe: 0.68, ret: 0.1161, std: 0.1713, turnover: 1.316, short proportion: 0.825 
        time per epoch: 0.12s, dev loss -0.01, dev Sharpe: -0.16, ret: -0.0242, std: 0.1545, turnover: 0.015, short proportion: 1.000

[2026-04-24 13:32:26] INFO - Start OU preprocess
[2026-04-24 13:32:26] INFO - Finish OU preprocess
[2026-04-24 13:32:26] INFO - Epoch: 60/100, train Sharpe: 0.63, ret: 0.1090, std: 0.1727, turnover: 1.307, short proportion: 0.827 
        time per epoch: 0.12s, dev loss -0.01, dev Sharpe: -0.16, ret: -0.0242, std: 0.1545, turnover: 0.015, short proportion: 1.000

[2026-04-24 13:32:27] INFO - Start OU preprocess
[2026-04-24 13:32:27] INFO - Finish OU preprocess
[2026-04-24 13:32:27] INFO - Epoch: 70/100, train Sharpe: 0.80, ret: 0.1319, std: 0.1657, turnover: 1.309, short proportion: 0.830 
        time per epoch: 0.12s, dev loss -0.01, dev Sharpe: -0.16, ret: -0.0242, std: 0.1545, turnover: 0.015, short proportion: 1.000

[2026-04-24 13:32:27] INFO - Reducing learning rate
[2026-04-24 13:32:28] INFO - Start OU preprocess
[2026-04-24 13:32:28] INFO - Finish OU preprocess
[2026-04-24 13:32:29] INFO - Epoch: 80/100, train Sharpe: 0.61, ret: 0.1039, std: 0.1714, turnover: 1.310, short proportion: 0.825 
        time per epoch: 0.12s, dev loss -0.01, dev Sharpe: -0.16, ret: -0.0242, std: 0.1545, turnover: 0.015, short proportion: 1.000

[2026-04-24 13:32:29] INFO - Start OU preprocess
[2026-04-24 13:32:29] INFO - Finish OU preprocess
[2026-04-24 13:32:30] INFO - Epoch: 90/100, train Sharpe: 0.43, ret: 0.0722, std: 0.1671, turnover: 1.310, short proportion: 0.827 
        time per epoch: 0.12s, dev loss -0.01, dev Sharpe: -0.16, ret: -0.0242, std: 0.1545, turnover: 0.015, short proportion: 1.000

[2026-04-24 13:32:30] INFO - Training done - Model: Crypto3__OUFFN__sharpe__0trans_cost__0hold_cost__80lookback__2500length_training__prompt-cow__subperiod13, seed: 0
[2026-04-24 13:32:30] INFO - TRAIN/TEST COMPLETE
[2026-04-24 13:32:31] INFO - ==> Sharpe: 0.22, ret: 0.0537, std: 0.2449, turnover: 0.0481, short_proportion: 1.0000
