[2026-04-24 18:26:28] INFO - Logging initialized for 'OUFFN' by 'taniaadmane' on host 'MacBook-Air-de-Tania.local' with ID 'next-lemur'
[2026-04-24 18:26:28] INFO - Config: 
{
  "mode": "test",
  "results_tag": "",
  "debug": false,
  "model_name": "OUFFN",
  "model": {
    "lookback": 80,
    "dropout": 0.3,
    "hidden_units": [
      4,
      8,
      8,
      4
    ]
  },
  "preprocess_func": "preprocess_ou",
  "use_residual_weights": false,
  "cap_proportion": 0.01,
  "factor_models": {
    "IPCA": [],
    "PCA": [],
    "FamaFrench": [],
    "Crypto": [
      1,
      3,
      5,
      8
    ]
  },
  "num_epochs": 100,
  "optimizer_name": "Adam",
  "optimizer_opts": {
    "lr": 0.0005
  },
  "batch_size": 512,
  "retrain_freq": 512,
  "rolling_retrain": true,
  "force_retrain": true,
  "length_training": 5000,
  "early_stopping": true,
  "objective": "sharpe",
  "market_frictions": false,
  "trans_cost": 0,
  "hold_cost": 0
}
[2026-04-24 18:26:28] INFO - Testing residuals/crypto_pca_4h/Crypto_PCAresiduals_1_factors_2022_initialOOSYear_360_rollingWindow_0.01_Cap.npy
[2026-04-24 18:26:28] INFO - Loading residuals
[2026-04-24 18:26:28] INFO - Residuals loaded
[2026-04-24 18:26:28] INFO - STARTING: Crypto1__OUFFN__sharpe__0trans_cost__0hold_cost__80lookback__5000length_training__next-lemur
[2026-04-24 18:26:28] INFO - Running on devices ['mps']
[2026-04-24 18:26:28] INFO - test(): assets_to_trade.shape (94,)
[2026-04-24 18:26:28] INFO - AT SUBPERIOD 0/9
[2026-04-24 18:26:28] INFO - train(): data_train.shape (5000, 70)
[2026-04-24 18:26:28] INFO - train(): assets_to_trade.shape (70,)
[2026-04-24 18:26:28] INFO - train(): T 5000 N 62
[2026-04-24 18:26:28] INFO - Start OU preprocess
[2026-04-24 18:26:28] INFO - Finish OU preprocess
[2026-04-24 18:26:28] INFO - train(): windows.shape (4920, 62, 4) idxs_selected.shape torch.Size([4920, 62])
[2026-04-24 18:26:29] INFO - epoch 0 batch 0 weights.shape torch.Size([512, 62])
[2026-04-24 18:26:29] INFO - Start OU preprocess
[2026-04-24 18:26:29] INFO - Finish OU preprocess
[2026-04-24 18:26:30] INFO - Epoch: 0/100, train Sharpe: 0.60, ret: 0.3743, std: 0.6203, turnover: 0.377, short proportion: 1.000 
        time per epoch: 1.09s, dev loss 0.05, dev Sharpe: 1.90, ret: 1.1857, std: 0.6221, turnover: 0.053, short proportion: 1.000

[2026-04-24 18:26:32] INFO - Start OU preprocess
[2026-04-24 18:26:32] INFO - Finish OU preprocess
[2026-04-24 18:26:32] INFO - Epoch: 10/100, train Sharpe: 0.59, ret: 0.3660, std: 0.6192, turnover: 0.373, short proportion: 1.000 
        time per epoch: 0.31s, dev loss 0.05, dev Sharpe: 1.90, ret: 1.1857, std: 0.6221, turnover: 0.053, short proportion: 1.000

[2026-04-24 18:26:35] INFO - Start OU preprocess
[2026-04-24 18:26:35] INFO - Finish OU preprocess
[2026-04-24 18:26:35] INFO - Epoch: 20/100, train Sharpe: 0.55, ret: 0.3416, std: 0.6190, turnover: 0.375, short proportion: 1.000 
        time per epoch: 0.32s, dev loss 0.05, dev Sharpe: 1.90, ret: 1.1857, std: 0.6221, turnover: 0.053, short proportion: 1.000

[2026-04-24 18:26:35] INFO - Reducing learning rate
[2026-04-24 18:26:38] INFO - Start OU preprocess
[2026-04-24 18:26:38] INFO - Finish OU preprocess
[2026-04-24 18:26:38] INFO - Epoch: 30/100, train Sharpe: 0.59, ret: 0.3680, std: 0.6201, turnover: 0.376, short proportion: 1.000 
        time per epoch: 0.30s, dev loss 0.05, dev Sharpe: 1.90, ret: 1.1857, std: 0.6221, turnover: 0.053, short proportion: 1.000

[2026-04-24 18:26:38] INFO - Reducing learning rate
[2026-04-24 18:26:40] INFO - Start OU preprocess
[2026-04-24 18:26:40] INFO - Finish OU preprocess
