[2026-04-24 13:06:04] INFO - Logging initialized for 'OUFFN' by 'taniaadmane' on host 'Air-de-Tania' with ID 'funny-mako'
[2026-04-24 13:06:04] INFO - Config: 
{
  "mode": "test",
  "results_tag": "",
  "debug": false,
  "model_name": "OUFFN",
  "model": {
    "lookback": 180,
    "dropout": 0.25,
    "hidden_units": [
      4,
      4,
      4,
      4
    ]
  },
  "preprocess_func": "preprocess_ou",
  "use_residual_weights": false,
  "cap_proportion": 0.01,
  "factor_models": {
    "IPCA": [],
    "PCA": [],
    "FamaFrench": [],
    "Crypto": [
      3
    ]
  },
  "num_epochs": 100,
  "optimizer_name": "Adam",
  "optimizer_opts": {
    "lr": 0.001
  },
  "batch_size": 750,
  "retrain_freq": 750,
  "rolling_retrain": true,
  "force_retrain": true,
  "length_training": 6000,
  "early_stopping": true,
  "objective": "sharpe",
  "market_frictions": false,
  "trans_cost": 0,
  "hold_cost": 0
}
[2026-04-24 13:06:04] INFO - Testing residuals/crypto_pca_4h/Crypto_PCAresiduals_3_factors_2022_initialOOSYear_360_rollingWindow_0.01_Cap.npy
[2026-04-24 13:06:04] INFO - Loading residuals
[2026-04-24 13:06:04] INFO - Residuals loaded
[2026-04-24 13:06:04] INFO - STARTING: Crypto3__OUFFN__sharpe__0trans_cost__0hold_cost__180lookback__6000length_training__funny-mako
[2026-04-24 13:06:04] INFO - Running on devices ['mps']
[2026-04-24 13:06:04] INFO - test(): assets_to_trade.shape (94,)
[2026-04-24 13:06:04] INFO - AT SUBPERIOD 0/5
[2026-04-24 13:06:04] INFO - train(): data_train.shape (6000, 69)
[2026-04-24 13:06:04] INFO - train(): assets_to_trade.shape (69,)
[2026-04-24 13:06:04] INFO - train(): T 6000 N 63
[2026-04-24 13:06:04] INFO - Start OU preprocess
[2026-04-24 13:06:04] INFO - Finish OU preprocess
[2026-04-24 13:06:04] INFO - train(): windows.shape (5820, 63, 4) idxs_selected.shape torch.Size([5820, 63])
[2026-04-24 13:06:05] INFO - epoch 0 batch 0 weights.shape torch.Size([750, 63])
[2026-04-24 13:06:06] INFO - Start OU preprocess
[2026-04-24 13:06:06] INFO - Finish OU preprocess
[2026-04-24 13:06:06] INFO - Epoch: 0/100, train Sharpe: -0.22, ret: -0.0546, std: 0.2473, turnover: 0.357, short proportion: 0.000 
        time per epoch: 1.16s, dev loss 0.01, dev Sharpe: 0.23, ret: 0.0717, std: 0.3128, turnover: 0.034, short proportion: 0.000

[2026-04-24 13:06:08] INFO - Start OU preprocess
[2026-04-24 13:06:08] INFO - Finish OU preprocess
[2026-04-24 13:06:08] INFO - Epoch: 10/100, train Sharpe: -0.21, ret: -0.0528, std: 0.2465, turnover: 0.376, short proportion: 0.000 
        time per epoch: 0.27s, dev loss 0.01, dev Sharpe: 0.23, ret: 0.0717, std: 0.3128, turnover: 0.034, short proportion: 0.000

[2026-04-24 13:06:08] INFO - Reducing learning rate
[2026-04-24 13:06:10] INFO - Start OU preprocess
[2026-04-24 13:06:10] INFO - Finish OU preprocess
[2026-04-24 13:06:10] INFO - Epoch: 20/100, train Sharpe: -0.22, ret: -0.0545, std: 0.2468, turnover: 0.366, short proportion: 0.000 
        time per epoch: 0.24s, dev loss 0.01, dev Sharpe: 0.23, ret: 0.0717, std: 0.3128, turnover: 0.034, short proportion: 0.000

[2026-04-24 13:06:10] INFO - Reducing learning rate
[2026-04-24 13:06:12] INFO - Start OU preprocess
[2026-04-24 13:06:12] INFO - Finish OU preprocess
[2026-04-24 13:06:12] INFO - Epoch: 30/100, train Sharpe: -0.21, ret: -0.0520, std: 0.2469, turnover: 0.350, short proportion: 0.000 
        time per epoch: 0.23s, dev loss 0.01, dev Sharpe: 0.23, ret: 0.0717, std: 0.3128, turnover: 0.034, short proportion: 0.000

[2026-04-24 13:06:14] INFO - Start OU preprocess
[2026-04-24 13:06:14] INFO - Finish OU preprocess
[2026-04-24 13:06:14] INFO - Epoch: 40/100, train Sharpe: -0.22, ret: -0.0537, std: 0.2469, turnover: 0.360, short proportion: 0.000 
        time per epoch: 0.22s, dev loss 0.01, dev Sharpe: 0.23, ret: 0.0717, std: 0.3128, turnover: 0.034, short proportion: 0.000

[2026-04-24 13:06:16] INFO - Start OU preprocess
[2026-04-24 13:06:16] INFO - Finish OU preprocess
[2026-04-24 13:06:16] INFO - Epoch: 50/100, train Sharpe: -0.22, ret: -0.0537, std: 0.2472, turnover: 0.359, short proportion: 0.000 
        time per epoch: 0.22s, dev loss 0.01, dev Sharpe: 0.23, ret: 0.0717, std: 0.3128, turnover: 0.034, short proportion: 0.000

[2026-04-24 13:06:18] INFO - Start OU preprocess
[2026-04-24 13:06:18] INFO - Finish OU preprocess
[2026-04-24 13:06:18] INFO - Epoch: 60/100, train Sharpe: -0.21, ret: -0.0524, std: 0.2472, turnover: 0.355, short proportion: 0.000 
        time per epoch: 0.21s, dev loss 0.01, dev Sharpe: 0.23, ret: 0.0717, std: 0.3128, turnover: 0.034, short proportion: 0.000

[2026-04-24 13:06:20] INFO - Start OU preprocess
[2026-04-24 13:06:20] INFO - Finish OU preprocess
[2026-04-24 13:06:20] INFO - Epoch: 70/100, train Sharpe: -0.23, ret: -0.0564, std: 0.2470, turnover: 0.357, short proportion: 0.000 
        time per epoch: 0.22s, dev loss 0.01, dev Sharpe: 0.23, ret: 0.0717, std: 0.3128, turnover: 0.034, short proportion: 0.000

[2026-04-24 13:06:22] INFO - Start OU preprocess
[2026-04-24 13:06:22] INFO - Finish OU preprocess
[2026-04-24 13:06:22] INFO - Epoch: 80/100, train Sharpe: -0.21, ret: -0.0526, std: 0.2472, turnover: 0.354, short proportion: 0.000 
        time per epoch: 0.22s, dev loss 0.01, dev Sharpe: 0.23, ret: 0.0717, std: 0.3128, turnover: 0.034, short proportion: 0.000

[2026-04-24 13:06:24] INFO - Start OU preprocess
[2026-04-24 13:06:24] INFO - Finish OU preprocess
[2026-04-24 13:06:25] INFO - Epoch: 90/100, train Sharpe: -0.21, ret: -0.0508, std: 0.2470, turnover: 0.349, short proportion: 0.000 
        time per epoch: 0.22s, dev loss 0.01, dev Sharpe: 0.23, ret: 0.0717, std: 0.3128, turnover: 0.034, short proportion: 0.000

[2026-04-24 13:06:26] INFO - Training done - Model: Crypto3__OUFFN__sharpe__0trans_cost__0hold_cost__180lookback__6000length_training__funny-mako__subperiod0, seed: 0
[2026-04-24 13:06:26] INFO - AT SUBPERIOD 1/5
[2026-04-24 13:06:26] INFO - train(): data_train.shape (6000, 69)
[2026-04-24 13:06:26] INFO - train(): assets_to_trade.shape (69,)
[2026-04-24 13:06:26] INFO - train(): T 6000 N 61
[2026-04-24 13:06:26] INFO - Start OU preprocess
[2026-04-24 13:06:27] INFO - Finish OU preprocess
[2026-04-24 13:06:27] INFO - train(): windows.shape (5820, 61, 4) idxs_selected.shape torch.Size([5820, 61])
[2026-04-24 13:06:27] INFO - epoch 0 batch 0 weights.shape torch.Size([750, 61])
[2026-04-24 13:06:27] INFO - Start OU preprocess
[2026-04-24 13:06:27] INFO - Finish OU preprocess
[2026-04-24 13:06:27] INFO - Epoch: 0/100, train Sharpe: -0.04, ret: -0.0094, std: 0.2477, turnover: 0.359, short proportion: 0.000 
        time per epoch: 0.72s, dev loss -0.03, dev Sharpe: -0.51, ret: -0.1452, std: 0.2833, turnover: 0.028, short proportion: 0.000

[2026-04-24 13:06:29] INFO - Start OU preprocess
[2026-04-24 13:06:29] INFO - Finish OU preprocess
[2026-04-24 13:06:29] INFO - Epoch: 10/100, train Sharpe: -0.04, ret: -0.0094, std: 0.2473, turnover: 0.328, short proportion: 0.000 
        time per epoch: 0.24s, dev loss -0.03, dev Sharpe: -0.51, ret: -0.1452, std: 0.2833, turnover: 0.028, short proportion: 0.000

[2026-04-24 13:06:29] INFO - Reducing learning rate
[2026-04-24 13:06:31] INFO - Start OU preprocess
[2026-04-24 13:06:31] INFO - Finish OU preprocess
[2026-04-24 13:06:31] INFO - Epoch: 20/100, train Sharpe: -0.04, ret: -0.0094, std: 0.2479, turnover: 0.357, short proportion: 0.000 
        time per epoch: 0.22s, dev loss -0.03, dev Sharpe: -0.51, ret: -0.1452, std: 0.2833, turnover: 0.028, short proportion: 0.000

[2026-04-24 13:06:31] INFO - Reducing learning rate
[2026-04-24 13:06:33] INFO - Start OU preprocess
[2026-04-24 13:06:33] INFO - Finish OU preprocess
[2026-04-24 13:06:33] INFO - Epoch: 30/100, train Sharpe: -0.04, ret: -0.0099, std: 0.2481, turnover: 0.344, short proportion: 0.000 
        time per epoch: 0.21s, dev loss -0.03, dev Sharpe: -0.51, ret: -0.1452, std: 0.2833, turnover: 0.028, short proportion: 0.000

[2026-04-24 13:06:33] INFO - Reducing learning rate
[2026-04-24 13:06:35] INFO - Start OU preprocess
[2026-04-24 13:06:35] INFO - Finish OU preprocess
[2026-04-24 13:06:35] INFO - Epoch: 40/100, train Sharpe: -0.03, ret: -0.0072, std: 0.2474, turnover: 0.349, short proportion: 0.000 
        time per epoch: 0.21s, dev loss -0.03, dev Sharpe: -0.51, ret: -0.1452, std: 0.2833, turnover: 0.028, short proportion: 0.000

[2026-04-24 13:06:35] INFO - Reducing learning rate
[2026-04-24 13:06:37] INFO - Start OU preprocess
[2026-04-24 13:06:37] INFO - Finish OU preprocess
[2026-04-24 13:06:37] INFO - Epoch: 50/100, train Sharpe: -0.02, ret: -0.0043, std: 0.2478, turnover: 0.353, short proportion: 0.000 
        time per epoch: 0.21s, dev loss -0.03, dev Sharpe: -0.51, ret: -0.1452, std: 0.2833, turnover: 0.028, short proportion: 0.000

[2026-04-24 13:06:37] INFO - Reducing learning rate
[2026-04-24 13:06:39] INFO - Start OU preprocess
[2026-04-24 13:06:39] INFO - Finish OU preprocess
[2026-04-24 13:06:39] INFO - Epoch: 60/100, train Sharpe: -0.03, ret: -0.0063, std: 0.2473, turnover: 0.351, short proportion: 0.000 
        time per epoch: 0.21s, dev loss -0.03, dev Sharpe: -0.51, ret: -0.1452, std: 0.2833, turnover: 0.028, short proportion: 0.000

[2026-04-24 13:06:39] INFO - Early stopping max trials reached
[2026-04-24 13:06:39] INFO - Training done - Model: Crypto3__OUFFN__sharpe__0trans_cost__0hold_cost__180lookback__6000length_training__funny-mako__subperiod1, seed: 0
[2026-04-24 13:06:39] INFO - AT SUBPERIOD 2/5
[2026-04-24 13:06:39] INFO - train(): data_train.shape (6000, 69)
[2026-04-24 13:06:39] INFO - train(): assets_to_trade.shape (69,)
[2026-04-24 13:06:39] INFO - train(): T 6000 N 63
[2026-04-24 13:06:39] INFO - Start OU preprocess
[2026-04-24 13:06:40] INFO - Finish OU preprocess
[2026-04-24 13:06:40] INFO - train(): windows.shape (5820, 63, 4) idxs_selected.shape torch.Size([5820, 63])
[2026-04-24 13:06:40] INFO - epoch 0 batch 0 weights.shape torch.Size([750, 63])
[2026-04-24 13:06:40] INFO - Start OU preprocess
[2026-04-24 13:06:40] INFO - Finish OU preprocess
[2026-04-24 13:06:40] INFO - Epoch: 0/100, train Sharpe: -0.08, ret: -0.0187, std: 0.2484, turnover: 0.362, short proportion: 0.000 
        time per epoch: 0.56s, dev loss 0.01, dev Sharpe: 0.17, ret: 0.0349, std: 0.2094, turnover: 0.024, short proportion: 0.000

[2026-04-24 13:06:42] INFO - Start OU preprocess
[2026-04-24 13:06:42] INFO - Finish OU preprocess
[2026-04-24 13:06:42] INFO - Epoch: 10/100, train Sharpe: -0.07, ret: -0.0172, std: 0.2484, turnover: 0.343, short proportion: 0.000 
        time per epoch: 0.22s, dev loss 0.01, dev Sharpe: 0.17, ret: 0.0349, std: 0.2094, turnover: 0.024, short proportion: 0.000

[2026-04-24 13:06:44] INFO - Start OU preprocess
[2026-04-24 13:06:44] INFO - Finish OU preprocess
[2026-04-24 13:06:44] INFO - Epoch: 20/100, train Sharpe: -0.07, ret: -0.0167, std: 0.2483, turnover: 0.320, short proportion: 0.000 
        time per epoch: 0.21s, dev loss 0.01, dev Sharpe: 0.17, ret: 0.0349, std: 0.2094, turnover: 0.024, short proportion: 0.000

[2026-04-24 13:06:46] INFO - Start OU preprocess
[2026-04-24 13:06:46] INFO - Finish OU preprocess
[2026-04-24 13:06:46] INFO - Epoch: 30/100, train Sharpe: -0.06, ret: -0.0146, std: 0.2480, turnover: 0.319, short proportion: 0.000 
        time per epoch: 0.20s, dev loss 0.01, dev Sharpe: 0.17, ret: 0.0349, std: 0.2094, turnover: 0.024, short proportion: 0.000

[2026-04-24 13:06:47] INFO - Start OU preprocess
[2026-04-24 13:06:47] INFO - Finish OU preprocess
[2026-04-24 13:06:48] INFO - Epoch: 40/100, train Sharpe: -0.07, ret: -0.0180, std: 0.2484, turnover: 0.310, short proportion: 0.000 
        time per epoch: 0.20s, dev loss 0.01, dev Sharpe: 0.17, ret: 0.0349, std: 0.2094, turnover: 0.024, short proportion: 0.000

[2026-04-24 13:06:49] INFO - Start OU preprocess
[2026-04-24 13:06:49] INFO - Finish OU preprocess
[2026-04-24 13:06:50] INFO - Epoch: 50/100, train Sharpe: -0.07, ret: -0.0184, std: 0.2482, turnover: 0.287, short proportion: 0.000 
        time per epoch: 0.19s, dev loss 0.01, dev Sharpe: 0.17, ret: 0.0349, std: 0.2094, turnover: 0.024, short proportion: 0.000

[2026-04-24 13:06:51] INFO - Start OU preprocess
[2026-04-24 13:06:51] INFO - Finish OU preprocess
[2026-04-24 13:06:52] INFO - Epoch: 60/100, train Sharpe: -0.07, ret: -0.0171, std: 0.2480, turnover: 0.286, short proportion: 0.000 
        time per epoch: 0.19s, dev loss 0.01, dev Sharpe: 0.17, ret: 0.0349, std: 0.2094, turnover: 0.024, short proportion: 0.000

[2026-04-24 13:06:53] INFO - Start OU preprocess
[2026-04-24 13:06:53] INFO - Finish OU preprocess
[2026-04-24 13:06:53] INFO - Epoch: 70/100, train Sharpe: -0.08, ret: -0.0207, std: 0.2480, turnover: 0.281, short proportion: 0.000 
        time per epoch: 0.19s, dev loss 0.01, dev Sharpe: 0.17, ret: 0.0349, std: 0.2094, turnover: 0.024, short proportion: 0.000

[2026-04-24 13:06:55] INFO - Start OU preprocess
[2026-04-24 13:06:55] INFO - Finish OU preprocess
[2026-04-24 13:06:55] INFO - Epoch: 80/100, train Sharpe: -0.06, ret: -0.0156, std: 0.2478, turnover: 0.270, short proportion: 0.000 
        time per epoch: 0.19s, dev loss 0.01, dev Sharpe: 0.17, ret: 0.0349, std: 0.2094, turnover: 0.024, short proportion: 0.000

[2026-04-24 13:06:57] INFO - Start OU preprocess
[2026-04-24 13:06:57] INFO - Finish OU preprocess
[2026-04-24 13:06:57] INFO - Epoch: 90/100, train Sharpe: -0.07, ret: -0.0165, std: 0.2482, turnover: 0.271, short proportion: 0.000 
        time per epoch: 0.19s, dev loss 0.01, dev Sharpe: 0.17, ret: 0.0349, std: 0.2094, turnover: 0.024, short proportion: 0.000

[2026-04-24 13:06:59] INFO - Training done - Model: Crypto3__OUFFN__sharpe__0trans_cost__0hold_cost__180lookback__6000length_training__funny-mako__subperiod2, seed: 0
[2026-04-24 13:06:59] INFO - AT SUBPERIOD 3/5
[2026-04-24 13:06:59] INFO - train(): data_train.shape (6000, 69)
[2026-04-24 13:06:59] INFO - train(): assets_to_trade.shape (69,)
[2026-04-24 13:06:59] INFO - train(): T 6000 N 62
[2026-04-24 13:06:59] INFO - Start OU preprocess
[2026-04-24 13:07:00] INFO - Finish OU preprocess
[2026-04-24 13:07:00] INFO - train(): windows.shape (5820, 62, 4) idxs_selected.shape torch.Size([5820, 62])
[2026-04-24 13:07:00] INFO - epoch 0 batch 0 weights.shape torch.Size([750, 62])
[2026-04-24 13:07:00] INFO - Start OU preprocess
[2026-04-24 13:07:00] INFO - Finish OU preprocess
[2026-04-24 13:07:00] INFO - Epoch: 0/100, train Sharpe: -0.07, ret: -0.0173, std: 0.2450, turnover: 0.352, short proportion: 0.000 
        time per epoch: 0.64s, dev loss -0.08, dev Sharpe: -1.20, ret: -0.3311, std: 0.2759, turnover: 0.042, short proportion: 0.000

[2026-04-24 13:07:02] INFO - Start OU preprocess
[2026-04-24 13:07:02] INFO - Finish OU preprocess
[2026-04-24 13:07:02] INFO - Epoch: 10/100, train Sharpe: -0.05, ret: -0.0132, std: 0.2451, turnover: 0.327, short proportion: 0.000 
        time per epoch: 0.25s, dev loss -0.08, dev Sharpe: -1.20, ret: -0.3311, std: 0.2759, turnover: 0.042, short proportion: 0.000

[2026-04-24 13:07:04] INFO - Start OU preprocess
[2026-04-24 13:07:04] INFO - Finish OU preprocess
[2026-04-24 13:07:04] INFO - Epoch: 20/100, train Sharpe: -0.05, ret: -0.0123, std: 0.2452, turnover: 0.318, short proportion: 0.000 
        time per epoch: 0.22s, dev loss -0.08, dev Sharpe: -1.20, ret: -0.3311, std: 0.2759, turnover: 0.042, short proportion: 0.000

[2026-04-24 13:07:06] INFO - Start OU preprocess
[2026-04-24 13:07:06] INFO - Finish OU preprocess
[2026-04-24 13:07:06] INFO - Epoch: 30/100, train Sharpe: -0.04, ret: -0.0097, std: 0.2451, turnover: 0.320, short proportion: 0.000 
        time per epoch: 0.21s, dev loss -0.08, dev Sharpe: -1.20, ret: -0.3311, std: 0.2759, turnover: 0.042, short proportion: 0.000

[2026-04-24 13:07:08] INFO - Start OU preprocess
[2026-04-24 13:07:08] INFO - Finish OU preprocess
[2026-04-24 13:07:08] INFO - Epoch: 40/100, train Sharpe: -0.04, ret: -0.0107, std: 0.2451, turnover: 0.335, short proportion: 0.000 
        time per epoch: 0.20s, dev loss -0.08, dev Sharpe: -1.20, ret: -0.3311, std: 0.2759, turnover: 0.042, short proportion: 0.000

[2026-04-24 13:07:09] INFO - Start OU preprocess
[2026-04-24 13:07:09] INFO - Finish OU preprocess
[2026-04-24 13:07:10] INFO - Epoch: 50/100, train Sharpe: -0.03, ret: -0.0068, std: 0.2450, turnover: 0.340, short proportion: 0.000 
        time per epoch: 0.20s, dev loss -0.08, dev Sharpe: -1.20, ret: -0.3311, std: 0.2759, turnover: 0.042, short proportion: 0.000

[2026-04-24 13:07:11] INFO - Start OU preprocess
[2026-04-24 13:07:11] INFO - Finish OU preprocess
[2026-04-24 13:07:12] INFO - Epoch: 60/100, train Sharpe: -0.04, ret: -0.0107, std: 0.2454, turnover: 0.379, short proportion: 0.000 
        time per epoch: 0.19s, dev loss -0.08, dev Sharpe: -1.20, ret: -0.3311, std: 0.2759, turnover: 0.043, short proportion: 0.000

[2026-04-24 13:07:13] INFO - Start OU preprocess
[2026-04-24 13:07:13] INFO - Finish OU preprocess
[2026-04-24 13:07:13] INFO - Epoch: 70/100, train Sharpe: -0.06, ret: -0.0147, std: 0.2450, turnover: 0.394, short proportion: 0.000 
        time per epoch: 0.19s, dev loss -0.08, dev Sharpe: -1.20, ret: -0.3311, std: 0.2759, turnover: 0.043, short proportion: 0.000

[2026-04-24 13:07:15] INFO - Start OU preprocess
[2026-04-24 13:07:15] INFO - Finish OU preprocess
[2026-04-24 13:07:15] INFO - Epoch: 80/100, train Sharpe: -0.05, ret: -0.0112, std: 0.2453, turnover: 0.379, short proportion: 0.000 
        time per epoch: 0.19s, dev loss -0.08, dev Sharpe: -1.20, ret: -0.3311, std: 0.2759, turnover: 0.043, short proportion: 0.000

[2026-04-24 13:07:17] INFO - Start OU preprocess
[2026-04-24 13:07:17] INFO - Finish OU preprocess
[2026-04-24 13:07:17] INFO - Epoch: 90/100, train Sharpe: -0.05, ret: -0.0114, std: 0.2458, turnover: 0.459, short proportion: 0.000 
        time per epoch: 0.19s, dev loss -0.08, dev Sharpe: -1.20, ret: -0.3310, std: 0.2759, turnover: 0.043, short proportion: 0.000

[2026-04-24 13:07:18] INFO - Training done - Model: Crypto3__OUFFN__sharpe__0trans_cost__0hold_cost__180lookback__6000length_training__funny-mako__subperiod3, seed: 0
[2026-04-24 13:07:18] INFO - AT SUBPERIOD 4/5
[2026-04-24 13:07:18] INFO - train(): data_train.shape (6000, 69)
[2026-04-24 13:07:18] INFO - train(): assets_to_trade.shape (69,)
[2026-04-24 13:07:18] INFO - train(): T 6000 N 62
[2026-04-24 13:07:18] INFO - Start OU preprocess
[2026-04-24 13:07:19] INFO - Finish OU preprocess
[2026-04-24 13:07:19] INFO - train(): windows.shape (5820, 62, 4) idxs_selected.shape torch.Size([5820, 62])
[2026-04-24 13:07:19] INFO - epoch 0 batch 0 weights.shape torch.Size([750, 62])
[2026-04-24 13:07:19] INFO - Start OU preprocess
[2026-04-24 13:07:19] INFO - Finish OU preprocess
[2026-04-24 13:07:19] INFO - Epoch: 0/100, train Sharpe: -0.14, ret: -0.0353, std: 0.2515, turnover: 0.360, short proportion: 0.000 
        time per epoch: 0.46s, dev loss -0.00, dev Sharpe: -0.06, ret: -0.0102, std: 0.1777, turnover: 0.017, short proportion: 0.000

[2026-04-24 13:07:21] INFO - Start OU preprocess
[2026-04-24 13:07:21] INFO - Finish OU preprocess
[2026-04-24 13:07:21] INFO - Epoch: 10/100, train Sharpe: -0.14, ret: -0.0362, std: 0.2518, turnover: 0.379, short proportion: 0.000 
        time per epoch: 0.19s, dev loss -0.00, dev Sharpe: -0.06, ret: -0.0102, std: 0.1777, turnover: 0.017, short proportion: 0.000

[2026-04-24 13:07:22] INFO - Start OU preprocess
[2026-04-24 13:07:23] INFO - Finish OU preprocess
[2026-04-24 13:07:23] INFO - Epoch: 20/100, train Sharpe: -0.14, ret: -0.0358, std: 0.2515, turnover: 0.356, short proportion: 0.000 
        time per epoch: 0.18s, dev loss -0.00, dev Sharpe: -0.06, ret: -0.0101, std: 0.1777, turnover: 0.017, short proportion: 0.000

[2026-04-24 13:07:24] INFO - Start OU preprocess
[2026-04-24 13:07:24] INFO - Finish OU preprocess
[2026-04-24 13:07:24] INFO - Epoch: 30/100, train Sharpe: -0.12, ret: -0.0310, std: 0.2513, turnover: 0.350, short proportion: 0.000 
        time per epoch: 0.18s, dev loss -0.00, dev Sharpe: -0.06, ret: -0.0101, std: 0.1777, turnover: 0.017, short proportion: 0.000

[2026-04-24 13:07:26] INFO - Start OU preprocess
[2026-04-24 13:07:26] INFO - Finish OU preprocess
[2026-04-24 13:07:26] INFO - Epoch: 40/100, train Sharpe: -0.14, ret: -0.0350, std: 0.2516, turnover: 0.352, short proportion: 0.000 
        time per epoch: 0.18s, dev loss -0.00, dev Sharpe: -0.06, ret: -0.0101, std: 0.1777, turnover: 0.017, short proportion: 0.000

[2026-04-24 13:07:27] INFO - Start OU preprocess
[2026-04-24 13:07:28] INFO - Finish OU preprocess
[2026-04-24 13:07:28] INFO - Epoch: 50/100, train Sharpe: -0.14, ret: -0.0340, std: 0.2517, turnover: 0.342, short proportion: 0.000 
        time per epoch: 0.17s, dev loss -0.00, dev Sharpe: -0.06, ret: -0.0101, std: 0.1777, turnover: 0.017, short proportion: 0.000

[2026-04-24 13:07:28] INFO - Reducing learning rate
[2026-04-24 13:07:29] INFO - Start OU preprocess
[2026-04-24 13:07:29] INFO - Finish OU preprocess
[2026-04-24 13:07:30] INFO - Epoch: 60/100, train Sharpe: -0.13, ret: -0.0334, std: 0.2512, turnover: 0.361, short proportion: 0.000 
        time per epoch: 0.17s, dev loss -0.00, dev Sharpe: -0.06, ret: -0.0101, std: 0.1777, turnover: 0.017, short proportion: 0.000

[2026-04-24 13:07:31] INFO - Start OU preprocess
[2026-04-24 13:07:31] INFO - Finish OU preprocess
[2026-04-24 13:07:31] INFO - Epoch: 70/100, train Sharpe: -0.14, ret: -0.0353, std: 0.2513, turnover: 0.364, short proportion: 0.000 
        time per epoch: 0.17s, dev loss -0.00, dev Sharpe: -0.06, ret: -0.0101, std: 0.1777, turnover: 0.017, short proportion: 0.000

[2026-04-24 13:07:33] INFO - Start OU preprocess
[2026-04-24 13:07:33] INFO - Finish OU preprocess
[2026-04-24 13:07:33] INFO - Epoch: 80/100, train Sharpe: -0.14, ret: -0.0341, std: 0.2516, turnover: 0.366, short proportion: 0.000 
        time per epoch: 0.17s, dev loss -0.00, dev Sharpe: -0.06, ret: -0.0101, std: 0.1777, turnover: 0.017, short proportion: 0.000

[2026-04-24 13:07:35] INFO - Start OU preprocess
[2026-04-24 13:07:35] INFO - Finish OU preprocess
[2026-04-24 13:07:35] INFO - Epoch: 90/100, train Sharpe: -0.13, ret: -0.0320, std: 0.2511, turnover: 0.359, short proportion: 0.000 
        time per epoch: 0.17s, dev loss -0.00, dev Sharpe: -0.06, ret: -0.0101, std: 0.1777, turnover: 0.017, short proportion: 0.000

[2026-04-24 13:07:36] INFO - Training done - Model: Crypto3__OUFFN__sharpe__0trans_cost__0hold_cost__180lookback__6000length_training__funny-mako__subperiod4, seed: 0
[2026-04-24 13:07:36] INFO - TRAIN/TEST COMPLETE
[2026-04-24 13:07:37] INFO - ==> Sharpe: -0.31, ret: -0.0819, std: 0.2629, turnover: 0.0302, short_proportion: 0.0000
