[2026-04-24 13:20:47] INFO - Logging initialized for 'OUFFN' by 'taniaadmane' on host 'Air-de-Tania' with ID 'subtle-eft'
[2026-04-24 13:20:47] INFO - Config: 
{
  "mode": "test",
  "results_tag": "",
  "debug": false,
  "model_name": "OUFFN",
  "model": {
    "lookback": 90,
    "dropout": 0.1,
    "hidden_units": [
      4,
      4,
      4,
      4
    ]
  },
  "preprocess_func": "preprocess_ou",
  "use_residual_weights": false,
  "cap_proportion": 0.01,
  "factor_models": {
    "IPCA": [],
    "PCA": [],
    "FamaFrench": [],
    "Crypto": [
      3
    ]
  },
  "num_epochs": 100,
  "optimizer_name": "Adam",
  "optimizer_opts": {
    "lr": 5e-05
  },
  "batch_size": 512,
  "retrain_freq": 512,
  "rolling_retrain": true,
  "force_retrain": true,
  "length_training": 5000,
  "early_stopping": true,
  "objective": "sharpe",
  "market_frictions": false,
  "trans_cost": 0,
  "hold_cost": 0
}
[2026-04-24 13:20:47] INFO - Testing residuals/crypto_pca_4h/Crypto_PCAresiduals_3_factors_2022_initialOOSYear_360_rollingWindow_0.01_Cap.npy
[2026-04-24 13:20:47] INFO - Loading residuals
[2026-04-24 13:20:47] INFO - Residuals loaded
[2026-04-24 13:20:47] INFO - STARTING: Crypto3__OUFFN__sharpe__0trans_cost__0hold_cost__90lookback__5000length_training__subtle-eft
[2026-04-24 13:20:47] INFO - Running on devices ['mps']
[2026-04-24 13:20:47] INFO - test(): assets_to_trade.shape (94,)
[2026-04-24 13:20:47] INFO - AT SUBPERIOD 0/9
[2026-04-24 13:20:47] INFO - train(): data_train.shape (5000, 70)
[2026-04-24 13:20:47] INFO - train(): assets_to_trade.shape (70,)
[2026-04-24 13:20:47] INFO - train(): T 5000 N 62
[2026-04-24 13:20:47] INFO - Start OU preprocess
[2026-04-24 13:20:48] INFO - Finish OU preprocess
[2026-04-24 13:20:48] INFO - train(): windows.shape (4910, 62, 4) idxs_selected.shape torch.Size([4910, 62])
[2026-04-24 13:20:48] INFO - epoch 0 batch 0 weights.shape torch.Size([512, 62])
[2026-04-24 13:20:49] INFO - Start OU preprocess
[2026-04-24 13:20:49] INFO - Finish OU preprocess
[2026-04-24 13:20:49] INFO - Epoch: 0/100, train Sharpe: -0.24, ret: -0.0617, std: 0.2520, turnover: 0.215, short proportion: 0.000 
        time per epoch: 1.17s, dev loss -0.05, dev Sharpe: -0.73, ret: -0.1862, std: 0.2540, turnover: 0.051, short proportion: 0.000

[2026-04-24 13:20:51] INFO - Start OU preprocess
[2026-04-24 13:20:51] INFO - Finish OU preprocess
[2026-04-24 13:20:51] INFO - Epoch: 10/100, train Sharpe: -0.26, ret: -0.0647, std: 0.2522, turnover: 0.215, short proportion: 0.000 
        time per epoch: 0.29s, dev loss -0.05, dev Sharpe: -0.73, ret: -0.1862, std: 0.2540, turnover: 0.051, short proportion: 0.000

[2026-04-24 13:20:53] INFO - Start OU preprocess
[2026-04-24 13:20:53] INFO - Finish OU preprocess
[2026-04-24 13:20:53] INFO - Epoch: 20/100, train Sharpe: -0.25, ret: -0.0639, std: 0.2524, turnover: 0.214, short proportion: 0.000 
        time per epoch: 0.25s, dev loss -0.05, dev Sharpe: -0.73, ret: -0.1862, std: 0.2540, turnover: 0.051, short proportion: 0.000

