[2026-04-24 15:29:30] INFO - Logging initialized for 'OUFFN' by 'taniaadmane' on host 'Air-de-Tania' with ID 'deep-bunny'
[2026-04-24 15:29:30] INFO - Config: 
{
  "mode": "test",
  "results_tag": "",
  "debug": false,
  "model_name": "OUFFN",
  "model": {
    "lookback": 80,
    "dropout": 0.3,
    "hidden_units": [
      4,
      8,
      8,
      4
    ]
  },
  "preprocess_func": "preprocess_ou",
  "use_residual_weights": false,
  "cap_proportion": 0.01,
  "factor_models": {
    "IPCA": [],
    "PCA": [],
    "FamaFrench": [],
    "Crypto": [
      1,
      3,
      5,
      8
    ]
  },
  "num_epochs": 100,
  "optimizer_name": "Adam",
  "optimizer_opts": {
    "lr": 5e-05
  },
  "batch_size": 512,
  "retrain_freq": 512,
  "rolling_retrain": true,
  "force_retrain": true,
  "length_training": 5000,
  "early_stopping": true,
  "objective": "sortino",
  "market_frictions": false,
  "trans_cost": 0,
  "hold_cost": 0
}
[2026-04-24 15:29:30] INFO - Testing residuals/crypto_pca_4h/Crypto_PCAresiduals_1_factors_2022_initialOOSYear_360_rollingWindow_0.01_Cap.npy
[2026-04-24 15:29:30] INFO - Loading residuals
[2026-04-24 15:29:30] INFO - Residuals loaded
[2026-04-24 15:29:30] INFO - STARTING: Crypto1__OUFFN__sortino__0trans_cost__0hold_cost__80lookback__5000length_training__deep-bunny
[2026-04-24 15:29:30] INFO - Running on devices ['mps']
[2026-04-24 15:29:30] INFO - test(): assets_to_trade.shape (94,)
[2026-04-24 15:29:30] INFO - AT SUBPERIOD 0/9
[2026-04-24 15:29:30] INFO - train(): data_train.shape (5000, 70)
[2026-04-24 15:29:30] INFO - train(): assets_to_trade.shape (70,)
[2026-04-24 15:29:30] INFO - train(): T 5000 N 62
[2026-04-24 15:29:30] INFO - Start OU preprocess
[2026-04-24 15:29:31] INFO - Finish OU preprocess
[2026-04-24 15:29:31] INFO - train(): windows.shape (4920, 62, 4) idxs_selected.shape torch.Size([4920, 62])
[2026-04-24 15:29:31] INFO - epoch 0 batch 0 weights.shape torch.Size([512, 62])
[2026-04-24 15:29:32] INFO - Start OU preprocess
[2026-04-24 15:29:32] INFO - Finish OU preprocess
[2026-04-24 15:29:32] INFO - Epoch: 0/100, train Sharpe: 0.25, ret: 0.0624, std: 0.2532, turnover: 0.376, short proportion: 1.000 
        time per epoch: 1.18s, dev loss 0.08, dev Sharpe: 0.78, ret: 0.1976, std: 0.2540, turnover: 0.053, short proportion: 1.000

[2026-04-24 15:29:35] INFO - Start OU preprocess
[2026-04-24 15:29:35] INFO - Finish OU preprocess
[2026-04-24 15:29:36] INFO - Epoch: 10/100, train Sharpe: 0.24, ret: 0.0610, std: 0.2528, turnover: 0.377, short proportion: 1.000 
        time per epoch: 0.41s, dev loss 0.08, dev Sharpe: 0.78, ret: 0.1976, std: 0.2540, turnover: 0.053, short proportion: 1.000

