[2026-04-24 13:21:54] INFO - Logging initialized for 'OUFFN' by 'taniaadmane' on host 'Air-de-Tania' with ID 'wanted-puma'
[2026-04-24 13:21:54] INFO - Config: 
{
  "mode": "test",
  "results_tag": "",
  "debug": false,
  "model_name": "OUFFN",
  "model": {
    "lookback": 80,
    "dropout": 0.3,
    "hidden_units": [
      4,
      8,
      8,
      4
    ]
  },
  "preprocess_func": "preprocess_ou",
  "use_residual_weights": false,
  "cap_proportion": 0.01,
  "factor_models": {
    "IPCA": [],
    "PCA": [],
    "FamaFrench": [],
    "Crypto": [
      3
    ]
  },
  "num_epochs": 100,
  "optimizer_name": "Adam",
  "optimizer_opts": {
    "lr": 0.0005
  },
  "batch_size": 512,
  "retrain_freq": 512,
  "rolling_retrain": true,
  "force_retrain": true,
  "length_training": 5000,
  "early_stopping": true,
  "objective": "sharpe",
  "market_frictions": false,
  "trans_cost": 0,
  "hold_cost": 0
}
[2026-04-24 13:21:54] INFO - Testing residuals/crypto_pca_4h/Crypto_PCAresiduals_3_factors_2022_initialOOSYear_360_rollingWindow_0.01_Cap.npy
[2026-04-24 13:21:54] INFO - Loading residuals
[2026-04-24 13:21:54] INFO - Residuals loaded
[2026-04-24 13:21:54] INFO - STARTING: Crypto3__OUFFN__sharpe__0trans_cost__0hold_cost__80lookback__5000length_training__wanted-puma
[2026-04-24 13:21:54] INFO - Running on devices ['mps']
[2026-04-24 13:21:54] INFO - test(): assets_to_trade.shape (94,)
[2026-04-24 13:21:54] INFO - AT SUBPERIOD 0/9
[2026-04-24 13:21:54] INFO - train(): data_train.shape (5000, 70)
[2026-04-24 13:21:54] INFO - train(): assets_to_trade.shape (70,)
[2026-04-24 13:21:54] INFO - train(): T 5000 N 62
[2026-04-24 13:21:54] INFO - Start OU preprocess
[2026-04-24 13:21:54] INFO - Finish OU preprocess
[2026-04-24 13:21:54] INFO - train(): windows.shape (4920, 62, 4) idxs_selected.shape torch.Size([4920, 62])
[2026-04-24 13:21:55] INFO - epoch 0 batch 0 weights.shape torch.Size([512, 62])
[2026-04-24 13:21:56] INFO - Start OU preprocess
[2026-04-24 13:21:57] INFO - Finish OU preprocess
[2026-04-24 13:21:57] INFO - Epoch: 0/100, train Sharpe: 0.25, ret: 0.0619, std: 0.2523, turnover: 0.376, short proportion: 1.000 
        time per epoch: 2.21s, dev loss 0.05, dev Sharpe: 0.76, ret: 0.1937, std: 0.2537, turnover: 0.053, short proportion: 1.000

[2026-04-24 13:21:59] INFO - Start OU preprocess
[2026-04-24 13:21:59] INFO - Finish OU preprocess
[2026-04-24 13:21:59] INFO - Epoch: 10/100, train Sharpe: 0.24, ret: 0.0600, std: 0.2529, turnover: 0.378, short proportion: 1.000 
        time per epoch: 0.42s, dev loss 0.05, dev Sharpe: 0.76, ret: 0.1937, std: 0.2537, turnover: 0.053, short proportion: 1.000

[2026-04-24 13:22:01] INFO - Start OU preprocess
[2026-04-24 13:22:01] INFO - Finish OU preprocess
[2026-04-24 13:22:01] INFO - Epoch: 20/100, train Sharpe: 0.23, ret: 0.0579, std: 0.2527, turnover: 0.379, short proportion: 1.000 
        time per epoch: 0.33s, dev loss 0.05, dev Sharpe: 0.76, ret: 0.1937, std: 0.2537, turnover: 0.053, short proportion: 1.000

[2026-04-24 13:22:04] INFO - Start OU preprocess
[2026-04-24 13:22:04] INFO - Finish OU preprocess
[2026-04-24 13:22:04] INFO - Epoch: 30/100, train Sharpe: 0.24, ret: 0.0620, std: 0.2533, turnover: 0.383, short proportion: 1.000 
        time per epoch: 0.30s, dev loss 0.05, dev Sharpe: 0.76, ret: 0.1937, std: 0.2537, turnover: 0.053, short proportion: 1.000

[2026-04-24 13:22:06] INFO - Start OU preprocess
[2026-04-24 13:22:06] INFO - Finish OU preprocess
[2026-04-24 13:22:07] INFO - Epoch: 40/100, train Sharpe: 0.25, ret: 0.0628, std: 0.2528, turnover: 0.378, short proportion: 1.000 
        time per epoch: 0.29s, dev loss 0.05, dev Sharpe: 0.76, ret: 0.1937, std: 0.2537, turnover: 0.053, short proportion: 1.000

[2026-04-24 13:22:09] INFO - Start OU preprocess
[2026-04-24 13:22:09] INFO - Finish OU preprocess
[2026-04-24 13:22:09] INFO - Epoch: 50/100, train Sharpe: 0.23, ret: 0.0573, std: 0.2525, turnover: 0.379, short proportion: 1.000 
        time per epoch: 0.28s, dev loss 0.05, dev Sharpe: 0.76, ret: 0.1937, std: 0.2537, turnover: 0.053, short proportion: 1.000

[2026-04-24 13:22:11] INFO - Start OU preprocess
[2026-04-24 13:22:11] INFO - Finish OU preprocess
[2026-04-24 13:22:11] INFO - Epoch: 60/100, train Sharpe: 0.22, ret: 0.0548, std: 0.2526, turnover: 0.381, short proportion: 1.000 
        time per epoch: 0.27s, dev loss 0.05, dev Sharpe: 0.76, ret: 0.1937, std: 0.2537, turnover: 0.053, short proportion: 1.000

[2026-04-24 13:22:13] INFO - Start OU preprocess
[2026-04-24 13:22:13] INFO - Finish OU preprocess
[2026-04-24 13:22:13] INFO - Epoch: 70/100, train Sharpe: 0.25, ret: 0.0626, std: 0.2531, turnover: 0.377, short proportion: 1.000 
        time per epoch: 0.26s, dev loss 0.05, dev Sharpe: 0.76, ret: 0.1937, std: 0.2537, turnover: 0.053, short proportion: 1.000

[2026-04-24 13:22:15] INFO - Start OU preprocess
[2026-04-24 13:22:15] INFO - Finish OU preprocess
[2026-04-24 13:22:16] INFO - Epoch: 80/100, train Sharpe: 0.25, ret: 0.0629, std: 0.2526, turnover: 0.373, short proportion: 1.000 
        time per epoch: 0.26s, dev loss 0.05, dev Sharpe: 0.76, ret: 0.1937, std: 0.2537, turnover: 0.053, short proportion: 1.000

[2026-04-24 13:22:18] INFO - Start OU preprocess
[2026-04-24 13:22:18] INFO - Finish OU preprocess
[2026-04-24 13:22:18] INFO - Epoch: 90/100, train Sharpe: 0.23, ret: 0.0585, std: 0.2533, turnover: 0.373, short proportion: 1.000 
        time per epoch: 0.26s, dev loss 0.05, dev Sharpe: 0.76, ret: 0.1937, std: 0.2537, turnover: 0.053, short proportion: 1.000

[2026-04-24 13:22:20] INFO - Training done - Model: Crypto3__OUFFN__sharpe__0trans_cost__0hold_cost__80lookback__5000length_training__wanted-puma__subperiod0, seed: 0
[2026-04-24 13:22:20] INFO - AT SUBPERIOD 1/9
[2026-04-24 13:22:20] INFO - train(): data_train.shape (5000, 70)
[2026-04-24 13:22:20] INFO - train(): assets_to_trade.shape (70,)
[2026-04-24 13:22:20] INFO - train(): T 5000 N 62
[2026-04-24 13:22:20] INFO - Start OU preprocess
[2026-04-24 13:22:20] INFO - Finish OU preprocess
[2026-04-24 13:22:20] INFO - train(): windows.shape (4920, 62, 4) idxs_selected.shape torch.Size([4920, 62])
[2026-04-24 13:22:20] INFO - epoch 0 batch 0 weights.shape torch.Size([512, 62])
[2026-04-24 13:22:20] INFO - Start OU preprocess
[2026-04-24 13:22:20] INFO - Finish OU preprocess
[2026-04-24 13:22:21] INFO - Epoch: 0/100, train Sharpe: 0.26, ret: 0.0650, std: 0.2475, turnover: 0.374, short proportion: 1.000 
        time per epoch: 0.54s, dev loss 0.00, dev Sharpe: 0.05, ret: 0.0122, std: 0.2424, turnover: 0.056, short proportion: 1.000

[2026-04-24 13:22:23] INFO - Start OU preprocess
[2026-04-24 13:22:23] INFO - Finish OU preprocess
[2026-04-24 13:22:24] INFO - Epoch: 10/100, train Sharpe: 0.28, ret: 0.0697, std: 0.2484, turnover: 0.380, short proportion: 1.000 
        time per epoch: 0.30s, dev loss 0.00, dev Sharpe: 0.05, ret: 0.0122, std: 0.2424, turnover: 0.056, short proportion: 1.000

[2026-04-24 13:22:26] INFO - Start OU preprocess
[2026-04-24 13:22:26] INFO - Finish OU preprocess
[2026-04-24 13:22:26] INFO - Epoch: 20/100, train Sharpe: 0.27, ret: 0.0660, std: 0.2481, turnover: 0.388, short proportion: 1.000 
        time per epoch: 0.27s, dev loss 0.00, dev Sharpe: 0.05, ret: 0.0122, std: 0.2424, turnover: 0.056, short proportion: 1.000

[2026-04-24 13:22:28] INFO - Start OU preprocess
[2026-04-24 13:22:28] INFO - Finish OU preprocess
[2026-04-24 13:22:28] INFO - Epoch: 30/100, train Sharpe: 0.27, ret: 0.0676, std: 0.2469, turnover: 0.388, short proportion: 1.000 
        time per epoch: 0.27s, dev loss 0.00, dev Sharpe: 0.05, ret: 0.0122, std: 0.2424, turnover: 0.056, short proportion: 1.000

[2026-04-24 13:22:30] INFO - Start OU preprocess
[2026-04-24 13:22:30] INFO - Finish OU preprocess
[2026-04-24 13:22:31] INFO - Epoch: 40/100, train Sharpe: 0.27, ret: 0.0672, std: 0.2480, turnover: 0.385, short proportion: 1.000 
        time per epoch: 0.26s, dev loss 0.00, dev Sharpe: 0.05, ret: 0.0122, std: 0.2424, turnover: 0.056, short proportion: 1.000

[2026-04-24 13:22:33] INFO - Start OU preprocess
[2026-04-24 13:22:33] INFO - Finish OU preprocess
[2026-04-24 13:22:33] INFO - Epoch: 50/100, train Sharpe: 0.25, ret: 0.0620, std: 0.2476, turnover: 0.385, short proportion: 1.000 
        time per epoch: 0.25s, dev loss 0.00, dev Sharpe: 0.05, ret: 0.0122, std: 0.2424, turnover: 0.056, short proportion: 1.000

[2026-04-24 13:22:35] INFO - Start OU preprocess
[2026-04-24 13:22:35] INFO - Finish OU preprocess
[2026-04-24 13:22:36] INFO - Epoch: 60/100, train Sharpe: 0.28, ret: 0.0682, std: 0.2478, turnover: 0.389, short proportion: 1.000 
        time per epoch: 0.25s, dev loss 0.00, dev Sharpe: 0.05, ret: 0.0122, std: 0.2424, turnover: 0.056, short proportion: 1.000

[2026-04-24 13:22:37] INFO - Start OU preprocess
[2026-04-24 13:22:37] INFO - Finish OU preprocess
[2026-04-24 13:22:38] INFO - Epoch: 70/100, train Sharpe: 0.29, ret: 0.0716, std: 0.2480, turnover: 0.390, short proportion: 1.000 
        time per epoch: 0.25s, dev loss 0.00, dev Sharpe: 0.05, ret: 0.0123, std: 0.2424, turnover: 0.056, short proportion: 1.000

[2026-04-24 13:22:40] INFO - Start OU preprocess
[2026-04-24 13:22:40] INFO - Finish OU preprocess
[2026-04-24 13:22:40] INFO - Epoch: 80/100, train Sharpe: 0.28, ret: 0.0690, std: 0.2475, turnover: 0.392, short proportion: 1.000 
        time per epoch: 0.24s, dev loss 0.00, dev Sharpe: 0.05, ret: 0.0123, std: 0.2424, turnover: 0.056, short proportion: 1.000

[2026-04-24 13:22:42] INFO - Start OU preprocess
[2026-04-24 13:22:42] INFO - Finish OU preprocess
[2026-04-24 13:22:42] INFO - Epoch: 90/100, train Sharpe: 0.28, ret: 0.0687, std: 0.2474, turnover: 0.391, short proportion: 1.000 
        time per epoch: 0.24s, dev loss 0.00, dev Sharpe: 0.05, ret: 0.0123, std: 0.2424, turnover: 0.056, short proportion: 1.000

[2026-04-24 13:22:44] INFO - Training done - Model: Crypto3__OUFFN__sharpe__0trans_cost__0hold_cost__80lookback__5000length_training__wanted-puma__subperiod1, seed: 0
[2026-04-24 13:22:44] INFO - AT SUBPERIOD 2/9
[2026-04-24 13:22:44] INFO - train(): data_train.shape (5000, 70)
[2026-04-24 13:22:44] INFO - train(): assets_to_trade.shape (70,)
[2026-04-24 13:22:44] INFO - train(): T 5000 N 61
[2026-04-24 13:22:44] INFO - Start OU preprocess
[2026-04-24 13:22:45] INFO - Finish OU preprocess
[2026-04-24 13:22:45] INFO - train(): windows.shape (4920, 61, 4) idxs_selected.shape torch.Size([4920, 61])
[2026-04-24 13:22:45] INFO - epoch 0 batch 0 weights.shape torch.Size([512, 61])
[2026-04-24 13:22:45] INFO - Start OU preprocess
[2026-04-24 13:22:45] INFO - Finish OU preprocess
[2026-04-24 13:22:45] INFO - Epoch: 0/100, train Sharpe: 0.01, ret: 0.0027, std: 0.2305, turnover: 0.373, short proportion: 1.000 
        time per epoch: 0.63s, dev loss -0.04, dev Sharpe: -0.70, ret: -0.2239, std: 0.3176, turnover: 0.054, short proportion: 1.000

[2026-04-24 13:22:47] INFO - Start OU preprocess
[2026-04-24 13:22:47] INFO - Finish OU preprocess
[2026-04-24 13:22:48] INFO - Epoch: 10/100, train Sharpe: 0.03, ret: 0.0066, std: 0.2310, turnover: 0.367, short proportion: 1.000 
        time per epoch: 0.27s, dev loss -0.04, dev Sharpe: -0.70, ret: -0.2239, std: 0.3176, turnover: 0.054, short proportion: 1.000

[2026-04-24 13:22:48] INFO - Reducing learning rate
[2026-04-24 13:22:50] INFO - Start OU preprocess
[2026-04-24 13:22:50] INFO - Finish OU preprocess
[2026-04-24 13:22:50] INFO - Epoch: 20/100, train Sharpe: 0.04, ret: 0.0083, std: 0.2307, turnover: 0.373, short proportion: 1.000 
        time per epoch: 0.25s, dev loss -0.04, dev Sharpe: -0.70, ret: -0.2239, std: 0.3176, turnover: 0.054, short proportion: 1.000

[2026-04-24 13:22:50] INFO - Reducing learning rate
[2026-04-24 13:22:52] INFO - Start OU preprocess
[2026-04-24 13:22:52] INFO - Finish OU preprocess
[2026-04-24 13:22:53] INFO - Epoch: 30/100, train Sharpe: 0.03, ret: 0.0059, std: 0.2302, turnover: 0.373, short proportion: 1.000 
        time per epoch: 0.25s, dev loss -0.04, dev Sharpe: -0.70, ret: -0.2239, std: 0.3176, turnover: 0.054, short proportion: 1.000

[2026-04-24 13:22:53] INFO - Reducing learning rate
[2026-04-24 13:22:55] INFO - Start OU preprocess
[2026-04-24 13:22:55] INFO - Finish OU preprocess
[2026-04-24 13:22:55] INFO - Epoch: 40/100, train Sharpe: 0.01, ret: 0.0034, std: 0.2303, turnover: 0.372, short proportion: 1.000 
        time per epoch: 0.25s, dev loss -0.04, dev Sharpe: -0.70, ret: -0.2239, std: 0.3176, turnover: 0.054, short proportion: 1.000

[2026-04-24 13:22:55] INFO - Reducing learning rate
[2026-04-24 13:22:57] INFO - Start OU preprocess
[2026-04-24 13:22:57] INFO - Finish OU preprocess
[2026-04-24 13:22:57] INFO - Epoch: 50/100, train Sharpe: 0.02, ret: 0.0035, std: 0.2304, turnover: 0.374, short proportion: 1.000 
        time per epoch: 0.25s, dev loss -0.04, dev Sharpe: -0.70, ret: -0.2239, std: 0.3176, turnover: 0.054, short proportion: 1.000

[2026-04-24 13:22:57] INFO - Reducing learning rate
[2026-04-24 13:22:59] INFO - Start OU preprocess
[2026-04-24 13:23:00] INFO - Finish OU preprocess
[2026-04-24 13:23:00] INFO - Epoch: 60/100, train Sharpe: 0.02, ret: 0.0044, std: 0.2303, turnover: 0.374, short proportion: 1.000 
        time per epoch: 0.25s, dev loss -0.04, dev Sharpe: -0.70, ret: -0.2239, std: 0.3176, turnover: 0.054, short proportion: 1.000

[2026-04-24 13:23:00] INFO - Early stopping max trials reached
[2026-04-24 13:23:00] INFO - Training done - Model: Crypto3__OUFFN__sharpe__0trans_cost__0hold_cost__80lookback__5000length_training__wanted-puma__subperiod2, seed: 0
[2026-04-24 13:23:00] INFO - AT SUBPERIOD 3/9
[2026-04-24 13:23:00] INFO - train(): data_train.shape (5000, 70)
[2026-04-24 13:23:00] INFO - train(): assets_to_trade.shape (70,)
[2026-04-24 13:23:00] INFO - train(): T 5000 N 61
[2026-04-24 13:23:00] INFO - Start OU preprocess
[2026-04-24 13:23:00] INFO - Finish OU preprocess
[2026-04-24 13:23:00] INFO - train(): windows.shape (4920, 61, 4) idxs_selected.shape torch.Size([4920, 61])
[2026-04-24 13:23:00] INFO - epoch 0 batch 0 weights.shape torch.Size([512, 61])
[2026-04-24 13:23:00] INFO - Start OU preprocess
[2026-04-24 13:23:00] INFO - Finish OU preprocess
[2026-04-24 13:23:01] INFO - Epoch: 0/100, train Sharpe: -0.06, ret: -0.0133, std: 0.2392, turnover: 0.373, short proportion: 1.000 
        time per epoch: 0.55s, dev loss 0.06, dev Sharpe: 1.03, ret: 0.3302, std: 0.3207, turnover: 0.034, short proportion: 1.000

[2026-04-24 13:23:03] INFO - Start OU preprocess
[2026-04-24 13:23:03] INFO - Finish OU preprocess
[2026-04-24 13:23:03] INFO - Epoch: 10/100, train Sharpe: -0.06, ret: -0.0139, std: 0.2395, turnover: 0.372, short proportion: 1.000 
        time per epoch: 0.26s, dev loss 0.06, dev Sharpe: 1.03, ret: 0.3302, std: 0.3207, turnover: 0.034, short proportion: 1.000

[2026-04-24 13:23:05] INFO - Start OU preprocess
[2026-04-24 13:23:05] INFO - Finish OU preprocess
[2026-04-24 13:23:05] INFO - Epoch: 20/100, train Sharpe: -0.06, ret: -0.0132, std: 0.2393, turnover: 0.378, short proportion: 1.000 
        time per epoch: 0.25s, dev loss 0.06, dev Sharpe: 1.03, ret: 0.3302, std: 0.3207, turnover: 0.034, short proportion: 1.000

[2026-04-24 13:23:07] INFO - Start OU preprocess
[2026-04-24 13:23:07] INFO - Finish OU preprocess
[2026-04-24 13:23:08] INFO - Epoch: 30/100, train Sharpe: -0.05, ret: -0.0110, std: 0.2385, turnover: 0.381, short proportion: 1.000 
        time per epoch: 0.24s, dev loss 0.06, dev Sharpe: 1.03, ret: 0.3302, std: 0.3207, turnover: 0.034, short proportion: 1.000

[2026-04-24 13:23:10] INFO - Start OU preprocess
[2026-04-24 13:23:10] INFO - Finish OU preprocess
[2026-04-24 13:23:10] INFO - Epoch: 40/100, train Sharpe: -0.05, ret: -0.0118, std: 0.2387, turnover: 0.384, short proportion: 1.000 
        time per epoch: 0.24s, dev loss 0.06, dev Sharpe: 1.03, ret: 0.3302, std: 0.3207, turnover: 0.034, short proportion: 1.000

[2026-04-24 13:23:12] INFO - Start OU preprocess
[2026-04-24 13:23:12] INFO - Finish OU preprocess
[2026-04-24 13:23:12] INFO - Epoch: 50/100, train Sharpe: -0.04, ret: -0.0091, std: 0.2383, turnover: 0.386, short proportion: 1.000 
        time per epoch: 0.24s, dev loss 0.06, dev Sharpe: 1.03, ret: 0.3302, std: 0.3207, turnover: 0.034, short proportion: 1.000

[2026-04-24 13:23:14] INFO - Start OU preprocess
[2026-04-24 13:23:14] INFO - Finish OU preprocess
[2026-04-24 13:23:15] INFO - Epoch: 60/100, train Sharpe: -0.05, ret: -0.0124, std: 0.2385, turnover: 0.388, short proportion: 1.000 
        time per epoch: 0.24s, dev loss 0.06, dev Sharpe: 1.03, ret: 0.3302, std: 0.3207, turnover: 0.034, short proportion: 1.000

[2026-04-24 13:23:16] INFO - Start OU preprocess
[2026-04-24 13:23:16] INFO - Finish OU preprocess
[2026-04-24 13:23:17] INFO - Epoch: 70/100, train Sharpe: -0.04, ret: -0.0088, std: 0.2387, turnover: 0.389, short proportion: 1.000 
        time per epoch: 0.23s, dev loss 0.06, dev Sharpe: 1.03, ret: 0.3302, std: 0.3207, turnover: 0.034, short proportion: 1.000

[2026-04-24 13:23:19] INFO - Start OU preprocess
[2026-04-24 13:23:19] INFO - Finish OU preprocess
[2026-04-24 13:23:19] INFO - Epoch: 80/100, train Sharpe: -0.04, ret: -0.0088, std: 0.2382, turnover: 0.390, short proportion: 1.000 
        time per epoch: 0.23s, dev loss 0.06, dev Sharpe: 1.03, ret: 0.3302, std: 0.3207, turnover: 0.034, short proportion: 1.000

[2026-04-24 13:23:21] INFO - Start OU preprocess
[2026-04-24 13:23:21] INFO - Finish OU preprocess
[2026-04-24 13:23:21] INFO - Epoch: 90/100, train Sharpe: -0.06, ret: -0.0149, std: 0.2385, turnover: 0.388, short proportion: 1.000 
        time per epoch: 0.23s, dev loss 0.06, dev Sharpe: 1.03, ret: 0.3302, std: 0.3207, turnover: 0.034, short proportion: 1.000

[2026-04-24 13:23:23] INFO - Training done - Model: Crypto3__OUFFN__sharpe__0trans_cost__0hold_cost__80lookback__5000length_training__wanted-puma__subperiod3, seed: 0
[2026-04-24 13:23:23] INFO - AT SUBPERIOD 4/9
[2026-04-24 13:23:23] INFO - train(): data_train.shape (5000, 70)
[2026-04-24 13:23:23] INFO - train(): assets_to_trade.shape (70,)
[2026-04-24 13:23:23] INFO - train(): T 5000 N 62
[2026-04-24 13:23:23] INFO - Start OU preprocess
[2026-04-24 13:23:24] INFO - Finish OU preprocess
[2026-04-24 13:23:24] INFO - train(): windows.shape (4920, 62, 4) idxs_selected.shape torch.Size([4920, 62])
[2026-04-24 13:23:24] INFO - epoch 0 batch 0 weights.shape torch.Size([512, 62])
[2026-04-24 13:23:24] INFO - Start OU preprocess
[2026-04-24 13:23:24] INFO - Finish OU preprocess
[2026-04-24 13:23:24] INFO - Epoch: 0/100, train Sharpe: 0.00, ret: 0.0006, std: 0.2491, turnover: 0.372, short proportion: 1.000 
        time per epoch: 0.54s, dev loss 0.01, dev Sharpe: 0.10, ret: 0.0248, std: 0.2446, turnover: 0.059, short proportion: 1.000

[2026-04-24 13:23:26] INFO - Start OU preprocess
[2026-04-24 13:23:26] INFO - Finish OU preprocess
[2026-04-24 13:23:26] INFO - Epoch: 10/100, train Sharpe: 0.00, ret: 0.0004, std: 0.2483, turnover: 0.373, short proportion: 1.000 
        time per epoch: 0.25s, dev loss 0.01, dev Sharpe: 0.10, ret: 0.0248, std: 0.2446, turnover: 0.059, short proportion: 1.000

[2026-04-24 13:23:28] INFO - Start OU preprocess
[2026-04-24 13:23:28] INFO - Finish OU preprocess
[2026-04-24 13:23:29] INFO - Epoch: 20/100, train Sharpe: -0.01, ret: -0.0012, std: 0.2489, turnover: 0.379, short proportion: 1.000 
        time per epoch: 0.24s, dev loss 0.01, dev Sharpe: 0.10, ret: 0.0248, std: 0.2446, turnover: 0.059, short proportion: 1.000

[2026-04-24 13:23:31] INFO - Start OU preprocess
[2026-04-24 13:23:31] INFO - Finish OU preprocess
[2026-04-24 13:23:31] INFO - Epoch: 30/100, train Sharpe: 0.01, ret: 0.0013, std: 0.2491, turnover: 0.375, short proportion: 1.000 
        time per epoch: 0.24s, dev loss 0.01, dev Sharpe: 0.10, ret: 0.0248, std: 0.2446, turnover: 0.059, short proportion: 1.000

[2026-04-24 13:23:33] INFO - Start OU preprocess
[2026-04-24 13:23:33] INFO - Finish OU preprocess
[2026-04-24 13:23:33] INFO - Epoch: 40/100, train Sharpe: 0.00, ret: 0.0010, std: 0.2483, turnover: 0.376, short proportion: 1.000 
        time per epoch: 0.24s, dev loss 0.01, dev Sharpe: 0.10, ret: 0.0248, std: 0.2446, turnover: 0.059, short proportion: 1.000

[2026-04-24 13:23:35] INFO - Start OU preprocess
[2026-04-24 13:23:35] INFO - Finish OU preprocess
[2026-04-24 13:23:36] INFO - Epoch: 50/100, train Sharpe: -0.01, ret: -0.0032, std: 0.2491, turnover: 0.376, short proportion: 1.000 
        time per epoch: 0.24s, dev loss 0.01, dev Sharpe: 0.10, ret: 0.0248, std: 0.2446, turnover: 0.059, short proportion: 1.000

[2026-04-24 13:23:38] INFO - Start OU preprocess
[2026-04-24 13:23:38] INFO - Finish OU preprocess
[2026-04-24 13:23:38] INFO - Epoch: 60/100, train Sharpe: -0.02, ret: -0.0058, std: 0.2486, turnover: 0.376, short proportion: 1.000 
        time per epoch: 0.23s, dev loss 0.01, dev Sharpe: 0.10, ret: 0.0248, std: 0.2446, turnover: 0.059, short proportion: 1.000

[2026-04-24 13:23:40] INFO - Start OU preprocess
[2026-04-24 13:23:40] INFO - Finish OU preprocess
[2026-04-24 13:23:40] INFO - Epoch: 70/100, train Sharpe: 0.00, ret: 0.0003, std: 0.2489, turnover: 0.374, short proportion: 1.000 
        time per epoch: 0.23s, dev loss 0.01, dev Sharpe: 0.10, ret: 0.0248, std: 0.2446, turnover: 0.059, short proportion: 1.000

[2026-04-24 13:23:42] INFO - Start OU preprocess
[2026-04-24 13:23:42] INFO - Finish OU preprocess
[2026-04-24 13:23:42] INFO - Epoch: 80/100, train Sharpe: 0.02, ret: 0.0041, std: 0.2481, turnover: 0.372, short proportion: 1.000 
        time per epoch: 0.23s, dev loss 0.01, dev Sharpe: 0.10, ret: 0.0248, std: 0.2446, turnover: 0.059, short proportion: 1.000

[2026-04-24 13:23:44] INFO - Start OU preprocess
[2026-04-24 13:23:44] INFO - Finish OU preprocess
[2026-04-24 13:23:45] INFO - Epoch: 90/100, train Sharpe: 0.01, ret: 0.0025, std: 0.2482, turnover: 0.381, short proportion: 1.000 
        time per epoch: 0.23s, dev loss 0.01, dev Sharpe: 0.10, ret: 0.0248, std: 0.2446, turnover: 0.059, short proportion: 1.000

[2026-04-24 13:23:46] INFO - Training done - Model: Crypto3__OUFFN__sharpe__0trans_cost__0hold_cost__80lookback__5000length_training__wanted-puma__subperiod4, seed: 0
[2026-04-24 13:23:46] INFO - AT SUBPERIOD 5/9
[2026-04-24 13:23:46] INFO - train(): data_train.shape (5000, 70)
[2026-04-24 13:23:46] INFO - train(): assets_to_trade.shape (70,)
[2026-04-24 13:23:46] INFO - train(): T 5000 N 64
[2026-04-24 13:23:46] INFO - Start OU preprocess
[2026-04-24 13:23:47] INFO - Finish OU preprocess
[2026-04-24 13:23:47] INFO - train(): windows.shape (4920, 64, 4) idxs_selected.shape torch.Size([4920, 64])
[2026-04-24 13:23:47] INFO - epoch 0 batch 0 weights.shape torch.Size([512, 64])
[2026-04-24 13:23:47] INFO - Start OU preprocess
[2026-04-24 13:23:47] INFO - Finish OU preprocess
[2026-04-24 13:23:47] INFO - Epoch: 0/100, train Sharpe: 0.09, ret: 0.0215, std: 0.2480, turnover: 0.372, short proportion: 1.000 
        time per epoch: 0.61s, dev loss -0.02, dev Sharpe: -0.24, ret: -0.0535, std: 0.2194, turnover: 0.046, short proportion: 1.000

[2026-04-24 13:23:49] INFO - Start OU preprocess
[2026-04-24 13:23:49] INFO - Finish OU preprocess
[2026-04-24 13:23:50] INFO - Epoch: 10/100, train Sharpe: 0.09, ret: 0.0223, std: 0.2487, turnover: 0.373, short proportion: 1.000 
        time per epoch: 0.27s, dev loss -0.02, dev Sharpe: -0.24, ret: -0.0535, std: 0.2194, turnover: 0.046, short proportion: 1.000

[2026-04-24 13:23:52] INFO - Start OU preprocess
[2026-04-24 13:23:52] INFO - Finish OU preprocess
[2026-04-24 13:23:52] INFO - Epoch: 20/100, train Sharpe: 0.08, ret: 0.0196, std: 0.2481, turnover: 0.375, short proportion: 1.000 
        time per epoch: 0.25s, dev loss -0.02, dev Sharpe: -0.24, ret: -0.0535, std: 0.2194, turnover: 0.046, short proportion: 1.000

[2026-04-24 13:23:54] INFO - Start OU preprocess
[2026-04-24 13:23:54] INFO - Finish OU preprocess
[2026-04-24 13:23:54] INFO - Epoch: 30/100, train Sharpe: 0.09, ret: 0.0215, std: 0.2490, turnover: 0.380, short proportion: 1.000 
        time per epoch: 0.24s, dev loss -0.02, dev Sharpe: -0.24, ret: -0.0535, std: 0.2194, turnover: 0.046, short proportion: 1.000

[2026-04-24 13:23:56] INFO - Start OU preprocess
[2026-04-24 13:23:56] INFO - Finish OU preprocess
[2026-04-24 13:23:57] INFO - Epoch: 40/100, train Sharpe: 0.09, ret: 0.0233, std: 0.2485, turnover: 0.379, short proportion: 1.000 
        time per epoch: 0.24s, dev loss -0.02, dev Sharpe: -0.24, ret: -0.0535, std: 0.2194, turnover: 0.046, short proportion: 1.000

[2026-04-24 13:23:59] INFO - Start OU preprocess
[2026-04-24 13:23:59] INFO - Finish OU preprocess
[2026-04-24 13:23:59] INFO - Epoch: 50/100, train Sharpe: 0.09, ret: 0.0220, std: 0.2482, turnover: 0.376, short proportion: 1.000 
        time per epoch: 0.24s, dev loss -0.02, dev Sharpe: -0.24, ret: -0.0535, std: 0.2194, turnover: 0.046, short proportion: 1.000

[2026-04-24 13:24:01] INFO - Start OU preprocess
[2026-04-24 13:24:01] INFO - Finish OU preprocess
[2026-04-24 13:24:01] INFO - Epoch: 60/100, train Sharpe: 0.09, ret: 0.0230, std: 0.2494, turnover: 0.380, short proportion: 1.000 
        time per epoch: 0.24s, dev loss -0.02, dev Sharpe: -0.24, ret: -0.0535, std: 0.2194, turnover: 0.046, short proportion: 1.000

[2026-04-24 13:24:03] INFO - Start OU preprocess
[2026-04-24 13:24:03] INFO - Finish OU preprocess
[2026-04-24 13:24:04] INFO - Epoch: 70/100, train Sharpe: 0.10, ret: 0.0239, std: 0.2488, turnover: 0.381, short proportion: 1.000 
        time per epoch: 0.24s, dev loss -0.02, dev Sharpe: -0.24, ret: -0.0535, std: 0.2194, turnover: 0.046, short proportion: 1.000

[2026-04-24 13:24:06] INFO - Start OU preprocess
[2026-04-24 13:24:06] INFO - Finish OU preprocess
[2026-04-24 13:24:06] INFO - Epoch: 80/100, train Sharpe: 0.08, ret: 0.0189, std: 0.2485, turnover: 0.381, short proportion: 1.000 
        time per epoch: 0.24s, dev loss -0.02, dev Sharpe: -0.24, ret: -0.0535, std: 0.2194, turnover: 0.046, short proportion: 1.000

[2026-04-24 13:24:08] INFO - Start OU preprocess
[2026-04-24 13:24:08] INFO - Finish OU preprocess
[2026-04-24 13:24:08] INFO - Epoch: 90/100, train Sharpe: 0.08, ret: 0.0205, std: 0.2488, turnover: 0.379, short proportion: 1.000 
        time per epoch: 0.23s, dev loss -0.02, dev Sharpe: -0.24, ret: -0.0535, std: 0.2194, turnover: 0.046, short proportion: 1.000

[2026-04-24 13:24:10] INFO - Training done - Model: Crypto3__OUFFN__sharpe__0trans_cost__0hold_cost__80lookback__5000length_training__wanted-puma__subperiod5, seed: 0
[2026-04-24 13:24:10] INFO - AT SUBPERIOD 6/9
[2026-04-24 13:24:10] INFO - train(): data_train.shape (5000, 70)
[2026-04-24 13:24:10] INFO - train(): assets_to_trade.shape (70,)
[2026-04-24 13:24:10] INFO - train(): T 5000 N 62
[2026-04-24 13:24:10] INFO - Start OU preprocess
[2026-04-24 13:24:10] INFO - Finish OU preprocess
[2026-04-24 13:24:10] INFO - train(): windows.shape (4920, 62, 4) idxs_selected.shape torch.Size([4920, 62])
[2026-04-24 13:24:10] INFO - epoch 0 batch 0 weights.shape torch.Size([512, 62])
[2026-04-24 13:24:11] INFO - Start OU preprocess
[2026-04-24 13:24:11] INFO - Finish OU preprocess
[2026-04-24 13:24:11] INFO - Epoch: 0/100, train Sharpe: -0.03, ret: -0.0067, std: 0.2498, turnover: 0.372, short proportion: 1.000 
        time per epoch: 0.61s, dev loss 0.06, dev Sharpe: 1.01, ret: 0.2938, std: 0.2914, turnover: 0.050, short proportion: 1.000

[2026-04-24 13:24:13] INFO - Start OU preprocess
[2026-04-24 13:24:13] INFO - Finish OU preprocess
[2026-04-24 13:24:13] INFO - Epoch: 10/100, train Sharpe: -0.01, ret: -0.0027, std: 0.2493, turnover: 0.373, short proportion: 1.000 
        time per epoch: 0.27s, dev loss 0.06, dev Sharpe: 1.01, ret: 0.2938, std: 0.2914, turnover: 0.050, short proportion: 1.000

[2026-04-24 13:24:13] INFO - Reducing learning rate
[2026-04-24 13:24:15] INFO - Start OU preprocess
[2026-04-24 13:24:15] INFO - Finish OU preprocess
[2026-04-24 13:24:16] INFO - Epoch: 20/100, train Sharpe: -0.03, ret: -0.0085, std: 0.2497, turnover: 0.374, short proportion: 1.000 
        time per epoch: 0.26s, dev loss 0.06, dev Sharpe: 1.01, ret: 0.2938, std: 0.2914, turnover: 0.050, short proportion: 1.000

[2026-04-24 13:24:16] INFO - Reducing learning rate
[2026-04-24 13:24:18] INFO - Start OU preprocess
[2026-04-24 13:24:18] INFO - Finish OU preprocess
[2026-04-24 13:24:18] INFO - Epoch: 30/100, train Sharpe: -0.02, ret: -0.0043, std: 0.2495, turnover: 0.373, short proportion: 1.000 
        time per epoch: 0.26s, dev loss 0.06, dev Sharpe: 1.01, ret: 0.2938, std: 0.2914, turnover: 0.050, short proportion: 1.000

[2026-04-24 13:24:18] INFO - Reducing learning rate
[2026-04-24 13:24:20] INFO - Start OU preprocess
[2026-04-24 13:24:20] INFO - Finish OU preprocess
[2026-04-24 13:24:21] INFO - Epoch: 40/100, train Sharpe: -0.02, ret: -0.0041, std: 0.2499, turnover: 0.373, short proportion: 1.000 
        time per epoch: 0.25s, dev loss 0.06, dev Sharpe: 1.01, ret: 0.2938, std: 0.2914, turnover: 0.050, short proportion: 1.000

[2026-04-24 13:24:21] INFO - Reducing learning rate
[2026-04-24 13:24:23] INFO - Start OU preprocess
[2026-04-24 13:24:23] INFO - Finish OU preprocess
[2026-04-24 13:24:23] INFO - Epoch: 50/100, train Sharpe: -0.02, ret: -0.0057, std: 0.2504, turnover: 0.373, short proportion: 1.000 
        time per epoch: 0.25s, dev loss 0.06, dev Sharpe: 1.01, ret: 0.2938, std: 0.2914, turnover: 0.050, short proportion: 1.000

[2026-04-24 13:24:23] INFO - Reducing learning rate
[2026-04-24 13:24:25] INFO - Start OU preprocess
[2026-04-24 13:24:25] INFO - Finish OU preprocess
[2026-04-24 13:24:26] INFO - Epoch: 60/100, train Sharpe: -0.01, ret: -0.0025, std: 0.2500, turnover: 0.374, short proportion: 1.000 
        time per epoch: 0.25s, dev loss 0.06, dev Sharpe: 1.01, ret: 0.2938, std: 0.2914, turnover: 0.050, short proportion: 1.000

[2026-04-24 13:24:26] INFO - Early stopping max trials reached
[2026-04-24 13:24:26] INFO - Training done - Model: Crypto3__OUFFN__sharpe__0trans_cost__0hold_cost__80lookback__5000length_training__wanted-puma__subperiod6, seed: 0
[2026-04-24 13:24:26] INFO - AT SUBPERIOD 7/9
[2026-04-24 13:24:26] INFO - train(): data_train.shape (5000, 70)
[2026-04-24 13:24:26] INFO - train(): assets_to_trade.shape (70,)
[2026-04-24 13:24:26] INFO - train(): T 5000 N 62
[2026-04-24 13:24:26] INFO - Start OU preprocess
[2026-04-24 13:24:26] INFO - Finish OU preprocess
[2026-04-24 13:24:26] INFO - train(): windows.shape (4920, 62, 4) idxs_selected.shape torch.Size([4920, 62])
[2026-04-24 13:24:26] INFO - epoch 0 batch 0 weights.shape torch.Size([512, 62])
[2026-04-24 13:24:26] INFO - Start OU preprocess
[2026-04-24 13:24:26] INFO - Finish OU preprocess
[2026-04-24 13:24:26] INFO - Epoch: 0/100, train Sharpe: 0.09, ret: 0.0244, std: 0.2612, turnover: 0.373, short proportion: 1.000 
        time per epoch: 0.56s, dev loss 0.07, dev Sharpe: 1.06, ret: 0.2199, std: 0.2075, turnover: 0.062, short proportion: 1.000

[2026-04-24 13:24:29] INFO - Start OU preprocess
[2026-04-24 13:24:29] INFO - Finish OU preprocess
[2026-04-24 13:24:29] INFO - Epoch: 10/100, train Sharpe: 0.09, ret: 0.0230, std: 0.2610, turnover: 0.372, short proportion: 1.000 
        time per epoch: 0.27s, dev loss 0.07, dev Sharpe: 1.06, ret: 0.2199, std: 0.2075, turnover: 0.062, short proportion: 1.000

[2026-04-24 13:24:31] INFO - Start OU preprocess
[2026-04-24 13:24:31] INFO - Finish OU preprocess
[2026-04-24 13:24:31] INFO - Epoch: 20/100, train Sharpe: 0.09, ret: 0.0236, std: 0.2607, turnover: 0.374, short proportion: 1.000 
        time per epoch: 0.26s, dev loss 0.07, dev Sharpe: 1.06, ret: 0.2199, std: 0.2075, turnover: 0.062, short proportion: 1.000

[2026-04-24 13:24:33] INFO - Start OU preprocess
[2026-04-24 13:24:33] INFO - Finish OU preprocess
[2026-04-24 13:24:34] INFO - Epoch: 30/100, train Sharpe: 0.09, ret: 0.0234, std: 0.2605, turnover: 0.372, short proportion: 1.000 
        time per epoch: 0.25s, dev loss 0.07, dev Sharpe: 1.06, ret: 0.2199, std: 0.2075, turnover: 0.062, short proportion: 1.000

[2026-04-24 13:24:36] INFO - Start OU preprocess
[2026-04-24 13:24:36] INFO - Finish OU preprocess
[2026-04-24 13:24:36] INFO - Epoch: 40/100, train Sharpe: 0.09, ret: 0.0228, std: 0.2614, turnover: 0.370, short proportion: 1.000 
        time per epoch: 0.25s, dev loss 0.07, dev Sharpe: 1.06, ret: 0.2199, std: 0.2075, turnover: 0.062, short proportion: 1.000

[2026-04-24 13:24:38] INFO - Start OU preprocess
[2026-04-24 13:24:38] INFO - Finish OU preprocess
[2026-04-24 13:24:38] INFO - Epoch: 50/100, train Sharpe: 0.08, ret: 0.0208, std: 0.2605, turnover: 0.375, short proportion: 1.000 
        time per epoch: 0.24s, dev loss 0.07, dev Sharpe: 1.06, ret: 0.2199, std: 0.2075, turnover: 0.062, short proportion: 1.000

[2026-04-24 13:24:40] INFO - Start OU preprocess
[2026-04-24 13:24:40] INFO - Finish OU preprocess
[2026-04-24 13:24:41] INFO - Epoch: 60/100, train Sharpe: 0.08, ret: 0.0211, std: 0.2606, turnover: 0.373, short proportion: 1.000 
        time per epoch: 0.24s, dev loss 0.07, dev Sharpe: 1.06, ret: 0.2199, std: 0.2075, turnover: 0.062, short proportion: 1.000

[2026-04-24 13:24:43] INFO - Start OU preprocess
[2026-04-24 13:24:43] INFO - Finish OU preprocess
[2026-04-24 13:24:43] INFO - Epoch: 70/100, train Sharpe: 0.08, ret: 0.0221, std: 0.2608, turnover: 0.367, short proportion: 1.000 
        time per epoch: 0.24s, dev loss 0.07, dev Sharpe: 1.06, ret: 0.2199, std: 0.2075, turnover: 0.062, short proportion: 1.000

[2026-04-24 13:24:45] INFO - Start OU preprocess
[2026-04-24 13:24:45] INFO - Finish OU preprocess
[2026-04-24 13:24:45] INFO - Epoch: 80/100, train Sharpe: 0.07, ret: 0.0192, std: 0.2605, turnover: 0.370, short proportion: 1.000 
        time per epoch: 0.24s, dev loss 0.07, dev Sharpe: 1.06, ret: 0.2199, std: 0.2075, turnover: 0.062, short proportion: 1.000

[2026-04-24 13:24:47] INFO - Start OU preprocess
[2026-04-24 13:24:47] INFO - Finish OU preprocess
[2026-04-24 13:24:47] INFO - Epoch: 90/100, train Sharpe: 0.09, ret: 0.0233, std: 0.2611, turnover: 0.368, short proportion: 1.000 
        time per epoch: 0.24s, dev loss 0.07, dev Sharpe: 1.06, ret: 0.2199, std: 0.2075, turnover: 0.062, short proportion: 1.000

[2026-04-24 13:24:49] INFO - Training done - Model: Crypto3__OUFFN__sharpe__0trans_cost__0hold_cost__80lookback__5000length_training__wanted-puma__subperiod7, seed: 0
[2026-04-24 13:24:49] INFO - AT SUBPERIOD 8/9
[2026-04-24 13:24:49] INFO - train(): data_train.shape (5000, 70)
[2026-04-24 13:24:49] INFO - train(): assets_to_trade.shape (70,)
[2026-04-24 13:24:49] INFO - train(): T 5000 N 62
[2026-04-24 13:24:49] INFO - Start OU preprocess
[2026-04-24 13:24:50] INFO - Finish OU preprocess
[2026-04-24 13:24:50] INFO - train(): windows.shape (4920, 62, 4) idxs_selected.shape torch.Size([4920, 62])
[2026-04-24 13:24:50] INFO - epoch 0 batch 0 weights.shape torch.Size([512, 62])
[2026-04-24 13:24:50] INFO - Start OU preprocess
[2026-04-24 13:24:50] INFO - Finish OU preprocess
[2026-04-24 13:24:50] INFO - Epoch: 0/100, train Sharpe: 0.25, ret: 0.0653, std: 0.2628, turnover: 0.373, short proportion: 1.000 
        time per epoch: 0.67s, dev loss -0.01, dev Sharpe: -0.22, ret: -0.0386, std: 0.1748, turnover: 0.015, short proportion: 1.000

[2026-04-24 13:24:52] INFO - Start OU preprocess
[2026-04-24 13:24:52] INFO - Finish OU preprocess
[2026-04-24 13:24:52] INFO - Epoch: 10/100, train Sharpe: 0.24, ret: 0.0637, std: 0.2624, turnover: 0.375, short proportion: 1.000 
        time per epoch: 0.26s, dev loss -0.01, dev Sharpe: -0.22, ret: -0.0386, std: 0.1748, turnover: 0.015, short proportion: 1.000

[2026-04-24 13:24:54] INFO - Start OU preprocess
[2026-04-24 13:24:54] INFO - Finish OU preprocess
[2026-04-24 13:24:55] INFO - Epoch: 20/100, train Sharpe: 0.25, ret: 0.0658, std: 0.2631, turnover: 0.375, short proportion: 1.000 
        time per epoch: 0.24s, dev loss -0.01, dev Sharpe: -0.22, ret: -0.0386, std: 0.1748, turnover: 0.015, short proportion: 1.000

[2026-04-24 13:24:57] INFO - Start OU preprocess
[2026-04-24 13:24:57] INFO - Finish OU preprocess
[2026-04-24 13:24:57] INFO - Epoch: 30/100, train Sharpe: 0.24, ret: 0.0633, std: 0.2631, turnover: 0.374, short proportion: 1.000 
        time per epoch: 0.24s, dev loss -0.01, dev Sharpe: -0.22, ret: -0.0386, std: 0.1748, turnover: 0.015, short proportion: 1.000

[2026-04-24 13:24:59] INFO - Start OU preprocess
[2026-04-24 13:24:59] INFO - Finish OU preprocess
[2026-04-24 13:24:59] INFO - Epoch: 40/100, train Sharpe: 0.24, ret: 0.0622, std: 0.2619, turnover: 0.373, short proportion: 1.000 
        time per epoch: 0.23s, dev loss -0.01, dev Sharpe: -0.22, ret: -0.0386, std: 0.1748, turnover: 0.015, short proportion: 1.000

[2026-04-24 13:25:01] INFO - Start OU preprocess
[2026-04-24 13:25:01] INFO - Finish OU preprocess
[2026-04-24 13:25:01] INFO - Epoch: 50/100, train Sharpe: 0.27, ret: 0.0700, std: 0.2628, turnover: 0.379, short proportion: 1.000 
        time per epoch: 0.23s, dev loss -0.01, dev Sharpe: -0.22, ret: -0.0386, std: 0.1748, turnover: 0.015, short proportion: 1.000

[2026-04-24 13:25:04] INFO - Start OU preprocess
[2026-04-24 13:25:04] INFO - Finish OU preprocess
[2026-04-24 13:25:04] INFO - Epoch: 60/100, train Sharpe: 0.23, ret: 0.0605, std: 0.2627, turnover: 0.377, short proportion: 1.000 
        time per epoch: 0.23s, dev loss -0.01, dev Sharpe: -0.22, ret: -0.0386, std: 0.1748, turnover: 0.015, short proportion: 1.000

[2026-04-24 13:25:06] INFO - Start OU preprocess
[2026-04-24 13:25:06] INFO - Finish OU preprocess
[2026-04-24 13:25:06] INFO - Epoch: 70/100, train Sharpe: 0.25, ret: 0.0653, std: 0.2625, turnover: 0.377, short proportion: 1.000 
        time per epoch: 0.23s, dev loss -0.01, dev Sharpe: -0.22, ret: -0.0386, std: 0.1748, turnover: 0.015, short proportion: 1.000

[2026-04-24 13:25:08] INFO - Start OU preprocess
[2026-04-24 13:25:08] INFO - Finish OU preprocess
[2026-04-24 13:25:08] INFO - Epoch: 80/100, train Sharpe: 0.26, ret: 0.0679, std: 0.2632, turnover: 0.382, short proportion: 1.000 
        time per epoch: 0.23s, dev loss -0.01, dev Sharpe: -0.22, ret: -0.0386, std: 0.1748, turnover: 0.015, short proportion: 1.000

[2026-04-24 13:25:10] INFO - Start OU preprocess
[2026-04-24 13:25:10] INFO - Finish OU preprocess
[2026-04-24 13:25:10] INFO - Epoch: 90/100, train Sharpe: 0.24, ret: 0.0635, std: 0.2627, turnover: 0.383, short proportion: 1.000 
        time per epoch: 0.23s, dev loss -0.01, dev Sharpe: -0.22, ret: -0.0386, std: 0.1748, turnover: 0.015, short proportion: 1.000

[2026-04-24 13:25:12] INFO - Training done - Model: Crypto3__OUFFN__sharpe__0trans_cost__0hold_cost__80lookback__5000length_training__wanted-puma__subperiod8, seed: 0
[2026-04-24 13:25:12] INFO - TRAIN/TEST COMPLETE
[2026-04-24 13:25:12] INFO - ==> Sharpe: 0.34, ret: 0.0890, std: 0.2596, turnover: 0.0491, short_proportion: 1.0000
