[2026-04-24 13:59:37] INFO - Logging initialized for 'OUFFN' by 'taniaadmane' on host 'Air-de-Tania' with ID 'loved-mutt'
[2026-04-24 13:59:37] INFO - Config: 
{
  "mode": "test",
  "results_tag": "",
  "debug": false,
  "model_name": "OUFFN",
  "model": {
    "lookback": 80,
    "dropout": 0.3,
    "hidden_units": [
      4,
      8,
      8,
      4
    ]
  },
  "preprocess_func": "preprocess_ou",
  "use_residual_weights": false,
  "cap_proportion": 0.01,
  "factor_models": {
    "IPCA": [],
    "PCA": [],
    "FamaFrench": [],
    "Crypto": [
      0,
      1,
      3,
      5,
      8
    ]
  },
  "num_epochs": 100,
  "optimizer_name": "Adam",
  "optimizer_opts": {
    "lr": 5e-05
  },
  "batch_size": 512,
  "retrain_freq": 512,
  "rolling_retrain": true,
  "force_retrain": true,
  "length_training": 5000,
  "early_stopping": true,
  "objective": "sharpe",
  "market_frictions": false,
  "trans_cost": 0,
  "hold_cost": 0
}
[2026-04-24 13:59:37] INFO - Testing residuals/crypto_pca_4h/Crypto_PCAresiduals_0_factors_2022_initialOOSYear_360_rollingWindow_0.01_Cap.npy
[2026-04-24 13:59:37] INFO - Loading residuals
[2026-04-24 13:59:37] INFO - Residuals loaded
[2026-04-24 13:59:37] INFO - STARTING: Crypto0__OUFFN__sharpe__0trans_cost__0hold_cost__80lookback__5000length_training__loved-mutt
[2026-04-24 13:59:37] INFO - Running on devices ['mps']
[2026-04-24 13:59:37] INFO - test(): assets_to_trade.shape (94,)
[2026-04-24 13:59:37] INFO - AT SUBPERIOD 0/9
[2026-04-24 13:59:37] INFO - train(): data_train.shape (5000, 70)
[2026-04-24 13:59:37] INFO - train(): assets_to_trade.shape (70,)
[2026-04-24 13:59:37] INFO - train(): T 5000 N 62
[2026-04-24 13:59:37] INFO - Start OU preprocess
[2026-04-24 13:59:37] INFO - Finish OU preprocess
[2026-04-24 13:59:37] INFO - train(): windows.shape (4920, 62, 4) idxs_selected.shape torch.Size([4920, 62])
[2026-04-24 13:59:38] INFO - epoch 0 batch 0 weights.shape torch.Size([512, 62])
[2026-04-24 13:59:39] INFO - Start OU preprocess
[2026-04-24 13:59:39] INFO - Finish OU preprocess
[2026-04-24 13:59:40] INFO - Epoch: 0/100, train Sharpe: 0.31, ret: 0.0804, std: 0.2599, turnover: 0.384, short proportion: 1.000 
        time per epoch: 1.90s, dev loss 0.05, dev Sharpe: 0.82, ret: 0.2065, std: 0.2531, turnover: 0.073, short proportion: 1.000

[2026-04-24 13:59:42] INFO - Start OU preprocess
[2026-04-24 13:59:42] INFO - Finish OU preprocess
[2026-04-24 13:59:42] INFO - Epoch: 10/100, train Sharpe: 0.33, ret: 0.0857, std: 0.2589, turnover: 0.387, short proportion: 1.000 
        time per epoch: 0.39s, dev loss 0.05, dev Sharpe: 0.82, ret: 0.2065, std: 0.2531, turnover: 0.073, short proportion: 1.000

[2026-04-24 13:59:44] INFO - Start OU preprocess
[2026-04-24 13:59:44] INFO - Finish OU preprocess
[2026-04-24 13:59:44] INFO - Epoch: 20/100, train Sharpe: 0.31, ret: 0.0803, std: 0.2596, turnover: 0.388, short proportion: 1.000 
        time per epoch: 0.32s, dev loss 0.05, dev Sharpe: 0.82, ret: 0.2065, std: 0.2531, turnover: 0.073, short proportion: 1.000

[2026-04-24 13:59:47] INFO - Start OU preprocess
[2026-04-24 13:59:47] INFO - Finish OU preprocess
[2026-04-24 13:59:47] INFO - Epoch: 30/100, train Sharpe: 0.32, ret: 0.0830, std: 0.2597, turnover: 0.386, short proportion: 1.000 
        time per epoch: 0.30s, dev loss 0.05, dev Sharpe: 0.82, ret: 0.2065, std: 0.2531, turnover: 0.073, short proportion: 1.000

[2026-04-24 13:59:49] INFO - Start OU preprocess
[2026-04-24 13:59:49] INFO - Finish OU preprocess
[2026-04-24 13:59:49] INFO - Epoch: 40/100, train Sharpe: 0.31, ret: 0.0813, std: 0.2587, turnover: 0.388, short proportion: 1.000 
        time per epoch: 0.29s, dev loss 0.05, dev Sharpe: 0.82, ret: 0.2065, std: 0.2531, turnover: 0.073, short proportion: 1.000

