[2026-04-24 18:23:48] INFO - Logging initialized for 'OUFFN' by 'taniaadmane' on host 'MacBook-Air-de-Tania.local' with ID 'brief-moose'
[2026-04-24 18:23:48] INFO - Config: 
{
  "mode": "test",
  "results_tag": "",
  "debug": false,
  "model_name": "OUFFN",
  "model": {
    "lookback": 80,
    "dropout": 0.3,
    "hidden_units": [
      4,
      8,
      8,
      4
    ]
  },
  "preprocess_func": "preprocess_ou",
  "use_residual_weights": false,
  "cap_proportion": 0.01,
  "factor_models": {
    "IPCA": [],
    "PCA": [],
    "FamaFrench": [],
    "Crypto": [
      1,
      3,
      5,
      8
    ]
  },
  "num_epochs": 100,
  "optimizer_name": "Adam",
  "optimizer_opts": {
    "lr": 5e-05
  },
  "batch_size": 512,
  "retrain_freq": 512,
  "rolling_retrain": true,
  "force_retrain": true,
  "length_training": 5000,
  "early_stopping": true,
  "objective": "sharpe",
  "market_frictions": false,
  "trans_cost": 0,
  "hold_cost": 0
}
[2026-04-24 18:23:48] INFO - Testing residuals/crypto_pca_4h/Crypto_PCAresiduals_1_factors_2022_initialOOSYear_360_rollingWindow_0.01_Cap.npy
[2026-04-24 18:23:48] INFO - Loading residuals
[2026-04-24 18:23:48] INFO - Residuals loaded
[2026-04-24 18:23:48] INFO - STARTING: Crypto1__OUFFN__sharpe__0trans_cost__0hold_cost__80lookback__5000length_training__brief-moose
[2026-04-24 18:23:48] INFO - Running on devices ['mps']
[2026-04-24 18:23:48] INFO - test(): assets_to_trade.shape (94,)
[2026-04-24 18:23:48] INFO - AT SUBPERIOD 0/9
[2026-04-24 18:23:48] INFO - train(): data_train.shape (5000, 70)
[2026-04-24 18:23:48] INFO - train(): assets_to_trade.shape (70,)
[2026-04-24 18:23:48] INFO - train(): T 5000 N 62
[2026-04-24 18:23:48] INFO - Start OU preprocess
[2026-04-24 18:23:48] INFO - Finish OU preprocess
[2026-04-24 18:23:48] INFO - train(): windows.shape (4920, 62, 4) idxs_selected.shape torch.Size([4920, 62])
[2026-04-24 18:23:49] INFO - epoch 0 batch 0 weights.shape torch.Size([512, 62])
[2026-04-24 18:23:49] INFO - Start OU preprocess
[2026-04-24 18:23:49] INFO - Finish OU preprocess
[2026-04-24 18:23:50] INFO - Epoch: 0/100, train Sharpe: 0.60, ret: 0.3744, std: 0.6203, turnover: 0.376, short proportion: 1.000 
        time per epoch: 1.02s, dev loss 0.05, dev Sharpe: 1.90, ret: 1.1857, std: 0.6221, turnover: 0.053, short proportion: 1.000

[2026-04-24 18:23:52] INFO - Start OU preprocess
[2026-04-24 18:23:52] INFO - Finish OU preprocess
[2026-04-24 18:23:52] INFO - Epoch: 10/100, train Sharpe: 0.59, ret: 0.3660, std: 0.6192, turnover: 0.377, short proportion: 1.000 
        time per epoch: 0.30s, dev loss 0.05, dev Sharpe: 1.90, ret: 1.1857, std: 0.6221, turnover: 0.053, short proportion: 1.000

[2026-04-24 18:23:54] INFO - Start OU preprocess
[2026-04-24 18:23:55] INFO - Finish OU preprocess
[2026-04-24 18:23:55] INFO - Epoch: 20/100, train Sharpe: 0.55, ret: 0.3410, std: 0.6190, turnover: 0.378, short proportion: 1.000 
        time per epoch: 0.30s, dev loss 0.05, dev Sharpe: 1.90, ret: 1.1857, std: 0.6221, turnover: 0.053, short proportion: 1.000

[2026-04-24 18:23:55] INFO - Reducing learning rate
[2026-04-24 18:23:58] INFO - Start OU preprocess
[2026-04-24 18:23:58] INFO - Finish OU preprocess
[2026-04-24 18:23:58] INFO - Epoch: 30/100, train Sharpe: 0.60, ret: 0.3690, std: 0.6202, turnover: 0.378, short proportion: 1.000 
        time per epoch: 0.29s, dev loss 0.05, dev Sharpe: 1.90, ret: 1.1857, std: 0.6221, turnover: 0.053, short proportion: 1.000

[2026-04-24 18:23:58] INFO - Reducing learning rate
[2026-04-24 18:24:00] INFO - Start OU preprocess
[2026-04-24 18:24:00] INFO - Finish OU preprocess
[2026-04-24 18:24:00] INFO - Epoch: 40/100, train Sharpe: 0.61, ret: 0.3753, std: 0.6191, turnover: 0.377, short proportion: 1.000 
        time per epoch: 0.28s, dev loss 0.05, dev Sharpe: 1.90, ret: 1.1857, std: 0.6221, turnover: 0.053, short proportion: 1.000

[2026-04-24 18:24:00] INFO - Reducing learning rate
[2026-04-24 18:24:03] INFO - Start OU preprocess
[2026-04-24 18:24:03] INFO - Finish OU preprocess
[2026-04-24 18:24:03] INFO - Epoch: 50/100, train Sharpe: 0.57, ret: 0.3507, std: 0.6180, turnover: 0.377, short proportion: 1.000 
        time per epoch: 0.28s, dev loss 0.05, dev Sharpe: 1.90, ret: 1.1857, std: 0.6221, turnover: 0.053, short proportion: 1.000

[2026-04-24 18:24:03] INFO - Reducing learning rate
[2026-04-24 18:24:05] INFO - Start OU preprocess
[2026-04-24 18:24:05] INFO - Finish OU preprocess
[2026-04-24 18:24:06] INFO - Epoch: 60/100, train Sharpe: 0.61, ret: 0.3809, std: 0.6195, turnover: 0.378, short proportion: 1.000 
        time per epoch: 0.28s, dev loss 0.05, dev Sharpe: 1.90, ret: 1.1857, std: 0.6221, turnover: 0.053, short proportion: 1.000

[2026-04-24 18:24:06] INFO - Reducing learning rate
[2026-04-24 18:24:09] INFO - Start OU preprocess
[2026-04-24 18:24:09] INFO - Finish OU preprocess
[2026-04-24 18:24:09] INFO - Epoch: 70/100, train Sharpe: 0.60, ret: 0.3699, std: 0.6191, turnover: 0.378, short proportion: 1.000 
        time per epoch: 0.29s, dev loss 0.05, dev Sharpe: 1.90, ret: 1.1857, std: 0.6221, turnover: 0.053, short proportion: 1.000

[2026-04-24 18:24:12] INFO - Start OU preprocess
[2026-04-24 18:24:12] INFO - Finish OU preprocess
[2026-04-24 18:24:12] INFO - Epoch: 80/100, train Sharpe: 0.56, ret: 0.3489, std: 0.6193, turnover: 0.377, short proportion: 1.000 
        time per epoch: 0.29s, dev loss 0.05, dev Sharpe: 1.90, ret: 1.1857, std: 0.6221, turnover: 0.053, short proportion: 1.000

[2026-04-24 18:24:12] INFO - Early stopping max trials reached
[2026-04-24 18:24:12] INFO - Training done - Model: Crypto1__OUFFN__sharpe__0trans_cost__0hold_cost__80lookback__5000length_training__brief-moose__subperiod0, seed: 0
[2026-04-24 18:24:12] INFO - AT SUBPERIOD 1/9
[2026-04-24 18:24:12] INFO - train(): data_train.shape (5000, 70)
[2026-04-24 18:24:12] INFO - train(): assets_to_trade.shape (70,)
[2026-04-24 18:24:12] INFO - train(): T 5000 N 62
[2026-04-24 18:24:12] INFO - Start OU preprocess
[2026-04-24 18:24:12] INFO - Finish OU preprocess
[2026-04-24 18:24:12] INFO - train(): windows.shape (4920, 62, 4) idxs_selected.shape torch.Size([4920, 62])
[2026-04-24 18:24:12] INFO - epoch 0 batch 0 weights.shape torch.Size([512, 62])
[2026-04-24 18:24:13] INFO - Start OU preprocess
[2026-04-24 18:24:13] INFO - Finish OU preprocess
[2026-04-24 18:24:13] INFO - Epoch: 0/100, train Sharpe: 0.68, ret: 0.4138, std: 0.6090, turnover: 0.375, short proportion: 1.000 
        time per epoch: 0.62s, dev loss 0.00, dev Sharpe: 0.15, ret: 0.0880, std: 0.5961, turnover: 0.056, short proportion: 1.000

[2026-04-24 18:24:16] INFO - Start OU preprocess
[2026-04-24 18:24:16] INFO - Finish OU preprocess
[2026-04-24 18:24:16] INFO - Epoch: 10/100, train Sharpe: 0.63, ret: 0.3810, std: 0.6067, turnover: 0.376, short proportion: 1.000 
        time per epoch: 0.31s, dev loss 0.00, dev Sharpe: 0.15, ret: 0.0880, std: 0.5961, turnover: 0.056, short proportion: 1.000

[2026-04-24 18:24:18] INFO - Start OU preprocess
[2026-04-24 18:24:18] INFO - Finish OU preprocess
[2026-04-24 18:24:18] INFO - Epoch: 20/100, train Sharpe: 0.64, ret: 0.3890, std: 0.6072, turnover: 0.376, short proportion: 1.000 
        time per epoch: 0.28s, dev loss 0.00, dev Sharpe: 0.15, ret: 0.0880, std: 0.5961, turnover: 0.056, short proportion: 1.000

[2026-04-24 18:24:21] INFO - Start OU preprocess
[2026-04-24 18:24:21] INFO - Finish OU preprocess
[2026-04-24 18:24:21] INFO - Epoch: 30/100, train Sharpe: 0.67, ret: 0.4048, std: 0.6076, turnover: 0.376, short proportion: 1.000 
        time per epoch: 0.27s, dev loss 0.00, dev Sharpe: 0.15, ret: 0.0880, std: 0.5961, turnover: 0.056, short proportion: 1.000

