[2026-04-24 14:00:15] INFO - Logging initialized for 'OUFFN' by 'taniaadmane' on host 'Air-de-Tania' with ID 'moving-fawn'
[2026-04-24 14:00:15] INFO - Config: 
{
  "mode": "test",
  "results_tag": "",
  "debug": false,
  "model_name": "OUFFN",
  "model": {
    "lookback": 80,
    "dropout": 0.3,
    "hidden_units": [
      4,
      8,
      8,
      4
    ]
  },
  "preprocess_func": "preprocess_ou",
  "use_residual_weights": false,
  "cap_proportion": 0.01,
  "factor_models": {
    "IPCA": [],
    "PCA": [],
    "FamaFrench": [],
    "Crypto": [
      0,
      1,
      3,
      5,
      8
    ]
  },
  "num_epochs": 100,
  "optimizer_name": "Adam",
  "optimizer_opts": {
    "lr": 5e-05
  },
  "batch_size": 512,
  "retrain_freq": 512,
  "rolling_retrain": true,
  "force_retrain": true,
  "length_training": 5000,
  "early_stopping": true,
  "objective": "sharpe",
  "market_frictions": false,
  "trans_cost": 0,
  "hold_cost": 0
}
[2026-04-24 14:00:15] INFO - Testing residuals/crypto_pca_4h/Crypto_PCAresiduals_0_factors_2022_initialOOSYear_360_rollingWindow_0.01_Cap.npy
[2026-04-24 14:00:15] INFO - Loading residuals
[2026-04-24 14:00:15] INFO - Residuals loaded
[2026-04-24 14:00:15] INFO - STARTING: Crypto0__OUFFN__sharpe__0trans_cost__0hold_cost__80lookback__5000length_training__moving-fawn
[2026-04-24 14:00:15] INFO - Running on devices ['mps']
[2026-04-24 14:00:15] INFO - test(): assets_to_trade.shape (94,)
[2026-04-24 14:00:15] INFO - AT SUBPERIOD 0/9
[2026-04-24 14:00:15] INFO - train(): data_train.shape (5000, 70)
[2026-04-24 14:00:15] INFO - train(): assets_to_trade.shape (70,)
[2026-04-24 14:00:15] INFO - train(): T 5000 N 62
[2026-04-24 14:00:15] INFO - Start OU preprocess
[2026-04-24 14:00:15] INFO - Finish OU preprocess
[2026-04-24 14:00:15] INFO - train(): windows.shape (4920, 62, 4) idxs_selected.shape torch.Size([4920, 62])
[2026-04-24 14:00:16] INFO - epoch 0 batch 0 weights.shape torch.Size([512, 62])
[2026-04-24 14:00:17] INFO - Start OU preprocess
[2026-04-24 14:00:17] INFO - Finish OU preprocess
[2026-04-24 14:00:17] INFO - Epoch: 0/100, train Sharpe: 0.31, ret: 0.0804, std: 0.2599, turnover: 0.384, short proportion: 1.000 
        time per epoch: 1.11s, dev loss 0.05, dev Sharpe: 0.82, ret: 0.2065, std: 0.2531, turnover: 0.073, short proportion: 1.000

[2026-04-24 14:00:19] INFO - Start OU preprocess
[2026-04-24 14:00:19] INFO - Finish OU preprocess
[2026-04-24 14:00:19] INFO - Epoch: 10/100, train Sharpe: 0.33, ret: 0.0857, std: 0.2589, turnover: 0.387, short proportion: 1.000 
        time per epoch: 0.30s, dev loss 0.05, dev Sharpe: 0.82, ret: 0.2065, std: 0.2531, turnover: 0.073, short proportion: 1.000

[2026-04-24 14:00:21] INFO - Start OU preprocess
[2026-04-24 14:00:21] INFO - Finish OU preprocess
[2026-04-24 14:00:21] INFO - Epoch: 20/100, train Sharpe: 0.31, ret: 0.0803, std: 0.2596, turnover: 0.388, short proportion: 1.000 
        time per epoch: 0.27s, dev loss 0.05, dev Sharpe: 0.82, ret: 0.2065, std: 0.2531, turnover: 0.073, short proportion: 1.000

[2026-04-24 14:00:23] INFO - Start OU preprocess
[2026-04-24 14:00:24] INFO - Finish OU preprocess
[2026-04-24 14:00:24] INFO - Epoch: 30/100, train Sharpe: 0.32, ret: 0.0830, std: 0.2597, turnover: 0.386, short proportion: 1.000 
        time per epoch: 0.26s, dev loss 0.05, dev Sharpe: 0.82, ret: 0.2065, std: 0.2531, turnover: 0.073, short proportion: 1.000

[2026-04-24 14:00:26] INFO - Start OU preprocess
[2026-04-24 14:00:26] INFO - Finish OU preprocess
[2026-04-24 14:00:26] INFO - Epoch: 40/100, train Sharpe: 0.31, ret: 0.0813, std: 0.2587, turnover: 0.388, short proportion: 1.000 
        time per epoch: 0.25s, dev loss 0.05, dev Sharpe: 0.82, ret: 0.2065, std: 0.2531, turnover: 0.073, short proportion: 1.000

[2026-04-24 14:00:28] INFO - Start OU preprocess
[2026-04-24 14:00:28] INFO - Finish OU preprocess
[2026-04-24 14:00:28] INFO - Epoch: 50/100, train Sharpe: 0.34, ret: 0.0872, std: 0.2600, turnover: 0.386, short proportion: 1.000 
        time per epoch: 0.24s, dev loss 0.05, dev Sharpe: 0.82, ret: 0.2065, std: 0.2531, turnover: 0.073, short proportion: 1.000

[2026-04-24 14:00:30] INFO - Start OU preprocess
[2026-04-24 14:00:30] INFO - Finish OU preprocess
[2026-04-24 14:00:30] INFO - Epoch: 60/100, train Sharpe: 0.32, ret: 0.0837, std: 0.2598, turnover: 0.386, short proportion: 1.000 
        time per epoch: 0.24s, dev loss 0.05, dev Sharpe: 0.82, ret: 0.2065, std: 0.2531, turnover: 0.073, short proportion: 1.000

[2026-04-24 14:00:32] INFO - Start OU preprocess
[2026-04-24 14:00:32] INFO - Finish OU preprocess
[2026-04-24 14:00:33] INFO - Epoch: 70/100, train Sharpe: 0.32, ret: 0.0843, std: 0.2603, turnover: 0.385, short proportion: 1.000 
        time per epoch: 0.24s, dev loss 0.05, dev Sharpe: 0.82, ret: 0.2065, std: 0.2531, turnover: 0.073, short proportion: 1.000

[2026-04-24 14:00:34] INFO - Start OU preprocess
[2026-04-24 14:00:34] INFO - Finish OU preprocess
[2026-04-24 14:00:35] INFO - Epoch: 80/100, train Sharpe: 0.32, ret: 0.0827, std: 0.2599, turnover: 0.385, short proportion: 1.000 
        time per epoch: 0.23s, dev loss 0.05, dev Sharpe: 0.82, ret: 0.2065, std: 0.2531, turnover: 0.073, short proportion: 1.000

[2026-04-24 14:00:37] INFO - Start OU preprocess
[2026-04-24 14:00:37] INFO - Finish OU preprocess
[2026-04-24 14:00:37] INFO - Epoch: 90/100, train Sharpe: 0.33, ret: 0.0861, std: 0.2589, turnover: 0.386, short proportion: 1.000 
        time per epoch: 0.23s, dev loss 0.05, dev Sharpe: 0.82, ret: 0.2065, std: 0.2531, turnover: 0.073, short proportion: 1.000

[2026-04-24 14:00:38] INFO - Training done - Model: Crypto0__OUFFN__sharpe__0trans_cost__0hold_cost__80lookback__5000length_training__moving-fawn__subperiod0, seed: 0
[2026-04-24 14:00:38] INFO - AT SUBPERIOD 1/9
[2026-04-24 14:00:38] INFO - train(): data_train.shape (5000, 70)
[2026-04-24 14:00:38] INFO - train(): assets_to_trade.shape (70,)
[2026-04-24 14:00:38] INFO - train(): T 5000 N 62
[2026-04-24 14:00:38] INFO - Start OU preprocess
[2026-04-24 14:00:39] INFO - Finish OU preprocess
[2026-04-24 14:00:39] INFO - train(): windows.shape (4920, 62, 4) idxs_selected.shape torch.Size([4920, 62])
[2026-04-24 14:00:39] INFO - epoch 0 batch 0 weights.shape torch.Size([512, 62])
[2026-04-24 14:00:39] INFO - Start OU preprocess
[2026-04-24 14:00:39] INFO - Finish OU preprocess
[2026-04-24 14:00:39] INFO - Epoch: 0/100, train Sharpe: 0.35, ret: 0.0895, std: 0.2533, turnover: 0.383, short proportion: 1.000 
        time per epoch: 0.55s, dev loss -0.01, dev Sharpe: -0.09, ret: -0.0212, std: 0.2470, turnover: 0.073, short proportion: 1.000

[2026-04-24 14:00:41] INFO - Start OU preprocess
[2026-04-24 14:00:41] INFO - Finish OU preprocess
[2026-04-24 14:00:42] INFO - Epoch: 10/100, train Sharpe: 0.32, ret: 0.0822, std: 0.2535, turnover: 0.386, short proportion: 1.000 
        time per epoch: 0.25s, dev loss -0.01, dev Sharpe: -0.09, ret: -0.0212, std: 0.2470, turnover: 0.073, short proportion: 1.000

[2026-04-24 14:00:43] INFO - Start OU preprocess
[2026-04-24 14:00:43] INFO - Finish OU preprocess
[2026-04-24 14:00:44] INFO - Epoch: 20/100, train Sharpe: 0.33, ret: 0.0847, std: 0.2536, turnover: 0.387, short proportion: 1.000 
        time per epoch: 0.23s, dev loss -0.01, dev Sharpe: -0.09, ret: -0.0212, std: 0.2470, turnover: 0.073, short proportion: 1.000

[2026-04-24 14:00:46] INFO - Start OU preprocess
[2026-04-24 14:00:46] INFO - Finish OU preprocess
[2026-04-24 14:00:46] INFO - Epoch: 30/100, train Sharpe: 0.34, ret: 0.0856, std: 0.2536, turnover: 0.385, short proportion: 1.000 
        time per epoch: 0.23s, dev loss -0.01, dev Sharpe: -0.09, ret: -0.0212, std: 0.2470, turnover: 0.073, short proportion: 1.000

[2026-04-24 14:00:48] INFO - Start OU preprocess
[2026-04-24 14:00:48] INFO - Finish OU preprocess
[2026-04-24 14:00:48] INFO - Epoch: 40/100, train Sharpe: 0.36, ret: 0.0902, std: 0.2529, turnover: 0.387, short proportion: 1.000 
        time per epoch: 0.23s, dev loss -0.01, dev Sharpe: -0.09, ret: -0.0212, std: 0.2470, turnover: 0.073, short proportion: 1.000

[2026-04-24 14:00:50] INFO - Start OU preprocess
[2026-04-24 14:00:50] INFO - Finish OU preprocess
[2026-04-24 14:00:51] INFO - Epoch: 50/100, train Sharpe: 0.36, ret: 0.0916, std: 0.2533, turnover: 0.388, short proportion: 1.000 
        time per epoch: 0.23s, dev loss -0.01, dev Sharpe: -0.09, ret: -0.0212, std: 0.2470, turnover: 0.073, short proportion: 1.000

[2026-04-24 14:00:53] INFO - Start OU preprocess
[2026-04-24 14:00:53] INFO - Finish OU preprocess
[2026-04-24 14:00:53] INFO - Epoch: 60/100, train Sharpe: 0.34, ret: 0.0855, std: 0.2529, turnover: 0.388, short proportion: 1.000 
        time per epoch: 0.23s, dev loss -0.01, dev Sharpe: -0.09, ret: -0.0212, std: 0.2470, turnover: 0.073, short proportion: 1.000

[2026-04-24 14:00:55] INFO - Start OU preprocess
[2026-04-24 14:00:55] INFO - Finish OU preprocess
[2026-04-24 14:00:55] INFO - Epoch: 70/100, train Sharpe: 0.33, ret: 0.0836, std: 0.2531, turnover: 0.386, short proportion: 1.000 
        time per epoch: 0.23s, dev loss -0.01, dev Sharpe: -0.09, ret: -0.0212, std: 0.2470, turnover: 0.073, short proportion: 1.000

[2026-04-24 14:00:57] INFO - Start OU preprocess
[2026-04-24 14:00:57] INFO - Finish OU preprocess
[2026-04-24 14:00:58] INFO - Epoch: 80/100, train Sharpe: 0.34, ret: 0.0866, std: 0.2537, turnover: 0.387, short proportion: 1.000 
        time per epoch: 0.23s, dev loss -0.01, dev Sharpe: -0.09, ret: -0.0212, std: 0.2470, turnover: 0.073, short proportion: 1.000

[2026-04-24 14:00:59] INFO - Start OU preprocess
[2026-04-24 14:00:59] INFO - Finish OU preprocess
[2026-04-24 14:01:00] INFO - Epoch: 90/100, train Sharpe: 0.36, ret: 0.0919, std: 0.2548, turnover: 0.386, short proportion: 1.000 
        time per epoch: 0.23s, dev loss -0.01, dev Sharpe: -0.09, ret: -0.0212, std: 0.2470, turnover: 0.073, short proportion: 1.000

[2026-04-24 14:01:01] INFO - Training done - Model: Crypto0__OUFFN__sharpe__0trans_cost__0hold_cost__80lookback__5000length_training__moving-fawn__subperiod1, seed: 0
[2026-04-24 14:01:01] INFO - AT SUBPERIOD 2/9
[2026-04-24 14:01:01] INFO - train(): data_train.shape (5000, 70)
[2026-04-24 14:01:01] INFO - train(): assets_to_trade.shape (70,)
[2026-04-24 14:01:01] INFO - train(): T 5000 N 61
[2026-04-24 14:01:01] INFO - Start OU preprocess
[2026-04-24 14:01:02] INFO - Finish OU preprocess
[2026-04-24 14:01:02] INFO - train(): windows.shape (4920, 61, 4) idxs_selected.shape torch.Size([4920, 61])
[2026-04-24 14:01:02] INFO - epoch 0 batch 0 weights.shape torch.Size([512, 61])
[2026-04-24 14:01:02] INFO - Start OU preprocess
[2026-04-24 14:01:02] INFO - Finish OU preprocess
[2026-04-24 14:01:02] INFO - Epoch: 0/100, train Sharpe: 0.09, ret: 0.0223, std: 0.2353, turnover: 0.381, short proportion: 1.000 
        time per epoch: 0.61s, dev loss -0.06, dev Sharpe: -0.89, ret: -0.2839, std: 0.3184, turnover: 0.077, short proportion: 1.000

[2026-04-24 14:01:04] INFO - Start OU preprocess
[2026-04-24 14:01:04] INFO - Finish OU preprocess
[2026-04-24 14:01:04] INFO - Epoch: 10/100, train Sharpe: 0.08, ret: 0.0180, std: 0.2361, turnover: 0.382, short proportion: 1.000 
        time per epoch: 0.25s, dev loss -0.06, dev Sharpe: -0.89, ret: -0.2839, std: 0.3184, turnover: 0.077, short proportion: 1.000

[2026-04-24 14:01:04] INFO - Reducing learning rate
[2026-04-24 14:01:07] INFO - Start OU preprocess
[2026-04-24 14:01:07] INFO - Finish OU preprocess
[2026-04-24 14:01:07] INFO - Epoch: 20/100, train Sharpe: 0.09, ret: 0.0211, std: 0.2355, turnover: 0.385, short proportion: 1.000 
        time per epoch: 0.25s, dev loss -0.06, dev Sharpe: -0.89, ret: -0.2839, std: 0.3184, turnover: 0.077, short proportion: 1.000

[2026-04-24 14:01:07] INFO - Reducing learning rate
[2026-04-24 14:01:09] INFO - Start OU preprocess
[2026-04-24 14:01:09] INFO - Finish OU preprocess
[2026-04-24 14:01:10] INFO - Epoch: 30/100, train Sharpe: 0.08, ret: 0.0199, std: 0.2356, turnover: 0.383, short proportion: 1.000 
        time per epoch: 0.25s, dev loss -0.06, dev Sharpe: -0.89, ret: -0.2839, std: 0.3184, turnover: 0.077, short proportion: 1.000

[2026-04-24 14:01:10] INFO - Reducing learning rate
[2026-04-24 14:01:12] INFO - Start OU preprocess
[2026-04-24 14:01:12] INFO - Finish OU preprocess
[2026-04-24 14:01:12] INFO - Epoch: 40/100, train Sharpe: 0.11, ret: 0.0259, std: 0.2360, turnover: 0.384, short proportion: 1.000 
        time per epoch: 0.25s, dev loss -0.06, dev Sharpe: -0.89, ret: -0.2839, std: 0.3184, turnover: 0.077, short proportion: 1.000

[2026-04-24 14:01:12] INFO - Reducing learning rate
[2026-04-24 14:01:14] INFO - Start OU preprocess
[2026-04-24 14:01:14] INFO - Finish OU preprocess
[2026-04-24 14:01:14] INFO - Epoch: 50/100, train Sharpe: 0.10, ret: 0.0224, std: 0.2345, turnover: 0.382, short proportion: 1.000 
        time per epoch: 0.25s, dev loss -0.06, dev Sharpe: -0.89, ret: -0.2839, std: 0.3184, turnover: 0.077, short proportion: 1.000

[2026-04-24 14:01:14] INFO - Reducing learning rate
[2026-04-24 14:01:16] INFO - Start OU preprocess
[2026-04-24 14:01:16] INFO - Finish OU preprocess
[2026-04-24 14:01:17] INFO - Epoch: 60/100, train Sharpe: 0.07, ret: 0.0175, std: 0.2357, turnover: 0.385, short proportion: 1.000 
        time per epoch: 0.25s, dev loss -0.06, dev Sharpe: -0.89, ret: -0.2839, std: 0.3184, turnover: 0.077, short proportion: 1.000

[2026-04-24 14:01:17] INFO - Early stopping max trials reached
[2026-04-24 14:01:17] INFO - Training done - Model: Crypto0__OUFFN__sharpe__0trans_cost__0hold_cost__80lookback__5000length_training__moving-fawn__subperiod2, seed: 0
[2026-04-24 14:01:17] INFO - AT SUBPERIOD 3/9
[2026-04-24 14:01:17] INFO - train(): data_train.shape (5000, 70)
[2026-04-24 14:01:17] INFO - train(): assets_to_trade.shape (70,)
[2026-04-24 14:01:17] INFO - train(): T 5000 N 61
[2026-04-24 14:01:17] INFO - Start OU preprocess
[2026-04-24 14:01:17] INFO - Finish OU preprocess
[2026-04-24 14:01:17] INFO - train(): windows.shape (4920, 61, 4) idxs_selected.shape torch.Size([4920, 61])
[2026-04-24 14:01:17] INFO - epoch 0 batch 0 weights.shape torch.Size([512, 61])
[2026-04-24 14:01:17] INFO - Start OU preprocess
[2026-04-24 14:01:17] INFO - Finish OU preprocess
[2026-04-24 14:01:18] INFO - Epoch: 0/100, train Sharpe: -0.03, ret: -0.0084, std: 0.2433, turnover: 0.383, short proportion: 1.000 
        time per epoch: 0.59s, dev loss 0.06, dev Sharpe: 1.02, ret: 0.3332, std: 0.3248, turnover: 0.052, short proportion: 1.000

[2026-04-24 14:01:20] INFO - Start OU preprocess
[2026-04-24 14:01:20] INFO - Finish OU preprocess
[2026-04-24 14:01:20] INFO - Epoch: 10/100, train Sharpe: -0.04, ret: -0.0108, std: 0.2430, turnover: 0.384, short proportion: 1.000 
        time per epoch: 0.25s, dev loss 0.06, dev Sharpe: 1.02, ret: 0.3332, std: 0.3248, turnover: 0.052, short proportion: 1.000

[2026-04-24 14:01:22] INFO - Start OU preprocess
[2026-04-24 14:01:22] INFO - Finish OU preprocess
[2026-04-24 14:01:22] INFO - Epoch: 20/100, train Sharpe: -0.07, ret: -0.0162, std: 0.2435, turnover: 0.384, short proportion: 1.000 
        time per epoch: 0.25s, dev loss 0.06, dev Sharpe: 1.02, ret: 0.3332, std: 0.3248, turnover: 0.052, short proportion: 1.000

[2026-04-24 14:01:22] INFO - Reducing learning rate
[2026-04-24 14:01:25] INFO - Start OU preprocess
[2026-04-24 14:01:25] INFO - Finish OU preprocess
[2026-04-24 14:01:25] INFO - Epoch: 30/100, train Sharpe: -0.03, ret: -0.0085, std: 0.2435, turnover: 0.383, short proportion: 1.000 
        time per epoch: 0.25s, dev loss 0.06, dev Sharpe: 1.02, ret: 0.3332, std: 0.3248, turnover: 0.052, short proportion: 1.000

[2026-04-24 14:01:27] INFO - Start OU preprocess
[2026-04-24 14:01:27] INFO - Finish OU preprocess
[2026-04-24 14:01:27] INFO - Epoch: 40/100, train Sharpe: -0.05, ret: -0.0131, std: 0.2433, turnover: 0.384, short proportion: 1.000 
        time per epoch: 0.25s, dev loss 0.06, dev Sharpe: 1.02, ret: 0.3332, std: 0.3248, turnover: 0.052, short proportion: 1.000

[2026-04-24 14:01:30] INFO - Start OU preprocess
[2026-04-24 14:01:30] INFO - Finish OU preprocess
[2026-04-24 14:01:30] INFO - Epoch: 50/100, train Sharpe: -0.03, ret: -0.0072, std: 0.2434, turnover: 0.382, short proportion: 1.000 
        time per epoch: 0.25s, dev loss 0.06, dev Sharpe: 1.02, ret: 0.3332, std: 0.3248, turnover: 0.052, short proportion: 1.000

[2026-04-24 14:01:30] INFO - Reducing learning rate
[2026-04-24 14:01:32] INFO - Start OU preprocess
[2026-04-24 14:01:32] INFO - Finish OU preprocess
[2026-04-24 14:01:32] INFO - Epoch: 60/100, train Sharpe: -0.05, ret: -0.0122, std: 0.2433, turnover: 0.384, short proportion: 1.000 
        time per epoch: 0.25s, dev loss 0.06, dev Sharpe: 1.02, ret: 0.3332, std: 0.3248, turnover: 0.052, short proportion: 1.000

[2026-04-24 14:01:32] INFO - Reducing learning rate
[2026-04-24 14:01:34] INFO - Start OU preprocess
[2026-04-24 14:01:34] INFO - Finish OU preprocess
[2026-04-24 14:01:34] INFO - Epoch: 70/100, train Sharpe: -0.01, ret: -0.0034, std: 0.2436, turnover: 0.384, short proportion: 1.000 
        time per epoch: 0.24s, dev loss 0.06, dev Sharpe: 1.02, ret: 0.3332, std: 0.3248, turnover: 0.052, short proportion: 1.000

[2026-04-24 14:01:34] INFO - Reducing learning rate
[2026-04-24 14:01:36] INFO - Start OU preprocess
[2026-04-24 14:01:36] INFO - Finish OU preprocess
[2026-04-24 14:01:37] INFO - Epoch: 80/100, train Sharpe: -0.03, ret: -0.0079, std: 0.2438, turnover: 0.386, short proportion: 1.000 
        time per epoch: 0.24s, dev loss 0.06, dev Sharpe: 1.02, ret: 0.3332, std: 0.3248, turnover: 0.052, short proportion: 1.000

[2026-04-24 14:01:37] INFO - Reducing learning rate
[2026-04-24 14:01:39] INFO - Start OU preprocess
[2026-04-24 14:01:39] INFO - Finish OU preprocess
[2026-04-24 14:01:39] INFO - Epoch: 90/100, train Sharpe: -0.03, ret: -0.0064, std: 0.2438, turnover: 0.383, short proportion: 1.000 
        time per epoch: 0.25s, dev loss 0.06, dev Sharpe: 1.02, ret: 0.3332, std: 0.3248, turnover: 0.052, short proportion: 1.000

[2026-04-24 14:01:39] INFO - Early stopping max trials reached
[2026-04-24 14:01:39] INFO - Training done - Model: Crypto0__OUFFN__sharpe__0trans_cost__0hold_cost__80lookback__5000length_training__moving-fawn__subperiod3, seed: 0
[2026-04-24 14:01:39] INFO - AT SUBPERIOD 4/9
[2026-04-24 14:01:39] INFO - train(): data_train.shape (5000, 70)
[2026-04-24 14:01:39] INFO - train(): assets_to_trade.shape (70,)
[2026-04-24 14:01:39] INFO - train(): T 5000 N 62
[2026-04-24 14:01:39] INFO - Start OU preprocess
[2026-04-24 14:01:40] INFO - Finish OU preprocess
[2026-04-24 14:01:40] INFO - train(): windows.shape (4920, 62, 4) idxs_selected.shape torch.Size([4920, 62])
[2026-04-24 14:01:40] INFO - epoch 0 batch 0 weights.shape torch.Size([512, 62])
[2026-04-24 14:01:40] INFO - Start OU preprocess
[2026-04-24 14:01:40] INFO - Finish OU preprocess
[2026-04-24 14:01:40] INFO - Epoch: 0/100, train Sharpe: 0.01, ret: 0.0027, std: 0.2517, turnover: 0.382, short proportion: 1.000 
        time per epoch: 0.55s, dev loss -0.00, dev Sharpe: -0.02, ret: -0.0052, std: 0.2458, turnover: 0.085, short proportion: 1.000

[2026-04-24 14:01:42] INFO - Start OU preprocess
[2026-04-24 14:01:42] INFO - Finish OU preprocess
[2026-04-24 14:01:42] INFO - Epoch: 10/100, train Sharpe: 0.00, ret: 0.0006, std: 0.2509, turnover: 0.382, short proportion: 1.000 
        time per epoch: 0.24s, dev loss -0.00, dev Sharpe: -0.02, ret: -0.0052, std: 0.2458, turnover: 0.085, short proportion: 1.000

[2026-04-24 14:01:44] INFO - Start OU preprocess
[2026-04-24 14:01:44] INFO - Finish OU preprocess
[2026-04-24 14:01:44] INFO - Epoch: 20/100, train Sharpe: 0.01, ret: 0.0015, std: 0.2509, turnover: 0.383, short proportion: 1.000 
        time per epoch: 0.23s, dev loss -0.00, dev Sharpe: -0.02, ret: -0.0052, std: 0.2458, turnover: 0.085, short proportion: 1.000

[2026-04-24 14:01:47] INFO - Start OU preprocess
[2026-04-24 14:01:47] INFO - Finish OU preprocess
[2026-04-24 14:01:47] INFO - Epoch: 30/100, train Sharpe: 0.01, ret: 0.0032, std: 0.2513, turnover: 0.382, short proportion: 1.000 
        time per epoch: 0.23s, dev loss -0.00, dev Sharpe: -0.02, ret: -0.0052, std: 0.2458, turnover: 0.085, short proportion: 1.000

[2026-04-24 14:01:49] INFO - Start OU preprocess
[2026-04-24 14:01:49] INFO - Finish OU preprocess
[2026-04-24 14:01:49] INFO - Epoch: 40/100, train Sharpe: -0.01, ret: -0.0028, std: 0.2508, turnover: 0.383, short proportion: 1.000 
        time per epoch: 0.23s, dev loss -0.00, dev Sharpe: -0.02, ret: -0.0052, std: 0.2458, turnover: 0.085, short proportion: 1.000

[2026-04-24 14:01:51] INFO - Start OU preprocess
[2026-04-24 14:01:51] INFO - Finish OU preprocess
[2026-04-24 14:01:51] INFO - Epoch: 50/100, train Sharpe: -0.01, ret: -0.0018, std: 0.2519, turnover: 0.381, short proportion: 1.000 
        time per epoch: 0.23s, dev loss -0.00, dev Sharpe: -0.02, ret: -0.0052, std: 0.2458, turnover: 0.085, short proportion: 1.000

[2026-04-24 14:01:53] INFO - Start OU preprocess
[2026-04-24 14:01:53] INFO - Finish OU preprocess
[2026-04-24 14:01:54] INFO - Epoch: 60/100, train Sharpe: 0.00, ret: 0.0002, std: 0.2513, turnover: 0.382, short proportion: 1.000 
        time per epoch: 0.23s, dev loss -0.00, dev Sharpe: -0.02, ret: -0.0052, std: 0.2458, turnover: 0.085, short proportion: 1.000

[2026-04-24 14:01:56] INFO - Start OU preprocess
[2026-04-24 14:01:56] INFO - Finish OU preprocess
[2026-04-24 14:01:56] INFO - Epoch: 70/100, train Sharpe: 0.01, ret: 0.0035, std: 0.2516, turnover: 0.383, short proportion: 1.000 
        time per epoch: 0.23s, dev loss -0.00, dev Sharpe: -0.02, ret: -0.0052, std: 0.2458, turnover: 0.085, short proportion: 1.000

[2026-04-24 14:01:58] INFO - Start OU preprocess
[2026-04-24 14:01:58] INFO - Finish OU preprocess
[2026-04-24 14:01:58] INFO - Epoch: 80/100, train Sharpe: 0.01, ret: 0.0038, std: 0.2512, turnover: 0.383, short proportion: 1.000 
        time per epoch: 0.23s, dev loss -0.00, dev Sharpe: -0.02, ret: -0.0052, std: 0.2458, turnover: 0.085, short proportion: 1.000

[2026-04-24 14:02:00] INFO - Start OU preprocess
[2026-04-24 14:02:00] INFO - Finish OU preprocess
[2026-04-24 14:02:00] INFO - Epoch: 90/100, train Sharpe: -0.01, ret: -0.0013, std: 0.2513, turnover: 0.383, short proportion: 1.000 
        time per epoch: 0.23s, dev loss -0.00, dev Sharpe: -0.02, ret: -0.0052, std: 0.2458, turnover: 0.085, short proportion: 1.000

[2026-04-24 14:02:02] INFO - Training done - Model: Crypto0__OUFFN__sharpe__0trans_cost__0hold_cost__80lookback__5000length_training__moving-fawn__subperiod4, seed: 0
[2026-04-24 14:02:02] INFO - AT SUBPERIOD 5/9
[2026-04-24 14:02:02] INFO - train(): data_train.shape (5000, 70)
[2026-04-24 14:02:02] INFO - train(): assets_to_trade.shape (70,)
[2026-04-24 14:02:02] INFO - train(): T 5000 N 64
[2026-04-24 14:02:02] INFO - Start OU preprocess
[2026-04-24 14:02:02] INFO - Finish OU preprocess
[2026-04-24 14:02:02] INFO - train(): windows.shape (4920, 64, 4) idxs_selected.shape torch.Size([4920, 64])
[2026-04-24 14:02:02] INFO - epoch 0 batch 0 weights.shape torch.Size([512, 64])
[2026-04-24 14:02:03] INFO - Start OU preprocess
[2026-04-24 14:02:03] INFO - Finish OU preprocess
[2026-04-24 14:02:03] INFO - Epoch: 0/100, train Sharpe: 0.05, ret: 0.0128, std: 0.2510, turnover: 0.381, short proportion: 1.000 
        time per epoch: 0.62s, dev loss -0.01, dev Sharpe: -0.15, ret: -0.0318, std: 0.2156, turnover: 0.073, short proportion: 1.000

[2026-04-24 14:02:05] INFO - Start OU preprocess
[2026-04-24 14:02:05] INFO - Finish OU preprocess
[2026-04-24 14:02:05] INFO - Epoch: 10/100, train Sharpe: 0.06, ret: 0.0147, std: 0.2511, turnover: 0.382, short proportion: 1.000 
        time per epoch: 0.26s, dev loss -0.01, dev Sharpe: -0.15, ret: -0.0318, std: 0.2156, turnover: 0.073, short proportion: 1.000

[2026-04-24 14:02:07] INFO - Start OU preprocess
[2026-04-24 14:02:07] INFO - Finish OU preprocess
[2026-04-24 14:02:08] INFO - Epoch: 20/100, train Sharpe: 0.04, ret: 0.0102, std: 0.2504, turnover: 0.384, short proportion: 1.000 
        time per epoch: 0.25s, dev loss -0.01, dev Sharpe: -0.15, ret: -0.0318, std: 0.2156, turnover: 0.073, short proportion: 1.000

[2026-04-24 14:02:10] INFO - Start OU preprocess
[2026-04-24 14:02:10] INFO - Finish OU preprocess
[2026-04-24 14:02:10] INFO - Epoch: 30/100, train Sharpe: 0.07, ret: 0.0164, std: 0.2511, turnover: 0.381, short proportion: 1.000 
        time per epoch: 0.24s, dev loss -0.01, dev Sharpe: -0.15, ret: -0.0318, std: 0.2156, turnover: 0.073, short proportion: 1.000

[2026-04-24 14:02:12] INFO - Start OU preprocess
[2026-04-24 14:02:12] INFO - Finish OU preprocess
[2026-04-24 14:02:12] INFO - Epoch: 40/100, train Sharpe: 0.06, ret: 0.0139, std: 0.2505, turnover: 0.382, short proportion: 1.000 
        time per epoch: 0.23s, dev loss -0.01, dev Sharpe: -0.15, ret: -0.0318, std: 0.2156, turnover: 0.073, short proportion: 1.000

[2026-04-24 14:02:14] INFO - Start OU preprocess
[2026-04-24 14:02:14] INFO - Finish OU preprocess
[2026-04-24 14:02:14] INFO - Epoch: 50/100, train Sharpe: 0.04, ret: 0.0112, std: 0.2513, turnover: 0.382, short proportion: 1.000 
        time per epoch: 0.23s, dev loss -0.01, dev Sharpe: -0.15, ret: -0.0318, std: 0.2156, turnover: 0.073, short proportion: 1.000

[2026-04-24 14:02:16] INFO - Start OU preprocess
[2026-04-24 14:02:16] INFO - Finish OU preprocess
[2026-04-24 14:02:16] INFO - Epoch: 60/100, train Sharpe: 0.03, ret: 0.0078, std: 0.2507, turnover: 0.383, short proportion: 1.000 
        time per epoch: 0.23s, dev loss -0.01, dev Sharpe: -0.15, ret: -0.0318, std: 0.2156, turnover: 0.073, short proportion: 1.000

[2026-04-24 14:02:16] INFO - Reducing learning rate
[2026-04-24 14:02:19] INFO - Start OU preprocess
[2026-04-24 14:02:19] INFO - Finish OU preprocess
[2026-04-24 14:02:19] INFO - Epoch: 70/100, train Sharpe: 0.05, ret: 0.0129, std: 0.2507, turnover: 0.383, short proportion: 1.000 
        time per epoch: 0.23s, dev loss -0.01, dev Sharpe: -0.15, ret: -0.0318, std: 0.2156, turnover: 0.073, short proportion: 1.000

[2026-04-24 14:02:21] INFO - Start OU preprocess
[2026-04-24 14:02:21] INFO - Finish OU preprocess
[2026-04-24 14:02:21] INFO - Epoch: 80/100, train Sharpe: 0.04, ret: 0.0109, std: 0.2513, turnover: 0.381, short proportion: 1.000 
        time per epoch: 0.23s, dev loss -0.01, dev Sharpe: -0.15, ret: -0.0318, std: 0.2156, turnover: 0.073, short proportion: 1.000

[2026-04-24 14:02:23] INFO - Start OU preprocess
[2026-04-24 14:02:23] INFO - Finish OU preprocess
[2026-04-24 14:02:24] INFO - Epoch: 90/100, train Sharpe: 0.04, ret: 0.0103, std: 0.2515, turnover: 0.382, short proportion: 1.000 
        time per epoch: 0.23s, dev loss -0.01, dev Sharpe: -0.15, ret: -0.0318, std: 0.2156, turnover: 0.073, short proportion: 1.000

[2026-04-24 14:02:24] INFO - Reducing learning rate
[2026-04-24 14:02:25] INFO - Training done - Model: Crypto0__OUFFN__sharpe__0trans_cost__0hold_cost__80lookback__5000length_training__moving-fawn__subperiod5, seed: 0
[2026-04-24 14:02:25] INFO - AT SUBPERIOD 6/9
[2026-04-24 14:02:25] INFO - train(): data_train.shape (5000, 70)
[2026-04-24 14:02:25] INFO - train(): assets_to_trade.shape (70,)
[2026-04-24 14:02:25] INFO - train(): T 5000 N 62
[2026-04-24 14:02:25] INFO - Start OU preprocess
[2026-04-24 14:02:26] INFO - Finish OU preprocess
[2026-04-24 14:02:26] INFO - train(): windows.shape (4920, 62, 4) idxs_selected.shape torch.Size([4920, 62])
[2026-04-24 14:02:26] INFO - epoch 0 batch 0 weights.shape torch.Size([512, 62])
[2026-04-24 14:02:26] INFO - Start OU preprocess
[2026-04-24 14:02:26] INFO - Finish OU preprocess
[2026-04-24 14:02:26] INFO - Epoch: 0/100, train Sharpe: -0.01, ret: -0.0031, std: 0.2523, turnover: 0.380, short proportion: 1.000 
        time per epoch: 0.56s, dev loss 0.06, dev Sharpe: 0.94, ret: 0.2708, std: 0.2894, turnover: 0.079, short proportion: 1.000

[2026-04-24 14:02:28] INFO - Start OU preprocess
[2026-04-24 14:02:28] INFO - Finish OU preprocess
[2026-04-24 14:02:28] INFO - Epoch: 10/100, train Sharpe: -0.01, ret: -0.0023, std: 0.2515, turnover: 0.382, short proportion: 1.000 
        time per epoch: 0.26s, dev loss 0.06, dev Sharpe: 0.94, ret: 0.2708, std: 0.2894, turnover: 0.079, short proportion: 1.000

[2026-04-24 14:02:30] INFO - Start OU preprocess
[2026-04-24 14:02:30] INFO - Finish OU preprocess
[2026-04-24 14:02:31] INFO - Epoch: 20/100, train Sharpe: -0.04, ret: -0.0110, std: 0.2515, turnover: 0.385, short proportion: 1.000 
        time per epoch: 0.24s, dev loss 0.06, dev Sharpe: 0.94, ret: 0.2708, std: 0.2894, turnover: 0.079, short proportion: 1.000

[2026-04-24 14:02:33] INFO - Start OU preprocess
[2026-04-24 14:02:33] INFO - Finish OU preprocess
[2026-04-24 14:02:33] INFO - Epoch: 30/100, train Sharpe: -0.03, ret: -0.0074, std: 0.2516, turnover: 0.382, short proportion: 1.000 
        time per epoch: 0.23s, dev loss 0.06, dev Sharpe: 0.94, ret: 0.2708, std: 0.2894, turnover: 0.079, short proportion: 1.000

[2026-04-24 14:02:35] INFO - Start OU preprocess
[2026-04-24 14:02:35] INFO - Finish OU preprocess
[2026-04-24 14:02:35] INFO - Epoch: 40/100, train Sharpe: -0.03, ret: -0.0066, std: 0.2517, turnover: 0.384, short proportion: 1.000 
        time per epoch: 0.23s, dev loss 0.06, dev Sharpe: 0.94, ret: 0.2708, std: 0.2894, turnover: 0.079, short proportion: 1.000

[2026-04-24 14:02:37] INFO - Start OU preprocess
[2026-04-24 14:02:37] INFO - Finish OU preprocess
[2026-04-24 14:02:37] INFO - Epoch: 50/100, train Sharpe: -0.03, ret: -0.0080, std: 0.2520, turnover: 0.383, short proportion: 1.000 
        time per epoch: 0.22s, dev loss 0.06, dev Sharpe: 0.94, ret: 0.2708, std: 0.2894, turnover: 0.079, short proportion: 1.000

[2026-04-24 14:02:39] INFO - Start OU preprocess
[2026-04-24 14:02:39] INFO - Finish OU preprocess
[2026-04-24 14:02:39] INFO - Epoch: 60/100, train Sharpe: -0.04, ret: -0.0097, std: 0.2514, turnover: 0.385, short proportion: 1.000 
        time per epoch: 0.22s, dev loss 0.06, dev Sharpe: 0.94, ret: 0.2708, std: 0.2894, turnover: 0.079, short proportion: 1.000

[2026-04-24 14:02:41] INFO - Start OU preprocess
[2026-04-24 14:02:41] INFO - Finish OU preprocess
[2026-04-24 14:02:41] INFO - Epoch: 70/100, train Sharpe: -0.03, ret: -0.0085, std: 0.2518, turnover: 0.383, short proportion: 1.000 
        time per epoch: 0.22s, dev loss 0.06, dev Sharpe: 0.94, ret: 0.2708, std: 0.2894, turnover: 0.079, short proportion: 1.000

[2026-04-24 14:02:43] INFO - Start OU preprocess
[2026-04-24 14:02:43] INFO - Finish OU preprocess
[2026-04-24 14:02:43] INFO - Epoch: 80/100, train Sharpe: -0.02, ret: -0.0041, std: 0.2511, turnover: 0.383, short proportion: 1.000 
        time per epoch: 0.22s, dev loss 0.06, dev Sharpe: 0.94, ret: 0.2708, std: 0.2894, turnover: 0.079, short proportion: 1.000

[2026-04-24 14:02:45] INFO - Start OU preprocess
[2026-04-24 14:02:45] INFO - Finish OU preprocess
[2026-04-24 14:02:46] INFO - Epoch: 90/100, train Sharpe: -0.02, ret: -0.0061, std: 0.2521, turnover: 0.383, short proportion: 1.000 
        time per epoch: 0.22s, dev loss 0.06, dev Sharpe: 0.94, ret: 0.2708, std: 0.2894, turnover: 0.079, short proportion: 1.000

[2026-04-24 14:02:47] INFO - Training done - Model: Crypto0__OUFFN__sharpe__0trans_cost__0hold_cost__80lookback__5000length_training__moving-fawn__subperiod6, seed: 0
[2026-04-24 14:02:47] INFO - AT SUBPERIOD 7/9
[2026-04-24 14:02:47] INFO - train(): data_train.shape (5000, 70)
[2026-04-24 14:02:47] INFO - train(): assets_to_trade.shape (70,)
[2026-04-24 14:02:47] INFO - train(): T 5000 N 62
[2026-04-24 14:02:47] INFO - Start OU preprocess
[2026-04-24 14:02:48] INFO - Finish OU preprocess
[2026-04-24 14:02:48] INFO - train(): windows.shape (4920, 62, 4) idxs_selected.shape torch.Size([4920, 62])
[2026-04-24 14:02:48] INFO - epoch 0 batch 0 weights.shape torch.Size([512, 62])
[2026-04-24 14:02:48] INFO - Start OU preprocess
[2026-04-24 14:02:48] INFO - Finish OU preprocess
[2026-04-24 14:02:48] INFO - Epoch: 0/100, train Sharpe: 0.05, ret: 0.0134, std: 0.2617, turnover: 0.381, short proportion: 1.000 
        time per epoch: 0.56s, dev loss nan, dev Sharpe: nan, ret: nan, std: nan, turnover: nan, short proportion: nan

[2026-04-24 14:02:48] INFO - Reducing learning rate
[2026-04-24 14:02:48] ERROR - Uncaught exception
Traceback (most recent call last):
  File "/Users/taniaadmane/Desktop/S2 ENSAE/Ml for finance/ML-in-finance-Deep-Learning-Statistical-Arbitrage/run_train_test.py", line 234, in run
    rets,sharpe,ret,std,turnover,short_proportion = test(residuals,
  File "/Users/taniaadmane/Desktop/S2 ENSAE/Ml for finance/ML-in-finance-Deep-Learning-Statistical-Arbitrage/train_test.py", line 465, in test
    rets_t,turns_t,shorts_t,weights_t,a2t = train(model_t,
  File "/Users/taniaadmane/Desktop/S2 ENSAE/Ml for finance/ML-in-finance-Deep-Learning-Statistical-Arbitrage/train_test.py", line 258, in train
    checkpoint = torch.load(os.path.join(output_path,\
  File "/Users/taniaadmane/miniconda3/envs/ml/lib/python3.10/site-packages/torch/serialization.py", line 1530, in load
    with _open_file_like(f, "rb") as opened_file:
  File "/Users/taniaadmane/miniconda3/envs/ml/lib/python3.10/site-packages/torch/serialization.py", line 795, in _open_file_like
    return _open_file(name_or_buffer, mode)
  File "/Users/taniaadmane/miniconda3/envs/ml/lib/python3.10/site-packages/torch/serialization.py", line 776, in __init__
    super().__init__(open(name, mode))  # noqa: SIM115
FileNotFoundError: [Errno 2] No such file or directory: '/Users/taniaadmane/Desktop/S2 ENSAE/Ml for finance/ML-in-finance-Deep-Learning-Statistical-Arbitrage/results/OUFFN/Checkpoint-0_seed_Crypto0__OUFFN__sharpe__0trans_cost__0hold_cost__80lookback__5000length_training__moving-fawn__subperiod7.tar'
