[2026-04-24 19:53:21] INFO - Logging initialized for 'OUFFN' by 'taniaadmane' on host 'MacBook-Air-de-Tania.local' with ID 'fun-ox'
[2026-04-24 19:53:21] INFO - Config: 
{
  "mode": "test",
  "results_tag": "",
  "debug": false,
  "model_name": "OUFFN",
  "model": {
    "lookback": 84,
    "dropout": 0.3,
    "hidden_units": [
      4,
      8,
      8,
      4
    ]
  },
  "preprocess_func": "preprocess_ou",
  "use_residual_weights": false,
  "cap_proportion": 0.01,
  "factor_models": {
    "IPCA": [],
    "PCA": [],
    "FamaFrench": [],
    "Crypto": [
      5
    ]
  },
  "num_epochs": 100,
  "optimizer_name": "Adam",
  "optimizer_opts": {
    "lr": 0.0005
  },
  "batch_size": 512,
  "retrain_freq": 512,
  "rolling_retrain": true,
  "force_retrain": true,
  "length_training": 5000,
  "early_stopping": true,
  "objective": "meanvar",
  "market_frictions": false,
  "trans_cost": 0,
  "hold_cost": 0
}
[2026-04-24 19:53:21] INFO - Testing residuals/crypto_pca_4h/Crypto_PCAresiduals_5_factors_2022_initialOOSYear_360_rollingWindow_0.01_Cap.npy
[2026-04-24 19:53:21] INFO - Loading residuals
[2026-04-24 19:53:21] INFO - Residuals loaded
[2026-04-24 19:53:21] INFO - STARTING: Crypto5__OUFFN__meanvar__0trans_cost__0hold_cost__84lookback__5000length_training__fun-ox
[2026-04-24 19:53:21] INFO - Running on devices ['mps']
[2026-04-24 19:53:21] INFO - test(): assets_to_trade.shape (94,)
[2026-04-24 19:53:21] INFO - AT SUBPERIOD 0/9
[2026-04-24 19:53:21] INFO - train(): data_train.shape (5000, 70)
[2026-04-24 19:53:21] INFO - train(): assets_to_trade.shape (70,)
[2026-04-24 19:53:21] INFO - train(): T 5000 N 62
[2026-04-24 19:53:21] INFO - Start OU preprocess
[2026-04-24 19:53:21] INFO - Finish OU preprocess
[2026-04-24 19:53:21] INFO - train(): windows.shape (4916, 62, 4) idxs_selected.shape torch.Size([4916, 62])
[2026-04-24 19:53:22] INFO - epoch 0 batch 0 weights.shape torch.Size([512, 62])
[2026-04-24 19:53:23] INFO - Start OU preprocess
[2026-04-24 19:53:23] INFO - Finish OU preprocess
[2026-04-24 19:53:23] INFO - Epoch: 0/100, train Sharpe: 0.59, ret: 0.3643, std: 0.6185, turnover: 0.375, short proportion: 1.000 
        time per epoch: 1.27s, dev loss -0.06, dev Sharpe: 1.86, ret: 1.1546, std: 0.6200, turnover: 0.054, short proportion: 1.000

[2026-04-24 19:53:25] INFO - Start OU preprocess
[2026-04-24 19:53:25] INFO - Finish OU preprocess
[2026-04-24 19:53:25] INFO - Epoch: 10/100, train Sharpe: 0.58, ret: 0.3582, std: 0.6199, turnover: 0.376, short proportion: 1.000 
        time per epoch: 0.33s, dev loss -0.06, dev Sharpe: 1.86, ret: 1.1546, std: 0.6200, turnover: 0.054, short proportion: 1.000

[2026-04-24 19:53:28] INFO - Start OU preprocess
[2026-04-24 19:53:28] INFO - Finish OU preprocess
[2026-04-24 19:53:28] INFO - Epoch: 20/100, train Sharpe: 0.61, ret: 0.3788, std: 0.6187, turnover: 0.373, short proportion: 1.000 
        time per epoch: 0.31s, dev loss -0.06, dev Sharpe: 1.86, ret: 1.1546, std: 0.6200, turnover: 0.054, short proportion: 1.000

[2026-04-24 19:53:31] INFO - Start OU preprocess
[2026-04-24 19:53:31] INFO - Finish OU preprocess
[2026-04-24 19:53:31] INFO - Epoch: 30/100, train Sharpe: 0.59, ret: 0.3666, std: 0.6169, turnover: 0.375, short proportion: 1.000 
        time per epoch: 0.30s, dev loss -0.06, dev Sharpe: 1.86, ret: 1.1546, std: 0.6200, turnover: 0.054, short proportion: 1.000

[2026-04-24 19:53:33] INFO - Start OU preprocess
[2026-04-24 19:53:33] INFO - Finish OU preprocess
[2026-04-24 19:53:34] INFO - Epoch: 40/100, train Sharpe: 0.62, ret: 0.3821, std: 0.6178, turnover: 0.374, short proportion: 1.000 
        time per epoch: 0.29s, dev loss -0.06, dev Sharpe: 1.86, ret: 1.1546, std: 0.6200, turnover: 0.054, short proportion: 1.000

[2026-04-24 19:53:36] INFO - Start OU preprocess
[2026-04-24 19:53:36] INFO - Finish OU preprocess
[2026-04-24 19:53:36] INFO - Epoch: 50/100, train Sharpe: 0.58, ret: 0.3580, std: 0.6184, turnover: 0.374, short proportion: 1.000 
        time per epoch: 0.28s, dev loss -0.06, dev Sharpe: 1.86, ret: 1.1546, std: 0.6200, turnover: 0.054, short proportion: 1.000

[2026-04-24 19:53:38] INFO - Start OU preprocess
[2026-04-24 19:53:38] INFO - Finish OU preprocess
[2026-04-24 19:53:38] INFO - Epoch: 60/100, train Sharpe: 0.60, ret: 0.3715, std: 0.6182, turnover: 0.372, short proportion: 1.000 
        time per epoch: 0.28s, dev loss -0.06, dev Sharpe: 1.86, ret: 1.1546, std: 0.6200, turnover: 0.054, short proportion: 1.000

[2026-04-24 19:53:38] INFO - Reducing learning rate
[2026-04-24 19:53:41] INFO - Start OU preprocess
[2026-04-24 19:53:41] INFO - Finish OU preprocess
[2026-04-24 19:53:41] INFO - Epoch: 70/100, train Sharpe: 0.58, ret: 0.3587, std: 0.6201, turnover: 0.375, short proportion: 1.000 
        time per epoch: 0.27s, dev loss -0.06, dev Sharpe: 1.86, ret: 1.1546, std: 0.6200, turnover: 0.054, short proportion: 1.000

[2026-04-24 19:53:41] INFO - Reducing learning rate
[2026-04-24 19:53:43] INFO - Start OU preprocess
[2026-04-24 19:53:43] INFO - Finish OU preprocess
[2026-04-24 19:53:43] INFO - Epoch: 80/100, train Sharpe: 0.55, ret: 0.3434, std: 0.6189, turnover: 0.374, short proportion: 1.000 
        time per epoch: 0.27s, dev loss -0.06, dev Sharpe: 1.86, ret: 1.1546, std: 0.6200, turnover: 0.054, short proportion: 1.000

[2026-04-24 19:53:45] INFO - Start OU preprocess
[2026-04-24 19:53:45] INFO - Finish OU preprocess
[2026-04-24 19:53:46] INFO - Epoch: 90/100, train Sharpe: 0.62, ret: 0.3821, std: 0.6188, turnover: 0.373, short proportion: 1.000 
        time per epoch: 0.26s, dev loss -0.06, dev Sharpe: 1.86, ret: 1.1546, std: 0.6200, turnover: 0.054, short proportion: 1.000

[2026-04-24 19:53:48] INFO - Training done - Model: Crypto5__OUFFN__meanvar__0trans_cost__0hold_cost__84lookback__5000length_training__fun-ox__subperiod0, seed: 0
[2026-04-24 19:53:48] INFO - AT SUBPERIOD 1/9
[2026-04-24 19:53:48] INFO - train(): data_train.shape (5000, 70)
[2026-04-24 19:53:48] INFO - train(): assets_to_trade.shape (70,)
[2026-04-24 19:53:48] INFO - train(): T 5000 N 62
[2026-04-24 19:53:48] INFO - Start OU preprocess
[2026-04-24 19:53:48] INFO - Finish OU preprocess
[2026-04-24 19:53:48] INFO - train(): windows.shape (4916, 62, 4) idxs_selected.shape torch.Size([4916, 62])
[2026-04-24 19:53:48] INFO - epoch 0 batch 0 weights.shape torch.Size([512, 62])
[2026-04-24 19:53:48] INFO - Start OU preprocess
[2026-04-24 19:53:48] INFO - Finish OU preprocess
[2026-04-24 19:53:49] INFO - Epoch: 0/100, train Sharpe: 0.64, ret: 0.3869, std: 0.6044, turnover: 0.372, short proportion: 1.000 
        time per epoch: 0.56s, dev loss -0.23, dev Sharpe: 0.17, ret: 0.1020, std: 0.5961, turnover: 0.058, short proportion: 1.000

[2026-04-24 19:53:51] INFO - Start OU preprocess
[2026-04-24 19:53:51] INFO - Finish OU preprocess
[2026-04-24 19:53:51] INFO - Epoch: 10/100, train Sharpe: 0.68, ret: 0.4116, std: 0.6052, turnover: 0.371, short proportion: 1.000 
        time per epoch: 0.28s, dev loss -0.23, dev Sharpe: 0.17, ret: 0.1020, std: 0.5961, turnover: 0.058, short proportion: 1.000

[2026-04-24 19:53:51] INFO - Reducing learning rate
[2026-04-24 19:53:54] INFO - Start OU preprocess
[2026-04-24 19:53:54] INFO - Finish OU preprocess
[2026-04-24 19:53:54] INFO - Epoch: 20/100, train Sharpe: 0.67, ret: 0.4049, std: 0.6072, turnover: 0.373, short proportion: 1.000 
        time per epoch: 0.28s, dev loss -0.23, dev Sharpe: 0.17, ret: 0.1020, std: 0.5961, turnover: 0.058, short proportion: 1.000

[2026-04-24 19:53:54] INFO - Reducing learning rate
[2026-04-24 19:53:56] INFO - Start OU preprocess
[2026-04-24 19:53:56] INFO - Finish OU preprocess
[2026-04-24 19:53:56] INFO - Epoch: 30/100, train Sharpe: 0.67, ret: 0.4076, std: 0.6053, turnover: 0.373, short proportion: 1.000 
        time per epoch: 0.26s, dev loss -0.23, dev Sharpe: 0.17, ret: 0.1020, std: 0.5961, turnover: 0.058, short proportion: 1.000

[2026-04-24 19:53:58] INFO - Start OU preprocess
[2026-04-24 19:53:58] INFO - Finish OU preprocess
[2026-04-24 19:53:59] INFO - Epoch: 40/100, train Sharpe: 0.67, ret: 0.4067, std: 0.6056, turnover: 0.371, short proportion: 1.000 
        time per epoch: 0.26s, dev loss -0.23, dev Sharpe: 0.17, ret: 0.1020, std: 0.5961, turnover: 0.058, short proportion: 1.000

[2026-04-24 19:54:01] INFO - Start OU preprocess
[2026-04-24 19:54:01] INFO - Finish OU preprocess
[2026-04-24 19:54:01] INFO - Epoch: 50/100, train Sharpe: 0.70, ret: 0.4229, std: 0.6047, turnover: 0.371, short proportion: 1.000 
        time per epoch: 0.25s, dev loss -0.23, dev Sharpe: 0.17, ret: 0.1020, std: 0.5961, turnover: 0.058, short proportion: 1.000

[2026-04-24 19:54:03] INFO - Start OU preprocess
[2026-04-24 19:54:03] INFO - Finish OU preprocess
[2026-04-24 19:54:04] INFO - Epoch: 60/100, train Sharpe: 0.65, ret: 0.3913, std: 0.6037, turnover: 0.371, short proportion: 1.000 
        time per epoch: 0.25s, dev loss -0.23, dev Sharpe: 0.17, ret: 0.1020, std: 0.5961, turnover: 0.058, short proportion: 1.000

[2026-04-24 19:54:06] INFO - Start OU preprocess
[2026-04-24 19:54:06] INFO - Finish OU preprocess
[2026-04-24 19:54:06] INFO - Epoch: 70/100, train Sharpe: 0.62, ret: 0.3720, std: 0.6046, turnover: 0.370, short proportion: 1.000 
        time per epoch: 0.25s, dev loss -0.23, dev Sharpe: 0.17, ret: 0.1020, std: 0.5961, turnover: 0.058, short proportion: 1.000

[2026-04-24 19:54:08] INFO - Start OU preprocess
[2026-04-24 19:54:08] INFO - Finish OU preprocess
[2026-04-24 19:54:08] INFO - Epoch: 80/100, train Sharpe: 0.69, ret: 0.4166, std: 0.6064, turnover: 0.369, short proportion: 1.000 
        time per epoch: 0.25s, dev loss -0.23, dev Sharpe: 0.17, ret: 0.1020, std: 0.5961, turnover: 0.058, short proportion: 1.000

