[2026-04-24 19:55:36] INFO - Logging initialized for 'OUFFN' by 'taniaadmane' on host 'MacBook-Air-de-Tania.local' with ID 'holy-jennet'
[2026-04-24 19:55:36] INFO - Config: 
{
  "mode": "test",
  "results_tag": "",
  "debug": false,
  "model_name": "OUFFN",
  "model": {
    "lookback": 84,
    "dropout": 0.3,
    "hidden_units": [
      4,
      8,
      8,
      4
    ]
  },
  "preprocess_func": "preprocess_ou",
  "use_residual_weights": false,
  "cap_proportion": 0.01,
  "factor_models": {
    "IPCA": [],
    "PCA": [],
    "FamaFrench": [],
    "Crypto": [
      5
    ]
  },
  "num_epochs": 100,
  "optimizer_name": "Adam",
  "optimizer_opts": {
    "lr": 0.0005
  },
  "batch_size": 512,
  "retrain_freq": 512,
  "rolling_retrain": true,
  "force_retrain": true,
  "length_training": 5000,
  "early_stopping": true,
  "objective": "sharpe",
  "market_frictions": false,
  "trans_cost": 0,
  "hold_cost": 0
}
[2026-04-24 19:55:36] INFO - Testing residuals/crypto_pca_4h/Crypto_PCAresiduals_5_factors_2022_initialOOSYear_360_rollingWindow_0.01_Cap.npy
[2026-04-24 19:55:36] INFO - Loading residuals
[2026-04-24 19:55:36] INFO - Residuals loaded
[2026-04-24 19:55:36] INFO - STARTING: Crypto5__OUFFN__sharpe__0trans_cost__0hold_cost__84lookback__5000length_training__holy-jennet
[2026-04-24 19:55:36] INFO - Running on devices ['mps']
[2026-04-24 19:55:36] INFO - test(): assets_to_trade.shape (94,)
[2026-04-24 19:55:36] INFO - AT SUBPERIOD 0/9
[2026-04-24 19:55:36] INFO - train(): data_train.shape (5000, 70)
[2026-04-24 19:55:36] INFO - train(): assets_to_trade.shape (70,)
[2026-04-24 19:55:36] INFO - train(): T 5000 N 62
[2026-04-24 19:55:36] INFO - Start OU preprocess
[2026-04-24 19:55:37] INFO - Finish OU preprocess
[2026-04-24 19:55:37] INFO - train(): windows.shape (4916, 62, 4) idxs_selected.shape torch.Size([4916, 62])
[2026-04-24 19:55:37] INFO - epoch 0 batch 0 weights.shape torch.Size([512, 62])
[2026-04-24 19:55:38] INFO - Start OU preprocess
[2026-04-24 19:55:38] INFO - Finish OU preprocess
[2026-04-24 19:55:38] INFO - Epoch: 0/100, train Sharpe: 0.59, ret: 0.3642, std: 0.6185, turnover: 0.375, short proportion: 1.000 
        time per epoch: 1.19s, dev loss 0.05, dev Sharpe: 1.86, ret: 1.1546, std: 0.6200, turnover: 0.054, short proportion: 1.000

[2026-04-24 19:55:41] INFO - Start OU preprocess
[2026-04-24 19:55:41] INFO - Finish OU preprocess
[2026-04-24 19:55:41] INFO - Epoch: 10/100, train Sharpe: 0.58, ret: 0.3580, std: 0.6199, turnover: 0.376, short proportion: 1.000 
        time per epoch: 0.36s, dev loss 0.05, dev Sharpe: 1.86, ret: 1.1546, std: 0.6200, turnover: 0.054, short proportion: 1.000

[2026-04-24 19:55:44] INFO - Start OU preprocess
[2026-04-24 19:55:44] INFO - Finish OU preprocess
[2026-04-24 19:55:44] INFO - Epoch: 20/100, train Sharpe: 0.61, ret: 0.3786, std: 0.6187, turnover: 0.373, short proportion: 1.000 
        time per epoch: 0.34s, dev loss 0.05, dev Sharpe: 1.86, ret: 1.1546, std: 0.6200, turnover: 0.054, short proportion: 1.000

[2026-04-24 19:55:47] INFO - Start OU preprocess
[2026-04-24 19:55:47] INFO - Finish OU preprocess
[2026-04-24 19:55:48] INFO - Epoch: 30/100, train Sharpe: 0.59, ret: 0.3667, std: 0.6169, turnover: 0.378, short proportion: 1.000 
        time per epoch: 0.34s, dev loss 0.05, dev Sharpe: 1.86, ret: 1.1546, std: 0.6200, turnover: 0.054, short proportion: 1.000

[2026-04-24 19:55:50] INFO - Start OU preprocess
[2026-04-24 19:55:50] INFO - Finish OU preprocess
[2026-04-24 19:55:51] INFO - Epoch: 40/100, train Sharpe: 0.62, ret: 0.3822, std: 0.6178, turnover: 0.378, short proportion: 1.000 
        time per epoch: 0.33s, dev loss 0.05, dev Sharpe: 1.86, ret: 1.1546, std: 0.6200, turnover: 0.054, short proportion: 1.000

[2026-04-24 19:55:53] INFO - Start OU preprocess
[2026-04-24 19:55:53] INFO - Finish OU preprocess
[2026-04-24 19:55:53] INFO - Epoch: 50/100, train Sharpe: 0.58, ret: 0.3575, std: 0.6184, turnover: 0.379, short proportion: 1.000 
        time per epoch: 0.32s, dev loss 0.05, dev Sharpe: 1.86, ret: 1.1546, std: 0.6200, turnover: 0.054, short proportion: 1.000

[2026-04-24 19:55:56] INFO - Start OU preprocess
[2026-04-24 19:55:56] INFO - Finish OU preprocess
[2026-04-24 19:55:56] INFO - Epoch: 60/100, train Sharpe: 0.60, ret: 0.3717, std: 0.6182, turnover: 0.377, short proportion: 1.000 
        time per epoch: 0.32s, dev loss 0.05, dev Sharpe: 1.86, ret: 1.1546, std: 0.6200, turnover: 0.054, short proportion: 1.000

[2026-04-24 19:55:59] INFO - Start OU preprocess
[2026-04-24 19:55:59] INFO - Finish OU preprocess
[2026-04-24 19:55:59] INFO - Epoch: 70/100, train Sharpe: 0.58, ret: 0.3585, std: 0.6201, turnover: 0.380, short proportion: 1.000 
        time per epoch: 0.31s, dev loss 0.05, dev Sharpe: 1.86, ret: 1.1546, std: 0.6200, turnover: 0.054, short proportion: 1.000

[2026-04-24 19:56:01] INFO - Start OU preprocess
[2026-04-24 19:56:01] INFO - Finish OU preprocess
[2026-04-24 19:56:01] INFO - Epoch: 80/100, train Sharpe: 0.55, ret: 0.3429, std: 0.6190, turnover: 0.381, short proportion: 1.000 
        time per epoch: 0.30s, dev loss 0.05, dev Sharpe: 1.86, ret: 1.1546, std: 0.6200, turnover: 0.054, short proportion: 1.000

[2026-04-24 19:56:04] INFO - Start OU preprocess
[2026-04-24 19:56:04] INFO - Finish OU preprocess
[2026-04-24 19:56:04] INFO - Epoch: 90/100, train Sharpe: 0.62, ret: 0.3820, std: 0.6189, turnover: 0.377, short proportion: 1.000 
        time per epoch: 0.30s, dev loss 0.05, dev Sharpe: 1.86, ret: 1.1546, std: 0.6200, turnover: 0.054, short proportion: 1.000

[2026-04-24 19:56:06] INFO - Training done - Model: Crypto5__OUFFN__sharpe__0trans_cost__0hold_cost__84lookback__5000length_training__holy-jennet__subperiod0, seed: 0
[2026-04-24 19:56:06] INFO - AT SUBPERIOD 1/9
[2026-04-24 19:56:06] INFO - train(): data_train.shape (5000, 70)
[2026-04-24 19:56:06] INFO - train(): assets_to_trade.shape (70,)
[2026-04-24 19:56:06] INFO - train(): T 5000 N 62
[2026-04-24 19:56:06] INFO - Start OU preprocess
[2026-04-24 19:56:07] INFO - Finish OU preprocess
[2026-04-24 19:56:07] INFO - train(): windows.shape (4916, 62, 4) idxs_selected.shape torch.Size([4916, 62])
[2026-04-24 19:56:07] INFO - epoch 0 batch 0 weights.shape torch.Size([512, 62])
[2026-04-24 19:56:07] INFO - Start OU preprocess
[2026-04-24 19:56:07] INFO - Finish OU preprocess
[2026-04-24 19:56:07] INFO - Epoch: 0/100, train Sharpe: 0.64, ret: 0.3869, std: 0.6044, turnover: 0.372, short proportion: 1.000 
        time per epoch: 0.57s, dev loss 0.00, dev Sharpe: 0.17, ret: 0.1020, std: 0.5961, turnover: 0.058, short proportion: 1.000

[2026-04-24 19:56:09] INFO - Start OU preprocess
[2026-04-24 19:56:09] INFO - Finish OU preprocess
[2026-04-24 19:56:09] INFO - Epoch: 10/100, train Sharpe: 0.68, ret: 0.4116, std: 0.6052, turnover: 0.373, short proportion: 1.000 
        time per epoch: 0.26s, dev loss 0.00, dev Sharpe: 0.17, ret: 0.1020, std: 0.5961, turnover: 0.058, short proportion: 1.000

[2026-04-24 19:56:09] INFO - Reducing learning rate
[2026-04-24 19:56:13] INFO - Start OU preprocess
[2026-04-24 19:56:13] INFO - Finish OU preprocess
[2026-04-24 19:56:13] INFO - Epoch: 20/100, train Sharpe: 0.67, ret: 0.4049, std: 0.6072, turnover: 0.373, short proportion: 1.000 
        time per epoch: 0.30s, dev loss 0.00, dev Sharpe: 0.17, ret: 0.1020, std: 0.5961, turnover: 0.058, short proportion: 1.000

[2026-04-24 19:56:13] INFO - Reducing learning rate
[2026-04-24 19:56:16] INFO - Start OU preprocess
[2026-04-24 19:56:16] INFO - Finish OU preprocess
[2026-04-24 19:56:16] INFO - Epoch: 30/100, train Sharpe: 0.67, ret: 0.4077, std: 0.6053, turnover: 0.373, short proportion: 1.000 
        time per epoch: 0.31s, dev loss 0.00, dev Sharpe: 0.17, ret: 0.1020, std: 0.5961, turnover: 0.058, short proportion: 1.000

[2026-04-24 19:56:18] INFO - Start OU preprocess
[2026-04-24 19:56:18] INFO - Finish OU preprocess
[2026-04-24 19:56:18] INFO - Epoch: 40/100, train Sharpe: 0.67, ret: 0.4067, std: 0.6056, turnover: 0.372, short proportion: 1.000 
        time per epoch: 0.29s, dev loss 0.00, dev Sharpe: 0.17, ret: 0.1020, std: 0.5961, turnover: 0.058, short proportion: 1.000

[2026-04-24 19:56:22] INFO - Start OU preprocess
[2026-04-24 19:56:22] INFO - Finish OU preprocess
[2026-04-24 19:56:22] INFO - Epoch: 50/100, train Sharpe: 0.70, ret: 0.4229, std: 0.6047, turnover: 0.372, short proportion: 1.000 
        time per epoch: 0.30s, dev loss 0.00, dev Sharpe: 0.17, ret: 0.1020, std: 0.5961, turnover: 0.058, short proportion: 1.000

[2026-04-24 19:56:25] INFO - Start OU preprocess
[2026-04-24 19:56:25] INFO - Finish OU preprocess
[2026-04-24 19:56:25] INFO - Epoch: 60/100, train Sharpe: 0.65, ret: 0.3913, std: 0.6037, turnover: 0.373, short proportion: 1.000 
        time per epoch: 0.30s, dev loss 0.00, dev Sharpe: 0.17, ret: 0.1020, std: 0.5961, turnover: 0.058, short proportion: 1.000

[2026-04-24 19:56:27] INFO - Start OU preprocess
[2026-04-24 19:56:27] INFO - Finish OU preprocess
[2026-04-24 19:56:27] INFO - Epoch: 70/100, train Sharpe: 0.61, ret: 0.3718, std: 0.6046, turnover: 0.372, short proportion: 1.000 
        time per epoch: 0.29s, dev loss 0.00, dev Sharpe: 0.17, ret: 0.1020, std: 0.5961, turnover: 0.058, short proportion: 1.000

[2026-04-24 19:56:27] INFO - Reducing learning rate
[2026-04-24 19:56:29] INFO - Start OU preprocess
[2026-04-24 19:56:29] INFO - Finish OU preprocess
[2026-04-24 19:56:30] INFO - Epoch: 80/100, train Sharpe: 0.69, ret: 0.4165, std: 0.6064, turnover: 0.372, short proportion: 1.000 
        time per epoch: 0.29s, dev loss 0.00, dev Sharpe: 0.17, ret: 0.1020, std: 0.5961, turnover: 0.058, short proportion: 1.000

[2026-04-24 19:56:30] INFO - Reducing learning rate
[2026-04-24 19:56:32] INFO - Start OU preprocess
[2026-04-24 19:56:32] INFO - Finish OU preprocess
[2026-04-24 19:56:32] INFO - Epoch: 90/100, train Sharpe: 0.70, ret: 0.4229, std: 0.6075, turnover: 0.372, short proportion: 1.000 
        time per epoch: 0.28s, dev loss 0.00, dev Sharpe: 0.17, ret: 0.1020, std: 0.5961, turnover: 0.058, short proportion: 1.000

[2026-04-24 19:56:34] INFO - Training done - Model: Crypto5__OUFFN__sharpe__0trans_cost__0hold_cost__84lookback__5000length_training__holy-jennet__subperiod1, seed: 0
[2026-04-24 19:56:34] INFO - AT SUBPERIOD 2/9
[2026-04-24 19:56:34] INFO - train(): data_train.shape (5000, 70)
[2026-04-24 19:56:34] INFO - train(): assets_to_trade.shape (70,)
[2026-04-24 19:56:34] INFO - train(): T 5000 N 61
[2026-04-24 19:56:34] INFO - Start OU preprocess
[2026-04-24 19:56:34] INFO - Finish OU preprocess
[2026-04-24 19:56:34] INFO - train(): windows.shape (4916, 61, 4) idxs_selected.shape torch.Size([4916, 61])
[2026-04-24 19:56:34] INFO - epoch 0 batch 0 weights.shape torch.Size([512, 61])
[2026-04-24 19:56:35] INFO - Start OU preprocess
[2026-04-24 19:56:35] INFO - Finish OU preprocess
[2026-04-24 19:56:35] INFO - Epoch: 0/100, train Sharpe: 0.14, ret: 0.0803, std: 0.5634, turnover: 0.373, short proportion: 1.000 
        time per epoch: 0.65s, dev loss -0.04, dev Sharpe: -1.75, ret: -1.3564, std: 0.7764, turnover: 0.056, short proportion: 1.000

[2026-04-24 19:56:37] INFO - Start OU preprocess
[2026-04-24 19:56:37] INFO - Finish OU preprocess
[2026-04-24 19:56:37] INFO - Epoch: 10/100, train Sharpe: 0.10, ret: 0.0557, std: 0.5634, turnover: 0.374, short proportion: 1.000 
        time per epoch: 0.27s, dev loss -0.04, dev Sharpe: -1.75, ret: -1.3564, std: 0.7764, turnover: 0.056, short proportion: 1.000

[2026-04-24 19:56:37] INFO - Reducing learning rate
[2026-04-24 19:56:40] INFO - Start OU preprocess
[2026-04-24 19:56:40] INFO - Finish OU preprocess
[2026-04-24 19:56:40] INFO - Epoch: 20/100, train Sharpe: 0.16, ret: 0.0883, std: 0.5641, turnover: 0.377, short proportion: 1.000 
        time per epoch: 0.28s, dev loss -0.04, dev Sharpe: -1.75, ret: -1.3564, std: 0.7764, turnover: 0.056, short proportion: 1.000

[2026-04-24 19:56:40] INFO - Reducing learning rate
[2026-04-24 19:56:43] INFO - Start OU preprocess
[2026-04-24 19:56:43] INFO - Finish OU preprocess
[2026-04-24 19:56:44] INFO - Epoch: 30/100, train Sharpe: 0.09, ret: 0.0529, std: 0.5632, turnover: 0.376, short proportion: 1.000 
        time per epoch: 0.30s, dev loss -0.04, dev Sharpe: -1.75, ret: -1.3564, std: 0.7764, turnover: 0.056, short proportion: 1.000

[2026-04-24 19:56:44] INFO - Reducing learning rate
[2026-04-24 19:56:47] INFO - Start OU preprocess
[2026-04-24 19:56:47] INFO - Finish OU preprocess
[2026-04-24 19:56:47] INFO - Epoch: 40/100, train Sharpe: 0.10, ret: 0.0575, std: 0.5630, turnover: 0.374, short proportion: 1.000 
        time per epoch: 0.30s, dev loss -0.04, dev Sharpe: -1.75, ret: -1.3564, std: 0.7764, turnover: 0.056, short proportion: 1.000

[2026-04-24 19:56:47] INFO - Reducing learning rate
[2026-04-24 19:56:50] INFO - Start OU preprocess
[2026-04-24 19:56:50] INFO - Finish OU preprocess
[2026-04-24 19:56:50] INFO - Epoch: 50/100, train Sharpe: 0.08, ret: 0.0451, std: 0.5632, turnover: 0.376, short proportion: 1.000 
        time per epoch: 0.30s, dev loss -0.04, dev Sharpe: -1.75, ret: -1.3564, std: 0.7764, turnover: 0.056, short proportion: 1.000

[2026-04-24 19:56:50] INFO - Reducing learning rate
[2026-04-24 19:56:52] INFO - Start OU preprocess
[2026-04-24 19:56:52] INFO - Finish OU preprocess
[2026-04-24 19:56:53] INFO - Epoch: 60/100, train Sharpe: 0.11, ret: 0.0596, std: 0.5635, turnover: 0.376, short proportion: 1.000 
        time per epoch: 0.30s, dev loss -0.04, dev Sharpe: -1.75, ret: -1.3564, std: 0.7764, turnover: 0.056, short proportion: 1.000

[2026-04-24 19:56:53] INFO - Early stopping max trials reached
[2026-04-24 19:56:53] INFO - Training done - Model: Crypto5__OUFFN__sharpe__0trans_cost__0hold_cost__84lookback__5000length_training__holy-jennet__subperiod2, seed: 0
[2026-04-24 19:56:53] INFO - AT SUBPERIOD 3/9
[2026-04-24 19:56:53] INFO - train(): data_train.shape (5000, 70)
[2026-04-24 19:56:53] INFO - train(): assets_to_trade.shape (70,)
[2026-04-24 19:56:53] INFO - train(): T 5000 N 61
[2026-04-24 19:56:53] INFO - Start OU preprocess
[2026-04-24 19:56:53] INFO - Finish OU preprocess
[2026-04-24 19:56:53] INFO - train(): windows.shape (4916, 61, 4) idxs_selected.shape torch.Size([4916, 61])
[2026-04-24 19:56:53] INFO - epoch 0 batch 0 weights.shape torch.Size([512, 61])
[2026-04-24 19:56:53] INFO - Start OU preprocess
[2026-04-24 19:56:53] INFO - Finish OU preprocess
[2026-04-24 19:56:54] INFO - Epoch: 0/100, train Sharpe: -0.15, ret: -0.0854, std: 0.5853, turnover: 0.374, short proportion: 1.000 
        time per epoch: 0.57s, dev loss 0.07, dev Sharpe: 2.57, ret: 2.0198, std: 0.7841, turnover: 0.034, short proportion: 1.000

[2026-04-24 19:56:56] INFO - Start OU preprocess
[2026-04-24 19:56:56] INFO - Finish OU preprocess
[2026-04-24 19:56:56] INFO - Epoch: 10/100, train Sharpe: -0.11, ret: -0.0672, std: 0.5848, turnover: 0.374, short proportion: 1.000 
        time per epoch: 0.26s, dev loss 0.07, dev Sharpe: 2.57, ret: 2.0198, std: 0.7841, turnover: 0.034, short proportion: 1.000

[2026-04-24 19:56:56] INFO - Reducing learning rate
[2026-04-24 19:56:59] INFO - Start OU preprocess
[2026-04-24 19:56:59] INFO - Finish OU preprocess
[2026-04-24 19:56:59] INFO - Epoch: 20/100, train Sharpe: -0.12, ret: -0.0730, std: 0.5841, turnover: 0.375, short proportion: 1.000 
        time per epoch: 0.29s, dev loss 0.07, dev Sharpe: 2.57, ret: 2.0198, std: 0.7841, turnover: 0.034, short proportion: 1.000

[2026-04-24 19:56:59] INFO - Reducing learning rate
[2026-04-24 19:57:01] INFO - Start OU preprocess
[2026-04-24 19:57:01] INFO - Finish OU preprocess
[2026-04-24 19:57:02] INFO - Epoch: 30/100, train Sharpe: -0.14, ret: -0.0846, std: 0.5845, turnover: 0.375, short proportion: 1.000 
        time per epoch: 0.28s, dev loss 0.07, dev Sharpe: 2.57, ret: 2.0198, std: 0.7841, turnover: 0.034, short proportion: 1.000

[2026-04-24 19:57:02] INFO - Reducing learning rate
[2026-04-24 19:57:04] INFO - Start OU preprocess
[2026-04-24 19:57:04] INFO - Finish OU preprocess
[2026-04-24 19:57:04] INFO - Epoch: 40/100, train Sharpe: -0.14, ret: -0.0826, std: 0.5862, turnover: 0.375, short proportion: 1.000 
        time per epoch: 0.27s, dev loss 0.07, dev Sharpe: 2.57, ret: 2.0198, std: 0.7841, turnover: 0.034, short proportion: 1.000

[2026-04-24 19:57:06] INFO - Start OU preprocess
[2026-04-24 19:57:06] INFO - Finish OU preprocess
[2026-04-24 19:57:07] INFO - Epoch: 50/100, train Sharpe: -0.15, ret: -0.0873, std: 0.5844, turnover: 0.375, short proportion: 1.000 
        time per epoch: 0.27s, dev loss 0.07, dev Sharpe: 2.57, ret: 2.0198, std: 0.7841, turnover: 0.034, short proportion: 1.000

[2026-04-24 19:57:07] INFO - Reducing learning rate
[2026-04-24 19:57:09] INFO - Start OU preprocess
[2026-04-24 19:57:09] INFO - Finish OU preprocess
[2026-04-24 19:57:09] INFO - Epoch: 60/100, train Sharpe: -0.16, ret: -0.0950, std: 0.5855, turnover: 0.377, short proportion: 1.000 
        time per epoch: 0.27s, dev loss 0.07, dev Sharpe: 2.57, ret: 2.0198, std: 0.7841, turnover: 0.034, short proportion: 1.000

[2026-04-24 19:57:11] INFO - Start OU preprocess
[2026-04-24 19:57:11] INFO - Finish OU preprocess
[2026-04-24 19:57:12] INFO - Epoch: 70/100, train Sharpe: -0.16, ret: -0.0919, std: 0.5844, turnover: 0.375, short proportion: 1.000 
        time per epoch: 0.26s, dev loss 0.07, dev Sharpe: 2.57, ret: 2.0198, std: 0.7841, turnover: 0.034, short proportion: 1.000

[2026-04-24 19:57:12] INFO - Reducing learning rate
[2026-04-24 19:57:14] INFO - Start OU preprocess
[2026-04-24 19:57:14] INFO - Finish OU preprocess
[2026-04-24 19:57:14] INFO - Epoch: 80/100, train Sharpe: -0.13, ret: -0.0750, std: 0.5855, turnover: 0.375, short proportion: 1.000 
        time per epoch: 0.26s, dev loss 0.07, dev Sharpe: 2.57, ret: 2.0198, std: 0.7841, turnover: 0.034, short proportion: 1.000

[2026-04-24 19:57:14] INFO - Early stopping max trials reached
[2026-04-24 19:57:14] INFO - Training done - Model: Crypto5__OUFFN__sharpe__0trans_cost__0hold_cost__84lookback__5000length_training__holy-jennet__subperiod3, seed: 0
[2026-04-24 19:57:14] INFO - AT SUBPERIOD 4/9
[2026-04-24 19:57:14] INFO - train(): data_train.shape (5000, 70)
[2026-04-24 19:57:14] INFO - train(): assets_to_trade.shape (70,)
[2026-04-24 19:57:14] INFO - train(): T 5000 N 62
[2026-04-24 19:57:14] INFO - Start OU preprocess
[2026-04-24 19:57:14] INFO - Finish OU preprocess
[2026-04-24 19:57:14] INFO - train(): windows.shape (4916, 62, 4) idxs_selected.shape torch.Size([4916, 62])
[2026-04-24 19:57:14] INFO - epoch 0 batch 0 weights.shape torch.Size([512, 62])
[2026-04-24 19:57:15] INFO - Start OU preprocess
[2026-04-24 19:57:15] INFO - Finish OU preprocess
[2026-04-24 19:57:15] INFO - Epoch: 0/100, train Sharpe: 0.01, ret: 0.0084, std: 0.6092, turnover: 0.372, short proportion: 1.000 
        time per epoch: 0.55s, dev loss 0.01, dev Sharpe: 0.26, ret: 0.1563, std: 0.5995, turnover: 0.056, short proportion: 1.000

[2026-04-24 19:57:17] INFO - Start OU preprocess
[2026-04-24 19:57:17] INFO - Finish OU preprocess
[2026-04-24 19:57:17] INFO - Epoch: 10/100, train Sharpe: 0.02, ret: 0.0114, std: 0.6081, turnover: 0.376, short proportion: 1.000 
        time per epoch: 0.26s, dev loss 0.01, dev Sharpe: 0.26, ret: 0.1563, std: 0.5995, turnover: 0.056, short proportion: 1.000

[2026-04-24 19:57:19] INFO - Start OU preprocess
[2026-04-24 19:57:19] INFO - Finish OU preprocess
[2026-04-24 19:57:20] INFO - Epoch: 20/100, train Sharpe: 0.00, ret: 0.0013, std: 0.6078, turnover: 0.373, short proportion: 1.000 
        time per epoch: 0.24s, dev loss 0.01, dev Sharpe: 0.26, ret: 0.1563, std: 0.5995, turnover: 0.056, short proportion: 1.000

[2026-04-24 19:57:22] INFO - Start OU preprocess
[2026-04-24 19:57:22] INFO - Finish OU preprocess
[2026-04-24 19:57:22] INFO - Epoch: 30/100, train Sharpe: 0.02, ret: 0.0146, std: 0.6088, turnover: 0.370, short proportion: 1.000 
        time per epoch: 0.25s, dev loss 0.01, dev Sharpe: 0.26, ret: 0.1564, std: 0.5995, turnover: 0.056, short proportion: 1.000

[2026-04-24 19:57:24] INFO - Start OU preprocess
[2026-04-24 19:57:24] INFO - Finish OU preprocess
[2026-04-24 19:57:25] INFO - Epoch: 40/100, train Sharpe: -0.02, ret: -0.0104, std: 0.6071, turnover: 0.370, short proportion: 1.000 
        time per epoch: 0.25s, dev loss 0.01, dev Sharpe: 0.26, ret: 0.1564, std: 0.5995, turnover: 0.056, short proportion: 1.000

[2026-04-24 19:57:27] INFO - Start OU preprocess
[2026-04-24 19:57:27] INFO - Finish OU preprocess
[2026-04-24 19:57:27] INFO - Epoch: 50/100, train Sharpe: 0.00, ret: 0.0020, std: 0.6085, turnover: 0.368, short proportion: 1.000 
        time per epoch: 0.25s, dev loss 0.01, dev Sharpe: 0.26, ret: 0.1564, std: 0.5995, turnover: 0.056, short proportion: 1.000

[2026-04-24 19:57:29] INFO - Start OU preprocess
[2026-04-24 19:57:29] INFO - Finish OU preprocess
[2026-04-24 19:57:29] INFO - Epoch: 60/100, train Sharpe: 0.08, ret: 0.0458, std: 0.6071, turnover: 0.369, short proportion: 1.000 
        time per epoch: 0.24s, dev loss 0.01, dev Sharpe: 0.26, ret: 0.1564, std: 0.5995, turnover: 0.056, short proportion: 1.000

[2026-04-24 19:57:31] INFO - Start OU preprocess
[2026-04-24 19:57:31] INFO - Finish OU preprocess
[2026-04-24 19:57:32] INFO - Epoch: 70/100, train Sharpe: 0.01, ret: 0.0057, std: 0.6087, turnover: 0.364, short proportion: 1.000 
        time per epoch: 0.24s, dev loss 0.01, dev Sharpe: 0.26, ret: 0.1564, std: 0.5995, turnover: 0.056, short proportion: 1.000

[2026-04-24 19:57:33] INFO - Start OU preprocess
[2026-04-24 19:57:33] INFO - Finish OU preprocess
[2026-04-24 19:57:34] INFO - Epoch: 80/100, train Sharpe: 0.06, ret: 0.0373, std: 0.6091, turnover: 0.366, short proportion: 1.000 
        time per epoch: 0.24s, dev loss 0.01, dev Sharpe: 0.26, ret: 0.1564, std: 0.5995, turnover: 0.056, short proportion: 1.000

[2026-04-24 19:57:36] INFO - Start OU preprocess
[2026-04-24 19:57:36] INFO - Finish OU preprocess
[2026-04-24 19:57:36] INFO - Epoch: 90/100, train Sharpe: 0.02, ret: 0.0127, std: 0.6079, turnover: 0.366, short proportion: 1.000 
        time per epoch: 0.24s, dev loss 0.01, dev Sharpe: 0.26, ret: 0.1564, std: 0.5995, turnover: 0.056, short proportion: 1.000

[2026-04-24 19:57:38] INFO - Training done - Model: Crypto5__OUFFN__sharpe__0trans_cost__0hold_cost__84lookback__5000length_training__holy-jennet__subperiod4, seed: 0
[2026-04-24 19:57:38] INFO - AT SUBPERIOD 5/9
[2026-04-24 19:57:38] INFO - train(): data_train.shape (5000, 70)
[2026-04-24 19:57:38] INFO - train(): assets_to_trade.shape (70,)
[2026-04-24 19:57:38] INFO - train(): T 5000 N 64
[2026-04-24 19:57:38] INFO - Start OU preprocess
[2026-04-24 19:57:38] INFO - Finish OU preprocess
[2026-04-24 19:57:38] INFO - train(): windows.shape (4916, 64, 4) idxs_selected.shape torch.Size([4916, 64])
[2026-04-24 19:57:38] INFO - epoch 0 batch 0 weights.shape torch.Size([512, 64])
[2026-04-24 19:57:39] INFO - Start OU preprocess
[2026-04-24 19:57:39] INFO - Finish OU preprocess
[2026-04-24 19:57:39] INFO - Epoch: 0/100, train Sharpe: 0.21, ret: 0.1301, std: 0.6088, turnover: 0.370, short proportion: 1.000 
        time per epoch: 0.63s, dev loss -0.02, dev Sharpe: -0.61, ret: -0.3285, std: 0.5381, turnover: 0.050, short proportion: 1.000

[2026-04-24 19:57:41] INFO - Start OU preprocess
[2026-04-24 19:57:41] INFO - Finish OU preprocess
[2026-04-24 19:57:41] INFO - Epoch: 10/100, train Sharpe: 0.21, ret: 0.1273, std: 0.6090, turnover: 0.372, short proportion: 1.000 
        time per epoch: 0.27s, dev loss -0.02, dev Sharpe: -0.61, ret: -0.3285, std: 0.5381, turnover: 0.050, short proportion: 1.000

[2026-04-24 19:57:41] INFO - Reducing learning rate
[2026-04-24 19:57:44] INFO - Start OU preprocess
[2026-04-24 19:57:44] INFO - Finish OU preprocess
[2026-04-24 19:57:44] INFO - Epoch: 20/100, train Sharpe: 0.24, ret: 0.1454, std: 0.6092, turnover: 0.372, short proportion: 1.000 
        time per epoch: 0.27s, dev loss -0.02, dev Sharpe: -0.61, ret: -0.3285, std: 0.5381, turnover: 0.050, short proportion: 1.000

[2026-04-24 19:57:46] INFO - Start OU preprocess
[2026-04-24 19:57:46] INFO - Finish OU preprocess
[2026-04-24 19:57:46] INFO - Epoch: 30/100, train Sharpe: 0.20, ret: 0.1202, std: 0.6085, turnover: 0.374, short proportion: 1.000 
        time per epoch: 0.26s, dev loss -0.02, dev Sharpe: -0.61, ret: -0.3285, std: 0.5381, turnover: 0.050, short proportion: 1.000

[2026-04-24 19:57:49] INFO - Start OU preprocess
[2026-04-24 19:57:49] INFO - Finish OU preprocess
[2026-04-24 19:57:49] INFO - Epoch: 40/100, train Sharpe: 0.19, ret: 0.1176, std: 0.6107, turnover: 0.375, short proportion: 1.000 
        time per epoch: 0.26s, dev loss -0.02, dev Sharpe: -0.61, ret: -0.3285, std: 0.5381, turnover: 0.050, short proportion: 1.000

[2026-04-24 19:57:49] INFO - Reducing learning rate
[2026-04-24 19:57:51] INFO - Start OU preprocess
[2026-04-24 19:57:51] INFO - Finish OU preprocess
[2026-04-24 19:57:51] INFO - Epoch: 50/100, train Sharpe: 0.22, ret: 0.1361, std: 0.6095, turnover: 0.375, short proportion: 1.000 
        time per epoch: 0.26s, dev loss -0.02, dev Sharpe: -0.61, ret: -0.3285, std: 0.5381, turnover: 0.050, short proportion: 1.000

[2026-04-24 19:57:51] INFO - Reducing learning rate
[2026-04-24 19:57:54] INFO - Start OU preprocess
[2026-04-24 19:57:54] INFO - Finish OU preprocess
[2026-04-24 19:57:54] INFO - Epoch: 60/100, train Sharpe: 0.24, ret: 0.1435, std: 0.6082, turnover: 0.375, short proportion: 1.000 
        time per epoch: 0.26s, dev loss -0.02, dev Sharpe: -0.61, ret: -0.3285, std: 0.5381, turnover: 0.050, short proportion: 1.000

[2026-04-24 19:57:56] INFO - Start OU preprocess
[2026-04-24 19:57:56] INFO - Finish OU preprocess
[2026-04-24 19:57:56] INFO - Epoch: 70/100, train Sharpe: 0.20, ret: 0.1215, std: 0.6093, turnover: 0.374, short proportion: 1.000 
        time per epoch: 0.25s, dev loss -0.02, dev Sharpe: -0.61, ret: -0.3285, std: 0.5381, turnover: 0.050, short proportion: 1.000

[2026-04-24 19:57:56] INFO - Reducing learning rate
[2026-04-24 19:57:58] INFO - Start OU preprocess
[2026-04-24 19:57:59] INFO - Finish OU preprocess
[2026-04-24 19:57:59] INFO - Epoch: 80/100, train Sharpe: 0.24, ret: 0.1461, std: 0.6091, turnover: 0.373, short proportion: 1.000 
        time per epoch: 0.25s, dev loss -0.02, dev Sharpe: -0.61, ret: -0.3285, std: 0.5381, turnover: 0.050, short proportion: 1.000

[2026-04-24 19:58:01] INFO - Start OU preprocess
[2026-04-24 19:58:01] INFO - Finish OU preprocess
[2026-04-24 19:58:01] INFO - Epoch: 90/100, train Sharpe: 0.21, ret: 0.1267, std: 0.6097, turnover: 0.374, short proportion: 1.000 
        time per epoch: 0.25s, dev loss -0.02, dev Sharpe: -0.61, ret: -0.3285, std: 0.5381, turnover: 0.050, short proportion: 1.000

[2026-04-24 19:58:03] INFO - Training done - Model: Crypto5__OUFFN__sharpe__0trans_cost__0hold_cost__84lookback__5000length_training__holy-jennet__subperiod5, seed: 0
[2026-04-24 19:58:03] INFO - AT SUBPERIOD 6/9
[2026-04-24 19:58:03] INFO - train(): data_train.shape (5000, 70)
[2026-04-24 19:58:03] INFO - train(): assets_to_trade.shape (70,)
[2026-04-24 19:58:03] INFO - train(): T 5000 N 62
[2026-04-24 19:58:03] INFO - Start OU preprocess
[2026-04-24 19:58:04] INFO - Finish OU preprocess
[2026-04-24 19:58:04] INFO - train(): windows.shape (4916, 62, 4) idxs_selected.shape torch.Size([4916, 62])
[2026-04-24 19:58:04] INFO - epoch 0 batch 0 weights.shape torch.Size([512, 62])
[2026-04-24 19:58:04] INFO - Start OU preprocess
[2026-04-24 19:58:04] INFO - Finish OU preprocess
[2026-04-24 19:58:04] INFO - Epoch: 0/100, train Sharpe: -0.00, ret: -0.0009, std: 0.6106, turnover: 0.373, short proportion: 1.000 
        time per epoch: 0.54s, dev loss 0.06, dev Sharpe: 2.45, ret: 1.7498, std: 0.7137, turnover: 0.053, short proportion: 1.000

[2026-04-24 19:58:06] INFO - Start OU preprocess
[2026-04-24 19:58:06] INFO - Finish OU preprocess
[2026-04-24 19:58:06] INFO - Epoch: 10/100, train Sharpe: -0.07, ret: -0.0435, std: 0.6111, turnover: 0.372, short proportion: 1.000 
        time per epoch: 0.27s, dev loss 0.06, dev Sharpe: 2.45, ret: 1.7498, std: 0.7137, turnover: 0.053, short proportion: 1.000

[2026-04-24 19:58:09] INFO - Start OU preprocess
[2026-04-24 19:58:09] INFO - Finish OU preprocess
[2026-04-24 19:58:09] INFO - Epoch: 20/100, train Sharpe: -0.03, ret: -0.0200, std: 0.6109, turnover: 0.377, short proportion: 1.000 
        time per epoch: 0.26s, dev loss 0.06, dev Sharpe: 2.45, ret: 1.7498, std: 0.7137, turnover: 0.053, short proportion: 1.000

[2026-04-24 19:58:11] INFO - Start OU preprocess
[2026-04-24 19:58:11] INFO - Finish OU preprocess
[2026-04-24 19:58:11] INFO - Epoch: 30/100, train Sharpe: -0.04, ret: -0.0232, std: 0.6131, turnover: 0.379, short proportion: 1.000 
        time per epoch: 0.26s, dev loss 0.06, dev Sharpe: 2.45, ret: 1.7498, std: 0.7137, turnover: 0.053, short proportion: 1.000

[2026-04-24 19:58:13] INFO - Start OU preprocess
[2026-04-24 19:58:13] INFO - Finish OU preprocess
[2026-04-24 19:58:14] INFO - Epoch: 40/100, train Sharpe: -0.04, ret: -0.0215, std: 0.6105, turnover: 0.384, short proportion: 1.000 
        time per epoch: 0.25s, dev loss 0.06, dev Sharpe: 2.45, ret: 1.7498, std: 0.7137, turnover: 0.053, short proportion: 1.000

[2026-04-24 19:58:16] INFO - Start OU preprocess
[2026-04-24 19:58:16] INFO - Finish OU preprocess
[2026-04-24 19:58:16] INFO - Epoch: 50/100, train Sharpe: 0.01, ret: 0.0037, std: 0.6105, turnover: 0.383, short proportion: 1.000 
        time per epoch: 0.24s, dev loss 0.06, dev Sharpe: 2.45, ret: 1.7498, std: 0.7137, turnover: 0.053, short proportion: 1.000

[2026-04-24 19:58:18] INFO - Start OU preprocess
[2026-04-24 19:58:18] INFO - Finish OU preprocess
[2026-04-24 19:58:18] INFO - Epoch: 60/100, train Sharpe: -0.03, ret: -0.0213, std: 0.6133, turnover: 0.386, short proportion: 1.000 
        time per epoch: 0.24s, dev loss 0.06, dev Sharpe: 2.45, ret: 1.7498, std: 0.7137, turnover: 0.053, short proportion: 1.000

[2026-04-24 19:58:20] INFO - Start OU preprocess
[2026-04-24 19:58:20] INFO - Finish OU preprocess
[2026-04-24 19:58:20] INFO - Epoch: 70/100, train Sharpe: -0.04, ret: -0.0273, std: 0.6121, turnover: 0.380, short proportion: 1.000 
        time per epoch: 0.24s, dev loss 0.06, dev Sharpe: 2.45, ret: 1.7498, std: 0.7137, turnover: 0.053, short proportion: 1.000

[2026-04-24 19:58:22] INFO - Start OU preprocess
[2026-04-24 19:58:22] INFO - Finish OU preprocess
[2026-04-24 19:58:23] INFO - Epoch: 80/100, train Sharpe: -0.05, ret: -0.0312, std: 0.6097, turnover: 0.382, short proportion: 1.000 
        time per epoch: 0.24s, dev loss 0.06, dev Sharpe: 2.45, ret: 1.7498, std: 0.7137, turnover: 0.053, short proportion: 1.000

[2026-04-24 19:58:25] INFO - Start OU preprocess
[2026-04-24 19:58:25] INFO - Finish OU preprocess
[2026-04-24 19:58:25] INFO - Epoch: 90/100, train Sharpe: -0.02, ret: -0.0110, std: 0.6099, turnover: 0.387, short proportion: 1.000 
        time per epoch: 0.24s, dev loss 0.06, dev Sharpe: 2.45, ret: 1.7498, std: 0.7137, turnover: 0.053, short proportion: 1.000

[2026-04-24 19:58:27] INFO - Training done - Model: Crypto5__OUFFN__sharpe__0trans_cost__0hold_cost__84lookback__5000length_training__holy-jennet__subperiod6, seed: 0
[2026-04-24 19:58:27] INFO - AT SUBPERIOD 7/9
[2026-04-24 19:58:27] INFO - train(): data_train.shape (5000, 70)
[2026-04-24 19:58:27] INFO - train(): assets_to_trade.shape (70,)
[2026-04-24 19:58:27] INFO - train(): T 5000 N 62
[2026-04-24 19:58:27] INFO - Start OU preprocess
[2026-04-24 19:58:27] INFO - Finish OU preprocess
[2026-04-24 19:58:27] INFO - train(): windows.shape (4916, 62, 4) idxs_selected.shape torch.Size([4916, 62])
[2026-04-24 19:58:27] INFO - epoch 0 batch 0 weights.shape torch.Size([512, 62])
[2026-04-24 19:58:27] INFO - Start OU preprocess
[2026-04-24 19:58:27] INFO - Finish OU preprocess
[2026-04-24 19:58:28] INFO - Epoch: 0/100, train Sharpe: 0.25, ret: 0.1619, std: 0.6384, turnover: 0.373, short proportion: 1.000 
        time per epoch: 0.55s, dev loss 0.07, dev Sharpe: 2.69, ret: 1.3618, std: 0.5058, turnover: 0.059, short proportion: 1.000

[2026-04-24 19:58:30] INFO - Start OU preprocess
[2026-04-24 19:58:30] INFO - Finish OU preprocess
[2026-04-24 19:58:30] INFO - Epoch: 10/100, train Sharpe: 0.21, ret: 0.1376, std: 0.6411, turnover: 0.373, short proportion: 1.000 
        time per epoch: 0.26s, dev loss 0.07, dev Sharpe: 2.69, ret: 1.3618, std: 0.5058, turnover: 0.059, short proportion: 1.000

[2026-04-24 19:58:32] INFO - Start OU preprocess
[2026-04-24 19:58:32] INFO - Finish OU preprocess
[2026-04-24 19:58:33] INFO - Epoch: 20/100, train Sharpe: 0.26, ret: 0.1683, std: 0.6382, turnover: 0.376, short proportion: 1.000 
        time per epoch: 0.26s, dev loss 0.07, dev Sharpe: 2.69, ret: 1.3618, std: 0.5058, turnover: 0.059, short proportion: 1.000

[2026-04-24 19:58:34] INFO - Start OU preprocess
[2026-04-24 19:58:35] INFO - Finish OU preprocess
[2026-04-24 19:58:35] INFO - Epoch: 30/100, train Sharpe: 0.20, ret: 0.1247, std: 0.6383, turnover: 0.374, short proportion: 1.000 
        time per epoch: 0.25s, dev loss 0.07, dev Sharpe: 2.69, ret: 1.3618, std: 0.5058, turnover: 0.059, short proportion: 1.000

[2026-04-24 19:58:37] INFO - Start OU preprocess
[2026-04-24 19:58:37] INFO - Finish OU preprocess
[2026-04-24 19:58:37] INFO - Epoch: 40/100, train Sharpe: 0.16, ret: 0.1045, std: 0.6397, turnover: 0.374, short proportion: 1.000 
        time per epoch: 0.24s, dev loss 0.07, dev Sharpe: 2.69, ret: 1.3618, std: 0.5058, turnover: 0.059, short proportion: 1.000

[2026-04-24 19:58:39] INFO - Start OU preprocess
[2026-04-24 19:58:39] INFO - Finish OU preprocess
[2026-04-24 19:58:39] INFO - Epoch: 50/100, train Sharpe: 0.24, ret: 0.1511, std: 0.6388, turnover: 0.370, short proportion: 1.000 
        time per epoch: 0.24s, dev loss 0.07, dev Sharpe: 2.69, ret: 1.3619, std: 0.5058, turnover: 0.059, short proportion: 1.000

[2026-04-24 19:58:41] INFO - Start OU preprocess
[2026-04-24 19:58:42] INFO - Finish OU preprocess
[2026-04-24 19:58:42] INFO - Epoch: 60/100, train Sharpe: 0.21, ret: 0.1344, std: 0.6380, turnover: 0.366, short proportion: 1.000 
        time per epoch: 0.24s, dev loss 0.07, dev Sharpe: 2.69, ret: 1.3619, std: 0.5058, turnover: 0.059, short proportion: 1.000

[2026-04-24 19:58:44] INFO - Start OU preprocess
[2026-04-24 19:58:44] INFO - Finish OU preprocess
[2026-04-24 19:58:44] INFO - Epoch: 70/100, train Sharpe: 0.24, ret: 0.1549, std: 0.6386, turnover: 0.371, short proportion: 1.000 
        time per epoch: 0.24s, dev loss 0.07, dev Sharpe: 2.69, ret: 1.3619, std: 0.5057, turnover: 0.059, short proportion: 1.000

[2026-04-24 19:58:46] INFO - Start OU preprocess
[2026-04-24 19:58:46] INFO - Finish OU preprocess
[2026-04-24 19:58:47] INFO - Epoch: 80/100, train Sharpe: 0.20, ret: 0.1252, std: 0.6385, turnover: 0.373, short proportion: 1.000 
        time per epoch: 0.24s, dev loss 0.07, dev Sharpe: 2.69, ret: 1.3619, std: 0.5057, turnover: 0.059, short proportion: 1.000

[2026-04-24 19:58:49] INFO - Start OU preprocess
[2026-04-24 19:58:49] INFO - Finish OU preprocess
[2026-04-24 19:58:49] INFO - Epoch: 90/100, train Sharpe: 0.20, ret: 0.1285, std: 0.6390, turnover: 0.377, short proportion: 1.000 
        time per epoch: 0.24s, dev loss 0.07, dev Sharpe: 2.69, ret: 1.3619, std: 0.5057, turnover: 0.059, short proportion: 1.000

[2026-04-24 19:58:52] INFO - Training done - Model: Crypto5__OUFFN__sharpe__0trans_cost__0hold_cost__84lookback__5000length_training__holy-jennet__subperiod7, seed: 0
[2026-04-24 19:58:52] INFO - AT SUBPERIOD 8/9
[2026-04-24 19:58:52] INFO - train(): data_train.shape (5000, 70)
[2026-04-24 19:58:52] INFO - train(): assets_to_trade.shape (70,)
[2026-04-24 19:58:52] INFO - train(): T 5000 N 62
[2026-04-24 19:58:52] INFO - Start OU preprocess
[2026-04-24 19:58:52] INFO - Finish OU preprocess
[2026-04-24 19:58:52] INFO - train(): windows.shape (4916, 62, 4) idxs_selected.shape torch.Size([4916, 62])
[2026-04-24 19:58:52] INFO - epoch 0 batch 0 weights.shape torch.Size([512, 62])
[2026-04-24 19:58:52] INFO - Start OU preprocess
[2026-04-24 19:58:52] INFO - Finish OU preprocess
[2026-04-24 19:58:52] INFO - Epoch: 0/100, train Sharpe: 0.60, ret: 0.3881, std: 0.6427, turnover: 0.373, short proportion: 1.000 
        time per epoch: 0.50s, dev loss -0.01, dev Sharpe: -0.48, ret: -0.2053, std: 0.4286, turnover: 0.017, short proportion: 1.000

[2026-04-24 19:58:55] INFO - Start OU preprocess
[2026-04-24 19:58:55] INFO - Finish OU preprocess
[2026-04-24 19:58:55] INFO - Epoch: 10/100, train Sharpe: 0.65, ret: 0.4196, std: 0.6436, turnover: 0.371, short proportion: 1.000 
        time per epoch: 0.27s, dev loss -0.01, dev Sharpe: -0.48, ret: -0.2053, std: 0.4286, turnover: 0.017, short proportion: 1.000

[2026-04-24 19:58:57] INFO - Start OU preprocess
[2026-04-24 19:58:57] INFO - Finish OU preprocess
[2026-04-24 19:58:57] INFO - Epoch: 20/100, train Sharpe: 0.68, ret: 0.4338, std: 0.6422, turnover: 0.371, short proportion: 1.000 
        time per epoch: 0.26s, dev loss -0.01, dev Sharpe: -0.48, ret: -0.2053, std: 0.4286, turnover: 0.017, short proportion: 1.000

[2026-04-24 19:59:00] INFO - Start OU preprocess
[2026-04-24 19:59:00] INFO - Finish OU preprocess
[2026-04-24 19:59:00] INFO - Epoch: 30/100, train Sharpe: 0.61, ret: 0.3958, std: 0.6436, turnover: 0.371, short proportion: 1.000 
        time per epoch: 0.26s, dev loss -0.01, dev Sharpe: -0.48, ret: -0.2053, std: 0.4286, turnover: 0.017, short proportion: 1.000

[2026-04-24 19:59:02] INFO - Start OU preprocess
[2026-04-24 19:59:02] INFO - Finish OU preprocess
[2026-04-24 19:59:02] INFO - Epoch: 40/100, train Sharpe: 0.63, ret: 0.4027, std: 0.6421, turnover: 0.371, short proportion: 1.000 
        time per epoch: 0.25s, dev loss -0.01, dev Sharpe: -0.48, ret: -0.2053, std: 0.4286, turnover: 0.017, short proportion: 1.000

[2026-04-24 19:59:04] INFO - Start OU preprocess
[2026-04-24 19:59:04] INFO - Finish OU preprocess
[2026-04-24 19:59:04] INFO - Epoch: 50/100, train Sharpe: 0.63, ret: 0.4039, std: 0.6421, turnover: 0.371, short proportion: 1.000 
        time per epoch: 0.25s, dev loss -0.01, dev Sharpe: -0.48, ret: -0.2053, std: 0.4286, turnover: 0.017, short proportion: 1.000

[2026-04-24 19:59:06] INFO - Start OU preprocess
[2026-04-24 19:59:06] INFO - Finish OU preprocess
[2026-04-24 19:59:07] INFO - Epoch: 60/100, train Sharpe: 0.60, ret: 0.3850, std: 0.6439, turnover: 0.370, short proportion: 1.000 
        time per epoch: 0.24s, dev loss -0.01, dev Sharpe: -0.48, ret: -0.2053, std: 0.4286, turnover: 0.017, short proportion: 1.000

[2026-04-24 19:59:07] INFO - Reducing learning rate
[2026-04-24 19:59:09] INFO - Start OU preprocess
[2026-04-24 19:59:09] INFO - Finish OU preprocess
[2026-04-24 19:59:09] INFO - Epoch: 70/100, train Sharpe: 0.62, ret: 0.4013, std: 0.6450, turnover: 0.371, short proportion: 1.000 
        time per epoch: 0.24s, dev loss -0.01, dev Sharpe: -0.48, ret: -0.2053, std: 0.4286, turnover: 0.017, short proportion: 1.000

[2026-04-24 19:59:11] INFO - Start OU preprocess
[2026-04-24 19:59:11] INFO - Finish OU preprocess
[2026-04-24 19:59:11] INFO - Epoch: 80/100, train Sharpe: 0.68, ret: 0.4361, std: 0.6428, turnover: 0.371, short proportion: 1.000 
        time per epoch: 0.24s, dev loss -0.01, dev Sharpe: -0.48, ret: -0.2053, std: 0.4286, turnover: 0.017, short proportion: 1.000

[2026-04-24 19:59:14] INFO - Start OU preprocess
[2026-04-24 19:59:14] INFO - Finish OU preprocess
[2026-04-24 19:59:14] INFO - Epoch: 90/100, train Sharpe: 0.64, ret: 0.4104, std: 0.6435, turnover: 0.373, short proportion: 1.000 
        time per epoch: 0.24s, dev loss -0.01, dev Sharpe: -0.48, ret: -0.2053, std: 0.4286, turnover: 0.017, short proportion: 1.000

[2026-04-24 19:59:16] INFO - Training done - Model: Crypto5__OUFFN__sharpe__0trans_cost__0hold_cost__84lookback__5000length_training__holy-jennet__subperiod8, seed: 0
[2026-04-24 19:59:16] INFO - TRAIN/TEST COMPLETE
[2026-04-24 19:59:16] INFO - ==> Sharpe: 0.86, ret: 0.5446, std: 0.6355, turnover: 0.0498, short_proportion: 1.0000
